[0.030s] Invoking command in '/home/alw82/ros2_ws/build/alw82_major_project': CMAKE_PREFIX_PATH=/opt/ros/humble /usr/bin/cmake --build /home/alw82/ros2_ws/build/alw82_major_project -- -j24 -l24
[0.063s] [35m[1mConsolidate compiler generated dependencies of target helloWorld[0m
[0.068s] [100%] Built target helloWorld
[0.073s] Invoked command in '/home/alw82/ros2_ws/build/alw82_major_project' returned '0': CMAKE_PREFIX_PATH=/opt/ros/humble /usr/bin/cmake --build /home/alw82/ros2_ws/build/alw82_major_project -- -j24 -l24
[0.089s] Invoking command in '/home/alw82/ros2_ws/build/alw82_major_project': CMAKE_PREFIX_PATH=/opt/ros/humble /usr/bin/cmake --install /home/alw82/ros2_ws/build/alw82_major_project
[0.091s] -- Install configuration: ""
[0.092s] -- Up-to-date: /home/alw82/ros2_ws/install/alw82_major_project/lib/alw82_major_project/helloWorld
[0.092s] -- Up-to-date: /home/alw82/ros2_ws/install/alw82_major_project/share/alw82_major_project//launch
[0.092s] -- Installing: /home/alw82/ros2_ws/install/alw82_major_project/share/alw82_major_project//launch/alw82_major_project.launch.xml
[0.092s] -- Up-to-date: /home/alw82/ros2_ws/install/alw82_major_project/share/alw82_major_project//launch/tiago_assignment.launch.xml
[0.092s] -- Up-to-date: /home/alw82/ros2_ws/install/alw82_major_project/share/alw82_major_project//launch/colour_detector.launch.xml
[0.092s] -- Up-to-date: /home/alw82/ros2_ws/install/alw82_major_project/share/ament_index/resource_index/package_run_dependencies/alw82_major_project
[0.092s] -- Up-to-date: /home/alw82/ros2_ws/install/alw82_major_project/share/ament_index/resource_index/parent_prefix_path/alw82_major_project
[0.092s] -- Up-to-date: /home/alw82/ros2_ws/install/alw82_major_project/share/alw82_major_project/environment/ament_prefix_path.sh
[0.092s] -- Up-to-date: /home/alw82/ros2_ws/install/alw82_major_project/share/alw82_major_project/environment/ament_prefix_path.dsv
[0.092s] -- Up-to-date: /home/alw82/ros2_ws/install/alw82_major_project/share/alw82_major_project/environment/path.sh
[0.092s] -- Up-to-date: /home/alw82/ros2_ws/install/alw82_major_project/share/alw82_major_project/environment/path.dsv
[0.092s] -- Up-to-date: /home/alw82/ros2_ws/install/alw82_major_project/share/alw82_major_project/local_setup.bash
[0.092s] -- Up-to-date: /home/alw82/ros2_ws/install/alw82_major_project/share/alw82_major_project/local_setup.sh
[0.092s] -- Up-to-date: /home/alw82/ros2_ws/install/alw82_major_project/share/alw82_major_project/local_setup.zsh
[0.092s] -- Up-to-date: /home/alw82/ros2_ws/install/alw82_major_project/share/alw82_major_project/local_setup.dsv
[0.092s] -- Up-to-date: /home/alw82/ros2_ws/install/alw82_major_project/share/alw82_major_project/package.dsv
[0.093s] -- Up-to-date: /home/alw82/ros2_ws/install/alw82_major_project/share/ament_index/resource_index/packages/alw82_major_project
[0.093s] -- Up-to-date: /home/alw82/ros2_ws/install/alw82_major_project/share/alw82_major_project/cmake/alw82_major_projectConfig.cmake
[0.093s] -- Up-to-date: /home/alw82/ros2_ws/install/alw82_major_project/share/alw82_major_project/cmake/alw82_major_projectConfig-version.cmake
[0.093s] -- Up-to-date: /home/alw82/ros2_ws/install/alw82_major_project/share/alw82_major_project/package.xml
[0.094s] Invoked command in '/home/alw82/ros2_ws/build/alw82_major_project' returned '0': CMAKE_PREFIX_PATH=/opt/ros/humble /usr/bin/cmake --install /home/alw82/ros2_ws/build/alw82_major_project
