[0.158s] Invoking command in '/home/alw82/ros2_ws/build/gazebo_ros_ackermann_drive_4wd': CMAKE_PREFIX_PATH=${CMAKE_PREFIX_PATH}:/home/alw82/ros2_ws/install/opencv_tools:/opt/ros/humble /usr/bin/cmake --build /home/alw82/ros2_ws/build/gazebo_ros_ackermann_drive_4wd -- -j24 -l24
[0.315s] [100%] Built target gazebo_ros_ackermann_drive_4wd
[0.319s] Invoked command in '/home/alw82/ros2_ws/build/gazebo_ros_ackermann_drive_4wd' returned '0': CMAKE_PREFIX_PATH=${CMAKE_PREFIX_PATH}:/home/alw82/ros2_ws/install/opencv_tools:/opt/ros/humble /usr/bin/cmake --build /home/alw82/ros2_ws/build/gazebo_ros_ackermann_drive_4wd -- -j24 -l24
[0.334s] Invoking command in '/home/alw82/ros2_ws/build/gazebo_ros_ackermann_drive_4wd': CMAKE_PREFIX_PATH=${CMAKE_PREFIX_PATH}:/home/alw82/ros2_ws/install/opencv_tools:/opt/ros/humble /usr/bin/cmake --install /home/alw82/ros2_ws/build/gazebo_ros_ackermann_drive_4wd
[0.340s] -- Install configuration: ""
[0.340s] -- Up-to-date: /home/alw82/ros2_ws/install/gazebo_ros_ackermann_drive_4wd/share/gazebo_ros_ackermann_drive_4wd/environment/library_path.sh
[0.340s] -- Up-to-date: /home/alw82/ros2_ws/install/gazebo_ros_ackermann_drive_4wd/share/gazebo_ros_ackermann_drive_4wd/environment/library_path.dsv
[0.340s] -- Up-to-date: /home/alw82/ros2_ws/install/gazebo_ros_ackermann_drive_4wd/include
[0.340s] -- Up-to-date: /home/alw82/ros2_ws/install/gazebo_ros_ackermann_drive_4wd/lib/libgazebo_ros_ackermann_drive_4wd.so
[0.340s] -- Up-to-date: /home/alw82/ros2_ws/install/gazebo_ros_ackermann_drive_4wd/share/ament_index/resource_index/package_run_dependencies/gazebo_ros_ackermann_drive_4wd
[0.340s] -- Up-to-date: /home/alw82/ros2_ws/install/gazebo_ros_ackermann_drive_4wd/share/ament_index/resource_index/parent_prefix_path/gazebo_ros_ackermann_drive_4wd
[0.340s] -- Up-to-date: /home/alw82/ros2_ws/install/gazebo_ros_ackermann_drive_4wd/share/gazebo_ros_ackermann_drive_4wd/environment/ament_prefix_path.sh
[0.340s] -- Up-to-date: /home/alw82/ros2_ws/install/gazebo_ros_ackermann_drive_4wd/share/gazebo_ros_ackermann_drive_4wd/environment/ament_prefix_path.dsv
[0.341s] -- Up-to-date: /home/alw82/ros2_ws/install/gazebo_ros_ackermann_drive_4wd/share/gazebo_ros_ackermann_drive_4wd/environment/path.sh
[0.341s] -- Up-to-date: /home/alw82/ros2_ws/install/gazebo_ros_ackermann_drive_4wd/share/gazebo_ros_ackermann_drive_4wd/environment/path.dsv
[0.341s] -- Up-to-date: /home/alw82/ros2_ws/install/gazebo_ros_ackermann_drive_4wd/share/gazebo_ros_ackermann_drive_4wd/local_setup.bash
[0.341s] -- Up-to-date: /home/alw82/ros2_ws/install/gazebo_ros_ackermann_drive_4wd/share/gazebo_ros_ackermann_drive_4wd/local_setup.sh
[0.341s] -- Up-to-date: /home/alw82/ros2_ws/install/gazebo_ros_ackermann_drive_4wd/share/gazebo_ros_ackermann_drive_4wd/local_setup.zsh
[0.341s] -- Up-to-date: /home/alw82/ros2_ws/install/gazebo_ros_ackermann_drive_4wd/share/gazebo_ros_ackermann_drive_4wd/local_setup.dsv
[0.341s] -- Installing: /home/alw82/ros2_ws/install/gazebo_ros_ackermann_drive_4wd/share/gazebo_ros_ackermann_drive_4wd/package.dsv
[0.341s] -- Up-to-date: /home/alw82/ros2_ws/install/gazebo_ros_ackermann_drive_4wd/share/ament_index/resource_index/packages/gazebo_ros_ackermann_drive_4wd
[0.341s] -- Up-to-date: /home/alw82/ros2_ws/install/gazebo_ros_ackermann_drive_4wd/share/gazebo_ros_ackermann_drive_4wd/cmake/ament_cmake_export_libraries-extras.cmake
[0.341s] -- Up-to-date: /home/alw82/ros2_ws/install/gazebo_ros_ackermann_drive_4wd/share/gazebo_ros_ackermann_drive_4wd/cmake/ament_cmake_export_dependencies-extras.cmake
[0.341s] -- Up-to-date: /home/alw82/ros2_ws/install/gazebo_ros_ackermann_drive_4wd/share/gazebo_ros_ackermann_drive_4wd/cmake/ament_cmake_export_include_directories-extras.cmake
[0.341s] -- Up-to-date: /home/alw82/ros2_ws/install/gazebo_ros_ackermann_drive_4wd/share/gazebo_ros_ackermann_drive_4wd/cmake/gazebo_ros_ackermann_drive_4wdConfig.cmake
[0.342s] -- Up-to-date: /home/alw82/ros2_ws/install/gazebo_ros_ackermann_drive_4wd/share/gazebo_ros_ackermann_drive_4wd/cmake/gazebo_ros_ackermann_drive_4wdConfig-version.cmake
[0.342s] -- Up-to-date: /home/alw82/ros2_ws/install/gazebo_ros_ackermann_drive_4wd/share/gazebo_ros_ackermann_drive_4wd/package.xml
[0.372s] Invoked command in '/home/alw82/ros2_ws/build/gazebo_ros_ackermann_drive_4wd' returned '0': CMAKE_PREFIX_PATH=${CMAKE_PREFIX_PATH}:/home/alw82/ros2_ws/install/opencv_tools:/opt/ros/humble /usr/bin/cmake --install /home/alw82/ros2_ws/build/gazebo_ros_ackermann_drive_4wd
