-- The C compiler identification is GNU 11.4.0
-- The CXX compiler identification is GNU 11.4.0
-- Detecting C compiler ABI info
-- Detecting C compiler ABI info - done
-- Check for working C compiler: /usr/bin/cc - skipped
-- Detecting C compile features
-- Detecting C compile features - done
-- Detecting CXX compiler ABI info
-- Detecting CXX compiler ABI info - done
-- Check for working CXX compiler: /usr/bin/c++ - skipped
-- Detecting CXX compile features
-- Detecting CXX compile features - done
-- Found ament_cmake: 1.3.7 (/opt/ros/humble/share/ament_cmake/cmake)
-- Found Python3: /usr/bin/python3.10 (found version "3.10.12") found components: Interpreter 
-- Found rclcpp: 16.0.8 (/opt/ros/humble/share/rclcpp/cmake)
-- Found rosidl_generator_c: 3.1.5 (/opt/ros/humble/share/rosidl_generator_c/cmake)
-- Found rosidl_adapter: 3.1.5 (/opt/ros/humble/share/rosidl_adapter/cmake)
-- Found rosidl_generator_cpp: 3.1.5 (/opt/ros/humble/share/rosidl_generator_cpp/cmake)
-- Using all available rosidl_typesupport_c: rosidl_typesupport_fastrtps_c;rosidl_typesupport_introspection_c
-- Using all available rosidl_typesupport_cpp: rosidl_typesupport_fastrtps_cpp;rosidl_typesupport_introspection_cpp
-- Found rmw_implementation_cmake: 6.1.1 (/opt/ros/humble/share/rmw_implementation_cmake/cmake)
-- Found rmw_fastrtps_cpp: 6.2.6 (/opt/ros/humble/share/rmw_fastrtps_cpp/cmake)
-- Found OpenSSL: /usr/lib/x86_64-linux-gnu/libcrypto.so (found version "3.0.2")  
-- Found FastRTPS: /opt/ros/humble/include  
-- Using RMW implementation 'rmw_fastrtps_cpp' as default
-- Looking for pthread.h
-- Looking for pthread.h - found
-- Performing Test CMAKE_HAVE_LIBC_PTHREAD
-- Performing Test CMAKE_HAVE_LIBC_PTHREAD - Success
-- Found Threads: TRUE  
-- Found geometry_msgs: 4.2.3 (/opt/ros/humble/share/geometry_msgs/cmake)
-- Found sensor_msgs: 4.2.3 (/opt/ros/humble/share/sensor_msgs/cmake)
-- Found OpenCV: /usr (found version "4.5.4") 
-- Found image_transport: 3.1.8 (/opt/ros/humble/share/image_transport/cmake)
-- Found cv_bridge: 3.2.1 (/opt/ros/humble/share/cv_bridge/cmake)
-- Found tf2: 0.25.5 (/opt/ros/humble/share/tf2/cmake)
-- Found tf2_ros: 0.25.5 (/opt/ros/humble/share/tf2_ros/cmake)
-- Found control_msgs: 4.4.0 (/opt/ros/humble/share/control_msgs/cmake)
-- Found moveit_ros_planning_interface: 2.5.5 (/opt/ros/humble/share/moveit_ros_planning_interface/cmake)
-- Found Boost: /usr/lib/x86_64-linux-gnu/cmake/Boost-1.74.0/BoostConfig.cmake (found version "1.74.0") found components: date_time filesystem program_options system thread 
-- Found Boost: /usr/lib/x86_64-linux-gnu/cmake/Boost-1.74.0/BoostConfig.cmake (found version "1.74.0") found components: chrono date_time filesystem iostreams program_options regex serialization system thread 
-- Found parameter_traits: 0.3.7 (/opt/ros/humble/share/parameter_traits/cmake)
-- Found rclcpp_lifecycle: 16.0.8 (/opt/ros/humble/share/rclcpp_lifecycle/cmake)
-- Found Boost: /usr/lib/x86_64-linux-gnu/cmake/Boost-1.74.0/BoostConfig.cmake (found version "1.74.0") found components: filesystem 
-- library: /usr/lib/x86_64-linux-gnu/libcurl.so
-- Found Eigen3: TRUE (found version "3.4.0") 
-- Ensuring Eigen3 include directory is part of orocos-kdl CMake target
-- Found Boost: /usr/lib/x86_64-linux-gnu/cmake/Boost-1.74.0/BoostConfig.cmake (found version "1.74.0") found components: system filesystem date_time program_options thread chrono 
-- Found Boost: /usr/lib/x86_64-linux-gnu/cmake/Boost-1.74.0/BoostConfig.cmake (found version "1.74.0") found components: thread system filesystem regex date_time program_options 
-- Found Boost: /usr/lib/x86_64-linux-gnu/cmake/Boost-1.74.0/BoostConfig.cmake (found version "1.74.0") found components: system filesystem date_time program_options thread 
-- Found ament_lint_auto: 0.12.10 (/opt/ros/humble/share/ament_lint_auto/cmake)
-- Added test 'cppcheck' to perform static code analysis on C / C++ code
-- Configured cppcheck include dirs: $<BUILD_INTERFACE:/home/alw82/ros2_ws/src/alw82_ros360_cpp/include>
-- Configured cppcheck exclude dirs and/or files: 
-- Added test 'lint_cmake' to check CMake code style
-- Added test 'uncrustify' to check C / C++ code style
-- Configured uncrustify additional arguments: 
-- Added test 'xmllint' to check XML markup files
-- Configuring done
-- Generating done
-- Build files have been written to: /home/alw82/ros2_ws/build/alw82_ros360_cpp
[  7%] [32mBuilding CXX object CMakeFiles/randomTurtle.dir/src/randomTurtle.cpp.o[0m
[  7%] [32mBuilding CXX object CMakeFiles/velodyneSubscriber.dir/src/velodyneSub.cpp.o[0m
[ 11%] [32mBuilding CXX object CMakeFiles/examplePublisher.dir/src/examplePublisher.cpp.o[0m
[ 15%] [32mBuilding CXX object CMakeFiles/colourClient.dir/src/colourClient.cpp.o[0m
[ 19%] [32mBuilding CXX object CMakeFiles/pmb2_track.dir/src/pmb2_track.cpp.o[0m
[ 23%] [32mBuilding CXX object CMakeFiles/exampleSubscriber.dir/src/exampleSubscriber.cpp.o[0m
[ 26%] [32mBuilding CXX object CMakeFiles/tiagoColourFinder.dir/src/tiagoColourFinder.cpp.o[0m
[ 30%] [32mBuilding CXX object CMakeFiles/helloWorld.dir/src/helloWorld.cpp.o[0m
[ 34%] [32mBuilding CXX object CMakeFiles/tiagoColourFinderWithHead.dir/src/tiagoColourFinderWithHead.cpp.o[0m
[ 38%] [32mBuilding CXX object CMakeFiles/depthSubscriber.dir/src/depthSubscriber.cpp.o[0m
[ 42%] [32mBuilding CXX object CMakeFiles/torsoCtrl.dir/src/torsoCtrl.cpp.o[0m
[ 46%] [32mBuilding CXX object CMakeFiles/headCtrl.dir/src/headCtrl.cpp.o[0m
[ 50%] [32mBuilding CXX object CMakeFiles/alw82Assignment.dir/src/alw82Assignment.cpp.o[0m
[ 53%] [32m[1mLinking CXX executable helloWorld[0m
[ 53%] Built target helloWorld
[ 57%] [32m[1mLinking CXX executable colourClient[0m
[ 57%] Built target colourClient
[ 61%] [32m[1mLinking CXX executable examplePublisher[0m
[ 61%] Built target examplePublisher
[ 65%] [32m[1mLinking CXX executable torsoCtrl[0m
[ 65%] Built target torsoCtrl
[ 69%] [32m[1mLinking CXX executable headCtrl[0m
[ 69%] Built target headCtrl
[ 73%] [32m[1mLinking CXX executable exampleSubscriber[0m
[ 73%] Built target exampleSubscriber
[ 76%] [32m[1mLinking CXX executable velodyneSubscriber[0m
[ 80%] [32m[1mLinking CXX executable pmb2_track[0m
[ 84%] [32m[1mLinking CXX executable randomTurtle[0m
[ 84%] Built target velodyneSubscriber
[ 84%] Built target pmb2_track
[ 88%] [32m[1mLinking CXX executable tiagoColourFinder[0m
[ 88%] Built target randomTurtle
[ 88%] Built target tiagoColourFinder
[ 92%] [32m[1mLinking CXX executable tiagoColourFinderWithHead[0m
[ 92%] Built target tiagoColourFinderWithHead
[ 96%] [32m[1mLinking CXX executable depthSubscriber[0m
[ 96%] Built target depthSubscriber
[100%] [32m[1mLinking CXX executable alw82Assignment[0m
[100%] Built target alw82Assignment
-- Install configuration: ""
-- Installing: /home/alw82/ros2_ws/install/alw82_ros360_cpp/lib/alw82_ros360_cpp/helloWorld
-- Installing: /home/alw82/ros2_ws/install/alw82_ros360_cpp/lib/alw82_ros360_cpp/examplePublisher
-- Set runtime path of "/home/alw82/ros2_ws/install/alw82_ros360_cpp/lib/alw82_ros360_cpp/examplePublisher" to ""
-- Installing: /home/alw82/ros2_ws/install/alw82_ros360_cpp/lib/alw82_ros360_cpp/exampleSubscriber
-- Set runtime path of "/home/alw82/ros2_ws/install/alw82_ros360_cpp/lib/alw82_ros360_cpp/exampleSubscriber" to ""
-- Installing: /home/alw82/ros2_ws/install/alw82_ros360_cpp/lib/alw82_ros360_cpp/randomTurtle
-- Set runtime path of "/home/alw82/ros2_ws/install/alw82_ros360_cpp/lib/alw82_ros360_cpp/randomTurtle" to ""
-- Installing: /home/alw82/ros2_ws/install/alw82_ros360_cpp/lib/alw82_ros360_cpp/velodyneSubscriber
-- Set runtime path of "/home/alw82/ros2_ws/install/alw82_ros360_cpp/lib/alw82_ros360_cpp/velodyneSubscriber" to ""
-- Installing: /home/alw82/ros2_ws/install/alw82_ros360_cpp/lib/alw82_ros360_cpp/pmb2_track
-- Set runtime path of "/home/alw82/ros2_ws/install/alw82_ros360_cpp/lib/alw82_ros360_cpp/pmb2_track" to ""
-- Installing: /home/alw82/ros2_ws/install/alw82_ros360_cpp/lib/alw82_ros360_cpp/tiagoColourFinder
-- Set runtime path of "/home/alw82/ros2_ws/install/alw82_ros360_cpp/lib/alw82_ros360_cpp/tiagoColourFinder" to ""
-- Installing: /home/alw82/ros2_ws/install/alw82_ros360_cpp/lib/alw82_ros360_cpp/colourClient
-- Set runtime path of "/home/alw82/ros2_ws/install/alw82_ros360_cpp/lib/alw82_ros360_cpp/colourClient" to ""
-- Installing: /home/alw82/ros2_ws/install/alw82_ros360_cpp/lib/alw82_ros360_cpp/depthSubscriber
-- Set runtime path of "/home/alw82/ros2_ws/install/alw82_ros360_cpp/lib/alw82_ros360_cpp/depthSubscriber" to ""
-- Installing: /home/alw82/ros2_ws/install/alw82_ros360_cpp/lib/alw82_ros360_cpp/headCtrl
-- Set runtime path of "/home/alw82/ros2_ws/install/alw82_ros360_cpp/lib/alw82_ros360_cpp/headCtrl" to ""
-- Installing: /home/alw82/ros2_ws/install/alw82_ros360_cpp/lib/alw82_ros360_cpp/torsoCtrl
-- Set runtime path of "/home/alw82/ros2_ws/install/alw82_ros360_cpp/lib/alw82_ros360_cpp/torsoCtrl" to ""
-- Installing: /home/alw82/ros2_ws/install/alw82_ros360_cpp/lib/alw82_ros360_cpp/tiagoColourFinderWithHead
-- Set runtime path of "/home/alw82/ros2_ws/install/alw82_ros360_cpp/lib/alw82_ros360_cpp/tiagoColourFinderWithHead" to ""
-- Installing: /home/alw82/ros2_ws/install/alw82_ros360_cpp/lib/alw82_ros360_cpp/alw82Assignment
-- Set runtime path of "/home/alw82/ros2_ws/install/alw82_ros360_cpp/lib/alw82_ros360_cpp/alw82Assignment" to ""
-- Installing: /home/alw82/ros2_ws/install/alw82_ros360_cpp/share/alw82_ros360_cpp//launch
-- Installing: /home/alw82/ros2_ws/install/alw82_ros360_cpp/share/alw82_ros360_cpp//launch/pmb2_track.launch.xml
-- Installing: /home/alw82/ros2_ws/install/alw82_ros360_cpp/share/alw82_ros360_cpp//launch/colour_detector.launch.xml:Zone.Identifier
-- Installing: /home/alw82/ros2_ws/install/alw82_ros360_cpp/share/alw82_ros360_cpp//launch/tiago_assignment.launch.xml:Zone.Identifier
-- Installing: /home/alw82/ros2_ws/install/alw82_ros360_cpp/share/alw82_ros360_cpp//launch/tiago_blocks.launch.xml:Zone.Identifier
-- Installing: /home/alw82/ros2_ws/install/alw82_ros360_cpp/share/alw82_ros360_cpp//launch/tiago_assignment.launch.xml
-- Installing: /home/alw82/ros2_ws/install/alw82_ros360_cpp/share/alw82_ros360_cpp//launch/colour_detector.launch.xml
-- Installing: /home/alw82/ros2_ws/install/alw82_ros360_cpp/share/alw82_ros360_cpp//launch/pmb2_track.launch.xml:Zone.Identifier
-- Installing: /home/alw82/ros2_ws/install/alw82_ros360_cpp/share/alw82_ros360_cpp//launch/tiago_blocks.launch.xml
-- Installing: /home/alw82/ros2_ws/install/alw82_ros360_cpp/share/ament_index/resource_index/package_run_dependencies/alw82_ros360_cpp
-- Installing: /home/alw82/ros2_ws/install/alw82_ros360_cpp/share/ament_index/resource_index/parent_prefix_path/alw82_ros360_cpp
-- Installing: /home/alw82/ros2_ws/install/alw82_ros360_cpp/share/alw82_ros360_cpp/environment/ament_prefix_path.sh
-- Installing: /home/alw82/ros2_ws/install/alw82_ros360_cpp/share/alw82_ros360_cpp/environment/ament_prefix_path.dsv
-- Installing: /home/alw82/ros2_ws/install/alw82_ros360_cpp/share/alw82_ros360_cpp/environment/path.sh
-- Installing: /home/alw82/ros2_ws/install/alw82_ros360_cpp/share/alw82_ros360_cpp/environment/path.dsv
-- Installing: /home/alw82/ros2_ws/install/alw82_ros360_cpp/share/alw82_ros360_cpp/local_setup.bash
-- Installing: /home/alw82/ros2_ws/install/alw82_ros360_cpp/share/alw82_ros360_cpp/local_setup.sh
-- Installing: /home/alw82/ros2_ws/install/alw82_ros360_cpp/share/alw82_ros360_cpp/local_setup.zsh
-- Installing: /home/alw82/ros2_ws/install/alw82_ros360_cpp/share/alw82_ros360_cpp/local_setup.dsv
-- Installing: /home/alw82/ros2_ws/install/alw82_ros360_cpp/share/alw82_ros360_cpp/package.dsv
-- Installing: /home/alw82/ros2_ws/install/alw82_ros360_cpp/share/ament_index/resource_index/packages/alw82_ros360_cpp
-- Installing: /home/alw82/ros2_ws/install/alw82_ros360_cpp/share/alw82_ros360_cpp/cmake/alw82_ros360_cppConfig.cmake
-- Installing: /home/alw82/ros2_ws/install/alw82_ros360_cpp/share/alw82_ros360_cpp/cmake/alw82_ros360_cppConfig-version.cmake
-- Installing: /home/alw82/ros2_ws/install/alw82_ros360_cpp/share/alw82_ros360_cpp/package.xml
