[0.191s] Invoking command in '/home/alw82/ros2_ws/build/alw82_ros360_cpp': CMAKE_PREFIX_PATH=/opt/ros/humble /usr/bin/cmake /home/alw82/ros2_ws/src/alw82_ros360_cpp -DCMAKE_INSTALL_PREFIX=/home/alw82/ros2_ws/install/alw82_ros360_cpp
[0.344s] -- The C compiler identification is GNU 11.4.0
[0.726s] -- The CXX compiler identification is GNU 11.4.0
[0.993s] -- Detecting C compiler ABI info
[1.088s] -- Detecting C compiler ABI info - done
[1.091s] -- Check for working C compiler: /usr/bin/cc - skipped
[1.092s] -- Detecting C compile features
[1.092s] -- Detecting C compile features - done
[1.093s] -- Detecting CXX compiler ABI info
[1.178s] -- Detecting CXX compiler ABI info - done
[1.183s] -- Check for working CXX compiler: /usr/bin/c++ - skipped
[1.183s] -- Detecting CXX compile features
[1.183s] -- Detecting CXX compile features - done
[1.186s] -- Found ament_cmake: 1.3.7 (/opt/ros/humble/share/ament_cmake/cmake)
[1.275s] -- Found Python3: /usr/bin/python3.10 (found version "3.10.12") found components: Interpreter 
[1.338s] -- Found rclcpp: 16.0.8 (/opt/ros/humble/share/rclcpp/cmake)
[1.422s] -- Found rosidl_generator_c: 3.1.5 (/opt/ros/humble/share/rosidl_generator_c/cmake)
[1.424s] -- Found rosidl_adapter: 3.1.5 (/opt/ros/humble/share/rosidl_adapter/cmake)
[1.430s] -- Found rosidl_generator_cpp: 3.1.5 (/opt/ros/humble/share/rosidl_generator_cpp/cmake)
[1.443s] -- Using all available rosidl_typesupport_c: rosidl_typesupport_fastrtps_c;rosidl_typesupport_introspection_c
[1.458s] -- Using all available rosidl_typesupport_cpp: rosidl_typesupport_fastrtps_cpp;rosidl_typesupport_introspection_cpp
[1.512s] -- Found rmw_implementation_cmake: 6.1.1 (/opt/ros/humble/share/rmw_implementation_cmake/cmake)
[1.515s] -- Found rmw_fastrtps_cpp: 6.2.6 (/opt/ros/humble/share/rmw_fastrtps_cpp/cmake)
[1.780s] -- Found OpenSSL: /usr/lib/x86_64-linux-gnu/libcrypto.so (found version "3.0.2")  
[2.110s] -- Found FastRTPS: /opt/ros/humble/include  
[2.676s] -- Using RMW implementation 'rmw_fastrtps_cpp' as default
[2.687s] -- Looking for pthread.h
[2.787s] -- Looking for pthread.h - found
[2.788s] -- Performing Test CMAKE_HAVE_LIBC_PTHREAD
[2.914s] -- Performing Test CMAKE_HAVE_LIBC_PTHREAD - Success
[2.915s] -- Found Threads: TRUE  
[3.044s] -- Found geometry_msgs: 4.2.3 (/opt/ros/humble/share/geometry_msgs/cmake)
[3.076s] -- Found sensor_msgs: 4.2.3 (/opt/ros/humble/share/sensor_msgs/cmake)
[3.133s] -- Found OpenCV: /usr (found version "4.5.4") 
[3.135s] -- Found image_transport: 3.1.8 (/opt/ros/humble/share/image_transport/cmake)
[3.751s] -- Found cv_bridge: 3.2.1 (/opt/ros/humble/share/cv_bridge/cmake)
[3.757s] -- Found tf2: 0.25.5 (/opt/ros/humble/share/tf2/cmake)
[3.764s] -- Found tf2_ros: 0.25.5 (/opt/ros/humble/share/tf2_ros/cmake)
[3.957s] -- Found control_msgs: 4.4.0 (/opt/ros/humble/share/control_msgs/cmake)
[4.108s] -- Found moveit_ros_planning_interface: 2.5.5 (/opt/ros/humble/share/moveit_ros_planning_interface/cmake)
[4.120s] -- Found Boost: /usr/lib/x86_64-linux-gnu/cmake/Boost-1.74.0/BoostConfig.cmake (found version "1.74.0") found components: date_time filesystem program_options system thread 
[4.427s] -- Found Boost: /usr/lib/x86_64-linux-gnu/cmake/Boost-1.74.0/BoostConfig.cmake (found version "1.74.0") found components: chrono date_time filesystem iostreams program_options regex serialization system thread 
[4.434s] -- Found parameter_traits: 0.3.7 (/opt/ros/humble/share/parameter_traits/cmake)
[4.446s] -- Found rclcpp_lifecycle: 16.0.8 (/opt/ros/humble/share/rclcpp_lifecycle/cmake)
[4.473s] -- Found Boost: /usr/lib/x86_64-linux-gnu/cmake/Boost-1.74.0/BoostConfig.cmake (found version "1.74.0") found components: filesystem 
[5.058s] -- library: /usr/lib/x86_64-linux-gnu/libcurl.so
[5.162s] -- Found Eigen3: TRUE (found version "3.4.0") 
[5.162s] -- Ensuring Eigen3 include directory is part of orocos-kdl CMake target
[5.611s] -- Found Boost: /usr/lib/x86_64-linux-gnu/cmake/Boost-1.74.0/BoostConfig.cmake (found version "1.74.0") found components: system filesystem date_time program_options thread chrono 
[5.912s] -- Found Boost: /usr/lib/x86_64-linux-gnu/cmake/Boost-1.74.0/BoostConfig.cmake (found version "1.74.0") found components: thread system filesystem regex date_time program_options 
[6.046s] -- Found Boost: /usr/lib/x86_64-linux-gnu/cmake/Boost-1.74.0/BoostConfig.cmake (found version "1.74.0") found components: system filesystem date_time program_options thread 
[6.282s] -- Found ament_lint_auto: 0.12.10 (/opt/ros/humble/share/ament_lint_auto/cmake)
[6.341s] -- Added test 'cppcheck' to perform static code analysis on C / C++ code
[6.341s] -- Configured cppcheck include dirs: $<BUILD_INTERFACE:/home/alw82/ros2_ws/src/alw82_ros360_cpp/include>
[6.341s] -- Configured cppcheck exclude dirs and/or files: 
[6.341s] -- Added test 'lint_cmake' to check CMake code style
[6.342s] -- Added test 'uncrustify' to check C / C++ code style
[6.342s] -- Configured uncrustify additional arguments: 
[6.342s] -- Added test 'xmllint' to check XML markup files
[6.343s] -- Configuring done
[6.369s] -- Generating done
[6.371s] -- Build files have been written to: /home/alw82/ros2_ws/build/alw82_ros360_cpp
[6.380s] Invoked command in '/home/alw82/ros2_ws/build/alw82_ros360_cpp' returned '0': CMAKE_PREFIX_PATH=/opt/ros/humble /usr/bin/cmake /home/alw82/ros2_ws/src/alw82_ros360_cpp -DCMAKE_INSTALL_PREFIX=/home/alw82/ros2_ws/install/alw82_ros360_cpp
[6.381s] Invoking command in '/home/alw82/ros2_ws/build/alw82_ros360_cpp': CMAKE_PREFIX_PATH=/opt/ros/humble /usr/bin/cmake --build /home/alw82/ros2_ws/build/alw82_ros360_cpp -- -j24 -l24
[6.409s] [  7%] [32mBuilding CXX object CMakeFiles/randomTurtle.dir/src/randomTurtle.cpp.o[0m
[6.410s] [  7%] [32mBuilding CXX object CMakeFiles/velodyneSubscriber.dir/src/velodyneSub.cpp.o[0m
[6.410s] [ 11%] [32mBuilding CXX object CMakeFiles/examplePublisher.dir/src/examplePublisher.cpp.o[0m
[6.410s] [ 15%] [32mBuilding CXX object CMakeFiles/colourClient.dir/src/colourClient.cpp.o[0m
[6.410s] [ 19%] [32mBuilding CXX object CMakeFiles/pmb2_track.dir/src/pmb2_track.cpp.o[0m
[6.410s] [ 23%] [32mBuilding CXX object CMakeFiles/exampleSubscriber.dir/src/exampleSubscriber.cpp.o[0m
[6.410s] [ 26%] [32mBuilding CXX object CMakeFiles/tiagoColourFinder.dir/src/tiagoColourFinder.cpp.o[0m
[6.410s] [ 30%] [32mBuilding CXX object CMakeFiles/helloWorld.dir/src/helloWorld.cpp.o[0m
[6.411s] [ 34%] [32mBuilding CXX object CMakeFiles/tiagoColourFinderWithHead.dir/src/tiagoColourFinderWithHead.cpp.o[0m
[6.411s] [ 38%] [32mBuilding CXX object CMakeFiles/depthSubscriber.dir/src/depthSubscriber.cpp.o[0m
[6.411s] [ 42%] [32mBuilding CXX object CMakeFiles/torsoCtrl.dir/src/torsoCtrl.cpp.o[0m
[6.411s] [ 46%] [32mBuilding CXX object CMakeFiles/headCtrl.dir/src/headCtrl.cpp.o[0m
[6.411s] [ 50%] [32mBuilding CXX object CMakeFiles/alw82Assignment.dir/src/alw82Assignment.cpp.o[0m
[6.429s] [ 53%] [32m[1mLinking CXX executable helloWorld[0m
[6.524s] [ 53%] Built target helloWorld
[10.183s] [ 57%] [32m[1mLinking CXX executable colourClient[0m
[10.421s] [ 57%] Built target colourClient
[10.906s] [ 61%] [32m[1mLinking CXX executable examplePublisher[0m
[11.195s] [ 61%] Built target examplePublisher
[11.321s] [ 65%] [32m[1mLinking CXX executable torsoCtrl[0m
[11.628s] [ 65%] Built target torsoCtrl
[11.740s] [ 69%] [32m[1mLinking CXX executable headCtrl[0m
[12.084s] [ 69%] Built target headCtrl
[14.320s] [ 73%] [32m[1mLinking CXX executable exampleSubscriber[0m
[14.727s] [ 73%] Built target exampleSubscriber
[14.746s] [ 76%] [32m[1mLinking CXX executable velodyneSubscriber[0m
[14.814s] [ 80%] [32m[1mLinking CXX executable pmb2_track[0m
[14.879s] [ 84%] [32m[1mLinking CXX executable randomTurtle[0m
[15.163s] [ 84%] Built target velodyneSubscriber
[15.251s] [ 84%] Built target pmb2_track
[15.275s] [ 88%] [32m[1mLinking CXX executable tiagoColourFinder[0m
[15.278s] [ 88%] Built target randomTurtle
[15.591s] [ 88%] Built target tiagoColourFinder
[16.862s] [ 92%] [32m[1mLinking CXX executable tiagoColourFinderWithHead[0m
[17.300s] [ 92%] Built target tiagoColourFinderWithHead
[17.441s] [ 96%] [32m[1mLinking CXX executable depthSubscriber[0m
[18.184s] [ 96%] Built target depthSubscriber
[20.115s] [100%] [32m[1mLinking CXX executable alw82Assignment[0m
[20.650s] [100%] Built target alw82Assignment
[20.656s] Invoked command in '/home/alw82/ros2_ws/build/alw82_ros360_cpp' returned '0': CMAKE_PREFIX_PATH=/opt/ros/humble /usr/bin/cmake --build /home/alw82/ros2_ws/build/alw82_ros360_cpp -- -j24 -l24
[20.681s] Invoking command in '/home/alw82/ros2_ws/build/alw82_ros360_cpp': CMAKE_PREFIX_PATH=/opt/ros/humble /usr/bin/cmake --install /home/alw82/ros2_ws/build/alw82_ros360_cpp
[20.684s] -- Install configuration: ""
[20.684s] -- Installing: /home/alw82/ros2_ws/install/alw82_ros360_cpp/lib/alw82_ros360_cpp/helloWorld
[20.685s] -- Installing: /home/alw82/ros2_ws/install/alw82_ros360_cpp/lib/alw82_ros360_cpp/examplePublisher
[20.685s] -- Set runtime path of "/home/alw82/ros2_ws/install/alw82_ros360_cpp/lib/alw82_ros360_cpp/examplePublisher" to ""
[20.685s] -- Installing: /home/alw82/ros2_ws/install/alw82_ros360_cpp/lib/alw82_ros360_cpp/exampleSubscriber
[20.687s] -- Set runtime path of "/home/alw82/ros2_ws/install/alw82_ros360_cpp/lib/alw82_ros360_cpp/exampleSubscriber" to ""
[20.687s] -- Installing: /home/alw82/ros2_ws/install/alw82_ros360_cpp/lib/alw82_ros360_cpp/randomTurtle
[20.688s] -- Set runtime path of "/home/alw82/ros2_ws/install/alw82_ros360_cpp/lib/alw82_ros360_cpp/randomTurtle" to ""
[20.688s] -- Installing: /home/alw82/ros2_ws/install/alw82_ros360_cpp/lib/alw82_ros360_cpp/velodyneSubscriber
[20.690s] -- Set runtime path of "/home/alw82/ros2_ws/install/alw82_ros360_cpp/lib/alw82_ros360_cpp/velodyneSubscriber" to ""
[20.690s] -- Installing: /home/alw82/ros2_ws/install/alw82_ros360_cpp/lib/alw82_ros360_cpp/pmb2_track
[20.692s] -- Set runtime path of "/home/alw82/ros2_ws/install/alw82_ros360_cpp/lib/alw82_ros360_cpp/pmb2_track" to ""
[20.692s] -- Installing: /home/alw82/ros2_ws/install/alw82_ros360_cpp/lib/alw82_ros360_cpp/tiagoColourFinder
[20.694s] -- Set runtime path of "/home/alw82/ros2_ws/install/alw82_ros360_cpp/lib/alw82_ros360_cpp/tiagoColourFinder" to ""
[20.694s] -- Installing: /home/alw82/ros2_ws/install/alw82_ros360_cpp/lib/alw82_ros360_cpp/colourClient
[20.694s] -- Set runtime path of "/home/alw82/ros2_ws/install/alw82_ros360_cpp/lib/alw82_ros360_cpp/colourClient" to ""
[20.695s] -- Installing: /home/alw82/ros2_ws/install/alw82_ros360_cpp/lib/alw82_ros360_cpp/depthSubscriber
[20.697s] -- Set runtime path of "/home/alw82/ros2_ws/install/alw82_ros360_cpp/lib/alw82_ros360_cpp/depthSubscriber" to ""
[20.697s] -- Installing: /home/alw82/ros2_ws/install/alw82_ros360_cpp/lib/alw82_ros360_cpp/headCtrl
[20.698s] -- Set runtime path of "/home/alw82/ros2_ws/install/alw82_ros360_cpp/lib/alw82_ros360_cpp/headCtrl" to ""
[20.698s] -- Installing: /home/alw82/ros2_ws/install/alw82_ros360_cpp/lib/alw82_ros360_cpp/torsoCtrl
[20.698s] -- Set runtime path of "/home/alw82/ros2_ws/install/alw82_ros360_cpp/lib/alw82_ros360_cpp/torsoCtrl" to ""
[20.698s] -- Installing: /home/alw82/ros2_ws/install/alw82_ros360_cpp/lib/alw82_ros360_cpp/tiagoColourFinderWithHead
[20.700s] -- Set runtime path of "/home/alw82/ros2_ws/install/alw82_ros360_cpp/lib/alw82_ros360_cpp/tiagoColourFinderWithHead" to ""
[20.701s] -- Installing: /home/alw82/ros2_ws/install/alw82_ros360_cpp/lib/alw82_ros360_cpp/alw82Assignment
[20.705s] -- Set runtime path of "/home/alw82/ros2_ws/install/alw82_ros360_cpp/lib/alw82_ros360_cpp/alw82Assignment" to ""
[20.705s] -- Installing: /home/alw82/ros2_ws/install/alw82_ros360_cpp/share/alw82_ros360_cpp//launch
[20.705s] -- Installing: /home/alw82/ros2_ws/install/alw82_ros360_cpp/share/alw82_ros360_cpp//launch/pmb2_track.launch.xml
[20.705s] -- Installing: /home/alw82/ros2_ws/install/alw82_ros360_cpp/share/alw82_ros360_cpp//launch/colour_detector.launch.xml:Zone.Identifier
[20.705s] -- Installing: /home/alw82/ros2_ws/install/alw82_ros360_cpp/share/alw82_ros360_cpp//launch/tiago_assignment.launch.xml:Zone.Identifier
[20.705s] -- Installing: /home/alw82/ros2_ws/install/alw82_ros360_cpp/share/alw82_ros360_cpp//launch/tiago_blocks.launch.xml:Zone.Identifier
[20.705s] -- Installing: /home/alw82/ros2_ws/install/alw82_ros360_cpp/share/alw82_ros360_cpp//launch/tiago_assignment.launch.xml
[20.705s] -- Installing: /home/alw82/ros2_ws/install/alw82_ros360_cpp/share/alw82_ros360_cpp//launch/colour_detector.launch.xml
[20.705s] -- Installing: /home/alw82/ros2_ws/install/alw82_ros360_cpp/share/alw82_ros360_cpp//launch/pmb2_track.launch.xml:Zone.Identifier
[20.705s] -- Installing: /home/alw82/ros2_ws/install/alw82_ros360_cpp/share/alw82_ros360_cpp//launch/tiago_blocks.launch.xml
[20.705s] -- Installing: /home/alw82/ros2_ws/install/alw82_ros360_cpp/share/ament_index/resource_index/package_run_dependencies/alw82_ros360_cpp
[20.705s] -- Installing: /home/alw82/ros2_ws/install/alw82_ros360_cpp/share/ament_index/resource_index/parent_prefix_path/alw82_ros360_cpp
[20.706s] -- Installing: /home/alw82/ros2_ws/install/alw82_ros360_cpp/share/alw82_ros360_cpp/environment/ament_prefix_path.sh
[20.706s] -- Installing: /home/alw82/ros2_ws/install/alw82_ros360_cpp/share/alw82_ros360_cpp/environment/ament_prefix_path.dsv
[20.706s] -- Installing: /home/alw82/ros2_ws/install/alw82_ros360_cpp/share/alw82_ros360_cpp/environment/path.sh
[20.706s] -- Installing: /home/alw82/ros2_ws/install/alw82_ros360_cpp/share/alw82_ros360_cpp/environment/path.dsv
[20.706s] -- Installing: /home/alw82/ros2_ws/install/alw82_ros360_cpp/share/alw82_ros360_cpp/local_setup.bash
[20.706s] -- Installing: /home/alw82/ros2_ws/install/alw82_ros360_cpp/share/alw82_ros360_cpp/local_setup.sh
[20.706s] -- Installing: /home/alw82/ros2_ws/install/alw82_ros360_cpp/share/alw82_ros360_cpp/local_setup.zsh
[20.706s] -- Installing: /home/alw82/ros2_ws/install/alw82_ros360_cpp/share/alw82_ros360_cpp/local_setup.dsv
[20.706s] -- Installing: /home/alw82/ros2_ws/install/alw82_ros360_cpp/share/alw82_ros360_cpp/package.dsv
[20.706s] -- Installing: /home/alw82/ros2_ws/install/alw82_ros360_cpp/share/ament_index/resource_index/packages/alw82_ros360_cpp
[20.706s] -- Installing: /home/alw82/ros2_ws/install/alw82_ros360_cpp/share/alw82_ros360_cpp/cmake/alw82_ros360_cppConfig.cmake
[20.706s] -- Installing: /home/alw82/ros2_ws/install/alw82_ros360_cpp/share/alw82_ros360_cpp/cmake/alw82_ros360_cppConfig-version.cmake
[20.706s] -- Installing: /home/alw82/ros2_ws/install/alw82_ros360_cpp/share/alw82_ros360_cpp/package.xml
[20.707s] Invoked command in '/home/alw82/ros2_ws/build/alw82_ros360_cpp' returned '0': CMAKE_PREFIX_PATH=/opt/ros/humble /usr/bin/cmake --install /home/alw82/ros2_ws/build/alw82_ros360_cpp
