-- The C compiler identification is GNU 11.4.0
-- The CXX compiler identification is GNU 11.4.0
-- Detecting C compiler ABI info
-- Detecting C compiler ABI info - done
-- Check for working C compiler: /usr/bin/cc - skipped
-- Detecting C compile features
-- Detecting C compile features - done
-- Detecting CXX compiler ABI info
-- Detecting CXX compiler ABI info - done
-- Check for working CXX compiler: /usr/bin/c++ - skipped
-- Detecting CXX compile features
-- Detecting CXX compile features - done
-- Found ament_cmake: 1.3.7 (/opt/ros/humble/share/ament_cmake/cmake)
-- Found Python3: /usr/bin/python3.10 (found version "3.10.12") found components: Interpreter 
-- Found ament_lint_auto: 0.12.10 (/opt/ros/humble/share/ament_lint_auto/cmake)
-- Found rosidl_default_generators: 1.2.0 (/opt/ros/humble/share/rosidl_default_generators/cmake)
-- Using all available rosidl_typesupport_c: rosidl_typesupport_fastrtps_c;rosidl_typesupport_introspection_c
-- Found rosidl_adapter: 3.1.5 (/opt/ros/humble/share/rosidl_adapter/cmake)
-- Using all available rosidl_typesupport_cpp: rosidl_typesupport_fastrtps_cpp;rosidl_typesupport_introspection_cpp
-- Found ament_cmake_ros: 0.10.0 (/opt/ros/humble/share/ament_cmake_ros/cmake)
-- Using all available rosidl_typesupport_c: rosidl_typesupport_fastrtps_c;rosidl_typesupport_introspection_c
-- Using all available rosidl_typesupport_cpp: rosidl_typesupport_fastrtps_cpp;rosidl_typesupport_introspection_cpp
-- Found PythonInterp: /usr/bin/python3 (found suitable version "3.10.12", minimum required is "3.6") 
-- Found python_cmake_module: 0.10.0 (/opt/ros/humble/share/python_cmake_module/cmake)
-- Found PythonLibs: /usr/lib/x86_64-linux-gnu/libpython3.10.so (found suitable version "3.10.12", minimum required is "3.5") 
-- Using PYTHON_EXECUTABLE: /usr/bin/python3
-- Using PYTHON_INCLUDE_DIRS: /usr/include/python3.10
-- Using PYTHON_LIBRARIES: /usr/lib/x86_64-linux-gnu/libpython3.10.so
-- Found PythonExtra: .so  
-- Added test 'copyright' to check source files copyright and LICENSE
-- Added test 'lint_cmake' to check CMake code style
-- Added test 'xmllint' to check XML markup files
-- Configuring done
-- Generating done
-- Build files have been written to: /home/alw82/ros2_ws/build/velodyne_control_msgs
[  2%] [34m[1mGenerating C code for ROS interfaces[0m
[  5%] [34m[1mGenerating C++ code for ROS interfaces[0m
[  5%] Built target ament_cmake_python_copy_velodyne_control_msgs
running egg_info
creating velodyne_control_msgs.egg-info
writing velodyne_control_msgs.egg-info/PKG-INFO
writing dependency_links to velodyne_control_msgs.egg-info/dependency_links.txt
writing top-level names to velodyne_control_msgs.egg-info/top_level.txt
writing manifest file 'velodyne_control_msgs.egg-info/SOURCES.txt'
reading manifest file 'velodyne_control_msgs.egg-info/SOURCES.txt'
writing manifest file 'velodyne_control_msgs.egg-info/SOURCES.txt'
[  5%] Built target ament_cmake_python_build_velodyne_control_msgs_egg
[  5%] Built target velodyne_control_msgs__cpp
[ 10%] [32mBuilding C object CMakeFiles/velodyne_control_msgs__rosidl_generator_c.dir/rosidl_generator_c/velodyne_control_msgs/srv/detail/velodyne_control__functions.c.o[0m
[ 10%] [32mBuilding C object CMakeFiles/velodyne_control_msgs__rosidl_generator_c.dir/rosidl_generator_c/velodyne_control_msgs/msg/detail/velodyne_state__functions.c.o[0m
[ 12%] [34m[1mGenerating C++ type support for eProsima Fast-RTPS[0m
[ 15%] [34m[1mGenerating C++ introspection for ROS interfaces[0m
[ 17%] [34m[1mGenerating C++ type support dispatch for ROS interfaces[0m
[ 20%] [32m[1mLinking C shared library libvelodyne_control_msgs__rosidl_generator_c.so[0m
[ 20%] Built target velodyne_control_msgs__rosidl_generator_c
[ 25%] [34m[1mGenerating C type support dispatch for ROS interfaces[0m
[ 25%] [34m[1mGenerating C type support for eProsima Fast-RTPS[0m
[ 28%] [34m[1mGenerating C introspection for ROS interfaces[0m
[ 33%] [32mBuilding CXX object CMakeFiles/velodyne_control_msgs__rosidl_typesupport_cpp.dir/rosidl_typesupport_cpp/velodyne_control_msgs/msg/velodyne_state__type_support.cpp.o[0m
[ 33%] [32mBuilding CXX object CMakeFiles/velodyne_control_msgs__rosidl_typesupport_cpp.dir/rosidl_typesupport_cpp/velodyne_control_msgs/srv/velodyne_control__type_support.cpp.o[0m
[ 38%] [32mBuilding CXX object CMakeFiles/velodyne_control_msgs__rosidl_typesupport_introspection_cpp.dir/rosidl_typesupport_introspection_cpp/velodyne_control_msgs/msg/detail/velodyne_state__type_support.cpp.o[0m
[ 38%] [32mBuilding CXX object CMakeFiles/velodyne_control_msgs__rosidl_typesupport_introspection_cpp.dir/rosidl_typesupport_introspection_cpp/velodyne_control_msgs/srv/detail/velodyne_control__type_support.cpp.o[0m
[ 43%] [32mBuilding CXX object CMakeFiles/velodyne_control_msgs__rosidl_typesupport_fastrtps_cpp.dir/rosidl_typesupport_fastrtps_cpp/velodyne_control_msgs/msg/detail/dds_fastrtps/velodyne_state__type_support.cpp.o[0m
[ 43%] [32mBuilding CXX object CMakeFiles/velodyne_control_msgs__rosidl_typesupport_fastrtps_cpp.dir/rosidl_typesupport_fastrtps_cpp/velodyne_control_msgs/srv/detail/dds_fastrtps/velodyne_control__type_support.cpp.o[0m
[ 46%] [32mBuilding CXX object CMakeFiles/velodyne_control_msgs__rosidl_typesupport_c.dir/rosidl_typesupport_c/velodyne_control_msgs/srv/velodyne_control__type_support.cpp.o[0m
[ 48%] [32mBuilding CXX object CMakeFiles/velodyne_control_msgs__rosidl_typesupport_c.dir/rosidl_typesupport_c/velodyne_control_msgs/msg/velodyne_state__type_support.cpp.o[0m
[ 53%] [32mBuilding CXX object CMakeFiles/velodyne_control_msgs__rosidl_typesupport_fastrtps_c.dir/rosidl_typesupport_fastrtps_c/velodyne_control_msgs/srv/detail/velodyne_control__type_support_c.cpp.o[0m
[ 53%] [32mBuilding CXX object CMakeFiles/velodyne_control_msgs__rosidl_typesupport_fastrtps_c.dir/rosidl_typesupport_fastrtps_c/velodyne_control_msgs/msg/detail/velodyne_state__type_support_c.cpp.o[0m
[ 56%] [32m[1mLinking CXX shared library libvelodyne_control_msgs__rosidl_typesupport_c.so[0m
[ 58%] [32mBuilding C object CMakeFiles/velodyne_control_msgs__rosidl_typesupport_introspection_c.dir/rosidl_typesupport_introspection_c/velodyne_control_msgs/srv/detail/velodyne_control__type_support.c.o[0m
[ 61%] [32mBuilding C object CMakeFiles/velodyne_control_msgs__rosidl_typesupport_introspection_c.dir/rosidl_typesupport_introspection_c/velodyne_control_msgs/msg/detail/velodyne_state__type_support.c.o[0m
[ 64%] [32m[1mLinking C shared library libvelodyne_control_msgs__rosidl_typesupport_introspection_c.so[0m
[ 66%] [32m[1mLinking CXX shared library libvelodyne_control_msgs__rosidl_typesupport_introspection_cpp.so[0m
[ 66%] Built target velodyne_control_msgs__rosidl_typesupport_c
[ 66%] Built target velodyne_control_msgs__rosidl_typesupport_introspection_c
[ 69%] [32m[1mLinking CXX shared library libvelodyne_control_msgs__rosidl_typesupport_fastrtps_cpp.so[0m
[ 71%] [32m[1mLinking CXX shared library libvelodyne_control_msgs__rosidl_typesupport_cpp.so[0m
[ 71%] Built target velodyne_control_msgs__rosidl_typesupport_introspection_cpp
[ 74%] [32m[1mLinking CXX shared library libvelodyne_control_msgs__rosidl_typesupport_fastrtps_c.so[0m
[ 74%] Built target velodyne_control_msgs__rosidl_typesupport_cpp
[ 74%] Built target velodyne_control_msgs__rosidl_typesupport_fastrtps_cpp
[ 74%] Built target velodyne_control_msgs__rosidl_typesupport_fastrtps_c
[ 74%] Built target velodyne_control_msgs
[ 76%] [34m[1mGenerating Python code for ROS interfaces[0m
[ 76%] Built target velodyne_control_msgs__py
[ 82%] [32mBuilding C object CMakeFiles/velodyne_control_msgs__rosidl_generator_py.dir/rosidl_generator_py/velodyne_control_msgs/msg/_velodyne_state_s.c.o[0m
[ 82%] [32mBuilding C object CMakeFiles/velodyne_control_msgs__rosidl_generator_py.dir/rosidl_generator_py/velodyne_control_msgs/srv/_velodyne_control_s.c.o[0m
[ 84%] [32m[1mLinking C shared library rosidl_generator_py/velodyne_control_msgs/libvelodyne_control_msgs__rosidl_generator_py.so[0m
[ 84%] Built target velodyne_control_msgs__rosidl_generator_py
[ 89%] [32mBuilding C object CMakeFiles/velodyne_control_msgs__rosidl_typesupport_fastrtps_c__pyext.dir/rosidl_generator_py/velodyne_control_msgs/_velodyne_control_msgs_s.ep.rosidl_typesupport_fastrtps_c.c.o[0m
[ 89%] [32mBuilding C object CMakeFiles/velodyne_control_msgs__rosidl_typesupport_c__pyext.dir/rosidl_generator_py/velodyne_control_msgs/_velodyne_control_msgs_s.ep.rosidl_typesupport_c.c.o[0m
[ 92%] [32mBuilding C object CMakeFiles/velodyne_control_msgs__rosidl_typesupport_introspection_c__pyext.dir/rosidl_generator_py/velodyne_control_msgs/_velodyne_control_msgs_s.ep.rosidl_typesupport_introspection_c.c.o[0m
[ 97%] [32m[1mLinking C shared library rosidl_generator_py/velodyne_control_msgs/velodyne_control_msgs_s__rosidl_typesupport_c.cpython-310-x86_64-linux-gnu.so[0m
[ 97%] [32m[1mLinking C shared library rosidl_generator_py/velodyne_control_msgs/velodyne_control_msgs_s__rosidl_typesupport_introspection_c.cpython-310-x86_64-linux-gnu.so[0m
[100%] [32m[1mLinking C shared library rosidl_generator_py/velodyne_control_msgs/velodyne_control_msgs_s__rosidl_typesupport_fastrtps_c.cpython-310-x86_64-linux-gnu.so[0m
[100%] Built target velodyne_control_msgs__rosidl_typesupport_fastrtps_c__pyext
[100%] Built target velodyne_control_msgs__rosidl_typesupport_introspection_c__pyext
[100%] Built target velodyne_control_msgs__rosidl_typesupport_c__pyext
-- Install configuration: ""
-- Installing: /home/alw82/ros2_ws/install/velodyne_control_msgs/share/velodyne_control_msgs/msg
-- Installing: /home/alw82/ros2_ws/install/velodyne_control_msgs/share/velodyne_control_msgs/msg/VelodyneState.msg
-- Installing: /home/alw82/ros2_ws/install/velodyne_control_msgs/share/velodyne_control_msgs/msg/VelodyneState.msg:Zone.Identifier
-- Installing: /home/alw82/ros2_ws/install/velodyne_control_msgs/share/velodyne_control_msgs/srv
-- Installing: /home/alw82/ros2_ws/install/velodyne_control_msgs/share/velodyne_control_msgs/srv/VelodyneControl.srv:Zone.Identifier
-- Installing: /home/alw82/ros2_ws/install/velodyne_control_msgs/share/velodyne_control_msgs/srv/VelodyneControl.srv
-- Installing: /home/alw82/ros2_ws/install/velodyne_control_msgs/share/ament_index/resource_index/rosidl_interfaces/velodyne_control_msgs
-- Installing: /home/alw82/ros2_ws/install/velodyne_control_msgs/include/velodyne_control_msgs/velodyne_control_msgs
-- Installing: /home/alw82/ros2_ws/install/velodyne_control_msgs/include/velodyne_control_msgs/velodyne_control_msgs/srv
-- Installing: /home/alw82/ros2_ws/install/velodyne_control_msgs/include/velodyne_control_msgs/velodyne_control_msgs/srv/velodyne_control.h
-- Installing: /home/alw82/ros2_ws/install/velodyne_control_msgs/include/velodyne_control_msgs/velodyne_control_msgs/srv/detail
-- Installing: /home/alw82/ros2_ws/install/velodyne_control_msgs/include/velodyne_control_msgs/velodyne_control_msgs/srv/detail/velodyne_control__functions.c
-- Installing: /home/alw82/ros2_ws/install/velodyne_control_msgs/include/velodyne_control_msgs/velodyne_control_msgs/srv/detail/velodyne_control__type_support.h
-- Installing: /home/alw82/ros2_ws/install/velodyne_control_msgs/include/velodyne_control_msgs/velodyne_control_msgs/srv/detail/velodyne_control__functions.h
-- Installing: /home/alw82/ros2_ws/install/velodyne_control_msgs/include/velodyne_control_msgs/velodyne_control_msgs/srv/detail/velodyne_control__struct.h
-- Installing: /home/alw82/ros2_ws/install/velodyne_control_msgs/include/velodyne_control_msgs/velodyne_control_msgs/msg
-- Installing: /home/alw82/ros2_ws/install/velodyne_control_msgs/include/velodyne_control_msgs/velodyne_control_msgs/msg/rosidl_generator_c__visibility_control.h
-- Installing: /home/alw82/ros2_ws/install/velodyne_control_msgs/include/velodyne_control_msgs/velodyne_control_msgs/msg/velodyne_state.h
-- Installing: /home/alw82/ros2_ws/install/velodyne_control_msgs/include/velodyne_control_msgs/velodyne_control_msgs/msg/detail
-- Installing: /home/alw82/ros2_ws/install/velodyne_control_msgs/include/velodyne_control_msgs/velodyne_control_msgs/msg/detail/velodyne_state__struct.h
-- Installing: /home/alw82/ros2_ws/install/velodyne_control_msgs/include/velodyne_control_msgs/velodyne_control_msgs/msg/detail/velodyne_state__functions.h
-- Installing: /home/alw82/ros2_ws/install/velodyne_control_msgs/include/velodyne_control_msgs/velodyne_control_msgs/msg/detail/velodyne_state__functions.c
-- Installing: /home/alw82/ros2_ws/install/velodyne_control_msgs/include/velodyne_control_msgs/velodyne_control_msgs/msg/detail/velodyne_state__type_support.h
-- Installing: /home/alw82/ros2_ws/install/velodyne_control_msgs/share/velodyne_control_msgs/environment/library_path.sh
-- Installing: /home/alw82/ros2_ws/install/velodyne_control_msgs/share/velodyne_control_msgs/environment/library_path.dsv
-- Installing: /home/alw82/ros2_ws/install/velodyne_control_msgs/lib/libvelodyne_control_msgs__rosidl_generator_c.so
-- Set runtime path of "/home/alw82/ros2_ws/install/velodyne_control_msgs/lib/libvelodyne_control_msgs__rosidl_generator_c.so" to ""
-- Up-to-date: /home/alw82/ros2_ws/install/velodyne_control_msgs/include/velodyne_control_msgs/velodyne_control_msgs
-- Up-to-date: /home/alw82/ros2_ws/install/velodyne_control_msgs/include/velodyne_control_msgs/velodyne_control_msgs/srv
-- Up-to-date: /home/alw82/ros2_ws/install/velodyne_control_msgs/include/velodyne_control_msgs/velodyne_control_msgs/srv/detail
-- Installing: /home/alw82/ros2_ws/install/velodyne_control_msgs/include/velodyne_control_msgs/velodyne_control_msgs/srv/detail/velodyne_control__rosidl_typesupport_fastrtps_c.h
-- Up-to-date: /home/alw82/ros2_ws/install/velodyne_control_msgs/include/velodyne_control_msgs/velodyne_control_msgs/msg
-- Installing: /home/alw82/ros2_ws/install/velodyne_control_msgs/include/velodyne_control_msgs/velodyne_control_msgs/msg/rosidl_typesupport_fastrtps_c__visibility_control.h
-- Up-to-date: /home/alw82/ros2_ws/install/velodyne_control_msgs/include/velodyne_control_msgs/velodyne_control_msgs/msg/detail
-- Installing: /home/alw82/ros2_ws/install/velodyne_control_msgs/include/velodyne_control_msgs/velodyne_control_msgs/msg/detail/velodyne_state__rosidl_typesupport_fastrtps_c.h
-- Installing: /home/alw82/ros2_ws/install/velodyne_control_msgs/lib/libvelodyne_control_msgs__rosidl_typesupport_fastrtps_c.so
-- Set runtime path of "/home/alw82/ros2_ws/install/velodyne_control_msgs/lib/libvelodyne_control_msgs__rosidl_typesupport_fastrtps_c.so" to ""
-- Up-to-date: /home/alw82/ros2_ws/install/velodyne_control_msgs/include/velodyne_control_msgs/velodyne_control_msgs
-- Up-to-date: /home/alw82/ros2_ws/install/velodyne_control_msgs/include/velodyne_control_msgs/velodyne_control_msgs/srv
-- Up-to-date: /home/alw82/ros2_ws/install/velodyne_control_msgs/include/velodyne_control_msgs/velodyne_control_msgs/srv/detail
-- Installing: /home/alw82/ros2_ws/install/velodyne_control_msgs/include/velodyne_control_msgs/velodyne_control_msgs/srv/detail/velodyne_control__type_support.c
-- Installing: /home/alw82/ros2_ws/install/velodyne_control_msgs/include/velodyne_control_msgs/velodyne_control_msgs/srv/detail/velodyne_control__rosidl_typesupport_introspection_c.h
-- Up-to-date: /home/alw82/ros2_ws/install/velodyne_control_msgs/include/velodyne_control_msgs/velodyne_control_msgs/msg
-- Installing: /home/alw82/ros2_ws/install/velodyne_control_msgs/include/velodyne_control_msgs/velodyne_control_msgs/msg/rosidl_typesupport_introspection_c__visibility_control.h
-- Up-to-date: /home/alw82/ros2_ws/install/velodyne_control_msgs/include/velodyne_control_msgs/velodyne_control_msgs/msg/detail
-- Installing: /home/alw82/ros2_ws/install/velodyne_control_msgs/include/velodyne_control_msgs/velodyne_control_msgs/msg/detail/velodyne_state__type_support.c
-- Installing: /home/alw82/ros2_ws/install/velodyne_control_msgs/include/velodyne_control_msgs/velodyne_control_msgs/msg/detail/velodyne_state__rosidl_typesupport_introspection_c.h
-- Installing: /home/alw82/ros2_ws/install/velodyne_control_msgs/lib/libvelodyne_control_msgs__rosidl_typesupport_introspection_c.so
-- Set runtime path of "/home/alw82/ros2_ws/install/velodyne_control_msgs/lib/libvelodyne_control_msgs__rosidl_typesupport_introspection_c.so" to ""
-- Installing: /home/alw82/ros2_ws/install/velodyne_control_msgs/lib/libvelodyne_control_msgs__rosidl_typesupport_c.so
-- Set runtime path of "/home/alw82/ros2_ws/install/velodyne_control_msgs/lib/libvelodyne_control_msgs__rosidl_typesupport_c.so" to ""
-- Up-to-date: /home/alw82/ros2_ws/install/velodyne_control_msgs/include/velodyne_control_msgs/velodyne_control_msgs
-- Up-to-date: /home/alw82/ros2_ws/install/velodyne_control_msgs/include/velodyne_control_msgs/velodyne_control_msgs/srv
-- Installing: /home/alw82/ros2_ws/install/velodyne_control_msgs/include/velodyne_control_msgs/velodyne_control_msgs/srv/velodyne_control.hpp
-- Up-to-date: /home/alw82/ros2_ws/install/velodyne_control_msgs/include/velodyne_control_msgs/velodyne_control_msgs/srv/detail
-- Installing: /home/alw82/ros2_ws/install/velodyne_control_msgs/include/velodyne_control_msgs/velodyne_control_msgs/srv/detail/velodyne_control__builder.hpp
-- Installing: /home/alw82/ros2_ws/install/velodyne_control_msgs/include/velodyne_control_msgs/velodyne_control_msgs/srv/detail/velodyne_control__traits.hpp
-- Installing: /home/alw82/ros2_ws/install/velodyne_control_msgs/include/velodyne_control_msgs/velodyne_control_msgs/srv/detail/velodyne_control__struct.hpp
-- Up-to-date: /home/alw82/ros2_ws/install/velodyne_control_msgs/include/velodyne_control_msgs/velodyne_control_msgs/msg
-- Up-to-date: /home/alw82/ros2_ws/install/velodyne_control_msgs/include/velodyne_control_msgs/velodyne_control_msgs/msg/detail
-- Installing: /home/alw82/ros2_ws/install/velodyne_control_msgs/include/velodyne_control_msgs/velodyne_control_msgs/msg/detail/velodyne_state__struct.hpp
-- Installing: /home/alw82/ros2_ws/install/velodyne_control_msgs/include/velodyne_control_msgs/velodyne_control_msgs/msg/detail/velodyne_state__traits.hpp
-- Installing: /home/alw82/ros2_ws/install/velodyne_control_msgs/include/velodyne_control_msgs/velodyne_control_msgs/msg/detail/velodyne_state__builder.hpp
-- Installing: /home/alw82/ros2_ws/install/velodyne_control_msgs/include/velodyne_control_msgs/velodyne_control_msgs/msg/velodyne_state.hpp
-- Up-to-date: /home/alw82/ros2_ws/install/velodyne_control_msgs/include/velodyne_control_msgs/velodyne_control_msgs
-- Up-to-date: /home/alw82/ros2_ws/install/velodyne_control_msgs/include/velodyne_control_msgs/velodyne_control_msgs/srv
-- Up-to-date: /home/alw82/ros2_ws/install/velodyne_control_msgs/include/velodyne_control_msgs/velodyne_control_msgs/srv/detail
-- Installing: /home/alw82/ros2_ws/install/velodyne_control_msgs/include/velodyne_control_msgs/velodyne_control_msgs/srv/detail/dds_fastrtps
-- Installing: /home/alw82/ros2_ws/install/velodyne_control_msgs/include/velodyne_control_msgs/velodyne_control_msgs/srv/detail/velodyne_control__rosidl_typesupport_fastrtps_cpp.hpp
-- Up-to-date: /home/alw82/ros2_ws/install/velodyne_control_msgs/include/velodyne_control_msgs/velodyne_control_msgs/msg
-- Installing: /home/alw82/ros2_ws/install/velodyne_control_msgs/include/velodyne_control_msgs/velodyne_control_msgs/msg/rosidl_typesupport_fastrtps_cpp__visibility_control.h
-- Up-to-date: /home/alw82/ros2_ws/install/velodyne_control_msgs/include/velodyne_control_msgs/velodyne_control_msgs/msg/detail
-- Installing: /home/alw82/ros2_ws/install/velodyne_control_msgs/include/velodyne_control_msgs/velodyne_control_msgs/msg/detail/dds_fastrtps
-- Installing: /home/alw82/ros2_ws/install/velodyne_control_msgs/include/velodyne_control_msgs/velodyne_control_msgs/msg/detail/velodyne_state__rosidl_typesupport_fastrtps_cpp.hpp
-- Installing: /home/alw82/ros2_ws/install/velodyne_control_msgs/lib/libvelodyne_control_msgs__rosidl_typesupport_fastrtps_cpp.so
-- Set runtime path of "/home/alw82/ros2_ws/install/velodyne_control_msgs/lib/libvelodyne_control_msgs__rosidl_typesupport_fastrtps_cpp.so" to ""
-- Up-to-date: /home/alw82/ros2_ws/install/velodyne_control_msgs/include/velodyne_control_msgs/velodyne_control_msgs
-- Up-to-date: /home/alw82/ros2_ws/install/velodyne_control_msgs/include/velodyne_control_msgs/velodyne_control_msgs/srv
-- Up-to-date: /home/alw82/ros2_ws/install/velodyne_control_msgs/include/velodyne_control_msgs/velodyne_control_msgs/srv/detail
-- Installing: /home/alw82/ros2_ws/install/velodyne_control_msgs/include/velodyne_control_msgs/velodyne_control_msgs/srv/detail/velodyne_control__type_support.cpp
-- Installing: /home/alw82/ros2_ws/install/velodyne_control_msgs/include/velodyne_control_msgs/velodyne_control_msgs/srv/detail/velodyne_control__rosidl_typesupport_introspection_cpp.hpp
-- Up-to-date: /home/alw82/ros2_ws/install/velodyne_control_msgs/include/velodyne_control_msgs/velodyne_control_msgs/msg
-- Up-to-date: /home/alw82/ros2_ws/install/velodyne_control_msgs/include/velodyne_control_msgs/velodyne_control_msgs/msg/detail
-- Installing: /home/alw82/ros2_ws/install/velodyne_control_msgs/include/velodyne_control_msgs/velodyne_control_msgs/msg/detail/velodyne_state__type_support.cpp
-- Installing: /home/alw82/ros2_ws/install/velodyne_control_msgs/include/velodyne_control_msgs/velodyne_control_msgs/msg/detail/velodyne_state__rosidl_typesupport_introspection_cpp.hpp
-- Installing: /home/alw82/ros2_ws/install/velodyne_control_msgs/lib/libvelodyne_control_msgs__rosidl_typesupport_introspection_cpp.so
-- Set runtime path of "/home/alw82/ros2_ws/install/velodyne_control_msgs/lib/libvelodyne_control_msgs__rosidl_typesupport_introspection_cpp.so" to ""
-- Installing: /home/alw82/ros2_ws/install/velodyne_control_msgs/lib/libvelodyne_control_msgs__rosidl_typesupport_cpp.so
-- Set runtime path of "/home/alw82/ros2_ws/install/velodyne_control_msgs/lib/libvelodyne_control_msgs__rosidl_typesupport_cpp.so" to ""
-- Installing: /home/alw82/ros2_ws/install/velodyne_control_msgs/share/velodyne_control_msgs/environment/pythonpath.sh
-- Installing: /home/alw82/ros2_ws/install/velodyne_control_msgs/share/velodyne_control_msgs/environment/pythonpath.dsv
-- Installing: /home/alw82/ros2_ws/install/velodyne_control_msgs/local/lib/python3.10/dist-packages/velodyne_control_msgs-0.0.0-py3.10.egg-info
-- Installing: /home/alw82/ros2_ws/install/velodyne_control_msgs/local/lib/python3.10/dist-packages/velodyne_control_msgs-0.0.0-py3.10.egg-info/PKG-INFO
-- Installing: /home/alw82/ros2_ws/install/velodyne_control_msgs/local/lib/python3.10/dist-packages/velodyne_control_msgs-0.0.0-py3.10.egg-info/dependency_links.txt
-- Installing: /home/alw82/ros2_ws/install/velodyne_control_msgs/local/lib/python3.10/dist-packages/velodyne_control_msgs-0.0.0-py3.10.egg-info/SOURCES.txt
-- Installing: /home/alw82/ros2_ws/install/velodyne_control_msgs/local/lib/python3.10/dist-packages/velodyne_control_msgs-0.0.0-py3.10.egg-info/top_level.txt
-- Installing: /home/alw82/ros2_ws/install/velodyne_control_msgs/local/lib/python3.10/dist-packages/velodyne_control_msgs
-- Installing: /home/alw82/ros2_ws/install/velodyne_control_msgs/local/lib/python3.10/dist-packages/velodyne_control_msgs/srv
-- Installing: /home/alw82/ros2_ws/install/velodyne_control_msgs/local/lib/python3.10/dist-packages/velodyne_control_msgs/srv/_velodyne_control_s.c
-- Installing: /home/alw82/ros2_ws/install/velodyne_control_msgs/local/lib/python3.10/dist-packages/velodyne_control_msgs/srv/_velodyne_control.py
-- Installing: /home/alw82/ros2_ws/install/velodyne_control_msgs/local/lib/python3.10/dist-packages/velodyne_control_msgs/srv/__init__.py
-- Installing: /home/alw82/ros2_ws/install/velodyne_control_msgs/local/lib/python3.10/dist-packages/velodyne_control_msgs/libvelodyne_control_msgs__rosidl_generator_py.so
-- Installing: /home/alw82/ros2_ws/install/velodyne_control_msgs/local/lib/python3.10/dist-packages/velodyne_control_msgs/velodyne_control_msgs_s__rosidl_typesupport_introspection_c.cpython-310-x86_64-linux-gnu.so
-- Installing: /home/alw82/ros2_ws/install/velodyne_control_msgs/local/lib/python3.10/dist-packages/velodyne_control_msgs/velodyne_control_msgs_s__rosidl_typesupport_c.cpython-310-x86_64-linux-gnu.so
-- Installing: /home/alw82/ros2_ws/install/velodyne_control_msgs/local/lib/python3.10/dist-packages/velodyne_control_msgs/_velodyne_control_msgs_s.ep.rosidl_typesupport_fastrtps_c.c
-- Installing: /home/alw82/ros2_ws/install/velodyne_control_msgs/local/lib/python3.10/dist-packages/velodyne_control_msgs/_velodyne_control_msgs_s.ep.rosidl_typesupport_c.c
-- Installing: /home/alw82/ros2_ws/install/velodyne_control_msgs/local/lib/python3.10/dist-packages/velodyne_control_msgs/msg
-- Installing: /home/alw82/ros2_ws/install/velodyne_control_msgs/local/lib/python3.10/dist-packages/velodyne_control_msgs/msg/_velodyne_state_s.c
-- Installing: /home/alw82/ros2_ws/install/velodyne_control_msgs/local/lib/python3.10/dist-packages/velodyne_control_msgs/msg/_velodyne_state.py
-- Installing: /home/alw82/ros2_ws/install/velodyne_control_msgs/local/lib/python3.10/dist-packages/velodyne_control_msgs/msg/__init__.py
-- Installing: /home/alw82/ros2_ws/install/velodyne_control_msgs/local/lib/python3.10/dist-packages/velodyne_control_msgs/velodyne_control_msgs_s__rosidl_typesupport_fastrtps_c.cpython-310-x86_64-linux-gnu.so
-- Installing: /home/alw82/ros2_ws/install/velodyne_control_msgs/local/lib/python3.10/dist-packages/velodyne_control_msgs/_velodyne_control_msgs_s.ep.rosidl_typesupport_introspection_c.c
-- Installing: /home/alw82/ros2_ws/install/velodyne_control_msgs/local/lib/python3.10/dist-packages/velodyne_control_msgs/__init__.py
Listing '/home/alw82/ros2_ws/install/velodyne_control_msgs/local/lib/python3.10/dist-packages/velodyne_control_msgs'...
Compiling '/home/alw82/ros2_ws/install/velodyne_control_msgs/local/lib/python3.10/dist-packages/velodyne_control_msgs/__init__.py'...
Listing '/home/alw82/ros2_ws/install/velodyne_control_msgs/local/lib/python3.10/dist-packages/velodyne_control_msgs/msg'...
Compiling '/home/alw82/ros2_ws/install/velodyne_control_msgs/local/lib/python3.10/dist-packages/velodyne_control_msgs/msg/__init__.py'...
Compiling '/home/alw82/ros2_ws/install/velodyne_control_msgs/local/lib/python3.10/dist-packages/velodyne_control_msgs/msg/_velodyne_state.py'...
Listing '/home/alw82/ros2_ws/install/velodyne_control_msgs/local/lib/python3.10/dist-packages/velodyne_control_msgs/srv'...
Compiling '/home/alw82/ros2_ws/install/velodyne_control_msgs/local/lib/python3.10/dist-packages/velodyne_control_msgs/srv/__init__.py'...
Compiling '/home/alw82/ros2_ws/install/velodyne_control_msgs/local/lib/python3.10/dist-packages/velodyne_control_msgs/srv/_velodyne_control.py'...
-- Installing: /home/alw82/ros2_ws/install/velodyne_control_msgs/local/lib/python3.10/dist-packages/velodyne_control_msgs/velodyne_control_msgs_s__rosidl_typesupport_fastrtps_c.cpython-310-x86_64-linux-gnu.so
-- Set runtime path of "/home/alw82/ros2_ws/install/velodyne_control_msgs/local/lib/python3.10/dist-packages/velodyne_control_msgs/velodyne_control_msgs_s__rosidl_typesupport_fastrtps_c.cpython-310-x86_64-linux-gnu.so" to ""
-- Installing: /home/alw82/ros2_ws/install/velodyne_control_msgs/local/lib/python3.10/dist-packages/velodyne_control_msgs/velodyne_control_msgs_s__rosidl_typesupport_introspection_c.cpython-310-x86_64-linux-gnu.so
-- Set runtime path of "/home/alw82/ros2_ws/install/velodyne_control_msgs/local/lib/python3.10/dist-packages/velodyne_control_msgs/velodyne_control_msgs_s__rosidl_typesupport_introspection_c.cpython-310-x86_64-linux-gnu.so" to ""
-- Installing: /home/alw82/ros2_ws/install/velodyne_control_msgs/local/lib/python3.10/dist-packages/velodyne_control_msgs/velodyne_control_msgs_s__rosidl_typesupport_c.cpython-310-x86_64-linux-gnu.so
-- Set runtime path of "/home/alw82/ros2_ws/install/velodyne_control_msgs/local/lib/python3.10/dist-packages/velodyne_control_msgs/velodyne_control_msgs_s__rosidl_typesupport_c.cpython-310-x86_64-linux-gnu.so" to ""
-- Installing: /home/alw82/ros2_ws/install/velodyne_control_msgs/lib/libvelodyne_control_msgs__rosidl_generator_py.so
-- Set runtime path of "/home/alw82/ros2_ws/install/velodyne_control_msgs/lib/libvelodyne_control_msgs__rosidl_generator_py.so" to ""
-- Installing: /home/alw82/ros2_ws/install/velodyne_control_msgs/share/velodyne_control_msgs/msg/VelodyneState.idl
-- Installing: /home/alw82/ros2_ws/install/velodyne_control_msgs/share/velodyne_control_msgs/srv/VelodyneControl.idl
-- Up-to-date: /home/alw82/ros2_ws/install/velodyne_control_msgs/share/velodyne_control_msgs/msg/VelodyneState.msg
-- Up-to-date: /home/alw82/ros2_ws/install/velodyne_control_msgs/share/velodyne_control_msgs/srv/VelodyneControl.srv
-- Installing: /home/alw82/ros2_ws/install/velodyne_control_msgs/share/velodyne_control_msgs/srv/VelodyneControl_Request.msg
-- Installing: /home/alw82/ros2_ws/install/velodyne_control_msgs/share/velodyne_control_msgs/srv/VelodyneControl_Response.msg
-- Installing: /home/alw82/ros2_ws/install/velodyne_control_msgs/share/ament_index/resource_index/package_run_dependencies/velodyne_control_msgs
-- Installing: /home/alw82/ros2_ws/install/velodyne_control_msgs/share/ament_index/resource_index/parent_prefix_path/velodyne_control_msgs
-- Installing: /home/alw82/ros2_ws/install/velodyne_control_msgs/share/velodyne_control_msgs/environment/ament_prefix_path.sh
-- Installing: /home/alw82/ros2_ws/install/velodyne_control_msgs/share/velodyne_control_msgs/environment/ament_prefix_path.dsv
-- Installing: /home/alw82/ros2_ws/install/velodyne_control_msgs/share/velodyne_control_msgs/environment/path.sh
-- Installing: /home/alw82/ros2_ws/install/velodyne_control_msgs/share/velodyne_control_msgs/environment/path.dsv
-- Installing: /home/alw82/ros2_ws/install/velodyne_control_msgs/share/velodyne_control_msgs/local_setup.bash
-- Installing: /home/alw82/ros2_ws/install/velodyne_control_msgs/share/velodyne_control_msgs/local_setup.sh
-- Installing: /home/alw82/ros2_ws/install/velodyne_control_msgs/share/velodyne_control_msgs/local_setup.zsh
-- Installing: /home/alw82/ros2_ws/install/velodyne_control_msgs/share/velodyne_control_msgs/local_setup.dsv
-- Installing: /home/alw82/ros2_ws/install/velodyne_control_msgs/share/velodyne_control_msgs/package.dsv
-- Installing: /home/alw82/ros2_ws/install/velodyne_control_msgs/share/ament_index/resource_index/packages/velodyne_control_msgs
-- Installing: /home/alw82/ros2_ws/install/velodyne_control_msgs/share/velodyne_control_msgs/cmake/export_velodyne_control_msgs__rosidl_generator_cExport.cmake
-- Installing: /home/alw82/ros2_ws/install/velodyne_control_msgs/share/velodyne_control_msgs/cmake/export_velodyne_control_msgs__rosidl_generator_cExport-noconfig.cmake
-- Installing: /home/alw82/ros2_ws/install/velodyne_control_msgs/share/velodyne_control_msgs/cmake/export_velodyne_control_msgs__rosidl_typesupport_fastrtps_cExport.cmake
-- Installing: /home/alw82/ros2_ws/install/velodyne_control_msgs/share/velodyne_control_msgs/cmake/export_velodyne_control_msgs__rosidl_typesupport_fastrtps_cExport-noconfig.cmake
-- Installing: /home/alw82/ros2_ws/install/velodyne_control_msgs/share/velodyne_control_msgs/cmake/velodyne_control_msgs__rosidl_typesupport_introspection_cExport.cmake
-- Installing: /home/alw82/ros2_ws/install/velodyne_control_msgs/share/velodyne_control_msgs/cmake/velodyne_control_msgs__rosidl_typesupport_introspection_cExport-noconfig.cmake
-- Installing: /home/alw82/ros2_ws/install/velodyne_control_msgs/share/velodyne_control_msgs/cmake/velodyne_control_msgs__rosidl_typesupport_cExport.cmake
-- Installing: /home/alw82/ros2_ws/install/velodyne_control_msgs/share/velodyne_control_msgs/cmake/velodyne_control_msgs__rosidl_typesupport_cExport-noconfig.cmake
-- Installing: /home/alw82/ros2_ws/install/velodyne_control_msgs/share/velodyne_control_msgs/cmake/export_velodyne_control_msgs__rosidl_generator_cppExport.cmake
-- Installing: /home/alw82/ros2_ws/install/velodyne_control_msgs/share/velodyne_control_msgs/cmake/export_velodyne_control_msgs__rosidl_typesupport_fastrtps_cppExport.cmake
-- Installing: /home/alw82/ros2_ws/install/velodyne_control_msgs/share/velodyne_control_msgs/cmake/export_velodyne_control_msgs__rosidl_typesupport_fastrtps_cppExport-noconfig.cmake
-- Installing: /home/alw82/ros2_ws/install/velodyne_control_msgs/share/velodyne_control_msgs/cmake/velodyne_control_msgs__rosidl_typesupport_introspection_cppExport.cmake
-- Installing: /home/alw82/ros2_ws/install/velodyne_control_msgs/share/velodyne_control_msgs/cmake/velodyne_control_msgs__rosidl_typesupport_introspection_cppExport-noconfig.cmake
-- Installing: /home/alw82/ros2_ws/install/velodyne_control_msgs/share/velodyne_control_msgs/cmake/velodyne_control_msgs__rosidl_typesupport_cppExport.cmake
-- Installing: /home/alw82/ros2_ws/install/velodyne_control_msgs/share/velodyne_control_msgs/cmake/velodyne_control_msgs__rosidl_typesupport_cppExport-noconfig.cmake
-- Installing: /home/alw82/ros2_ws/install/velodyne_control_msgs/share/velodyne_control_msgs/cmake/export_velodyne_control_msgs__rosidl_generator_pyExport.cmake
-- Installing: /home/alw82/ros2_ws/install/velodyne_control_msgs/share/velodyne_control_msgs/cmake/export_velodyne_control_msgs__rosidl_generator_pyExport-noconfig.cmake
-- Installing: /home/alw82/ros2_ws/install/velodyne_control_msgs/share/velodyne_control_msgs/cmake/rosidl_cmake-extras.cmake
-- Installing: /home/alw82/ros2_ws/install/velodyne_control_msgs/share/velodyne_control_msgs/cmake/ament_cmake_export_include_directories-extras.cmake
-- Installing: /home/alw82/ros2_ws/install/velodyne_control_msgs/share/velodyne_control_msgs/cmake/ament_cmake_export_libraries-extras.cmake
-- Installing: /home/alw82/ros2_ws/install/velodyne_control_msgs/share/velodyne_control_msgs/cmake/ament_cmake_export_targets-extras.cmake
-- Installing: /home/alw82/ros2_ws/install/velodyne_control_msgs/share/velodyne_control_msgs/cmake/rosidl_cmake_export_typesupport_targets-extras.cmake
-- Installing: /home/alw82/ros2_ws/install/velodyne_control_msgs/share/velodyne_control_msgs/cmake/ament_cmake_export_dependencies-extras.cmake
-- Installing: /home/alw82/ros2_ws/install/velodyne_control_msgs/share/velodyne_control_msgs/cmake/rosidl_cmake_export_typesupport_libraries-extras.cmake
-- Installing: /home/alw82/ros2_ws/install/velodyne_control_msgs/share/velodyne_control_msgs/cmake/velodyne_control_msgsConfig.cmake
-- Installing: /home/alw82/ros2_ws/install/velodyne_control_msgs/share/velodyne_control_msgs/cmake/velodyne_control_msgsConfig-version.cmake
-- Installing: /home/alw82/ros2_ws/install/velodyne_control_msgs/share/velodyne_control_msgs/package.xml
