[0.200s] Invoking command in '/home/alw82/ros2_ws/build/velodyne_control_msgs': CMAKE_PREFIX_PATH=/opt/ros/humble /usr/bin/cmake /home/alw82/ros2_ws/src/velodyne/velodyne_control_msgs -DCMAKE_INSTALL_PREFIX=/home/alw82/ros2_ws/install/velodyne_control_msgs
[0.267s] -- The C compiler identification is GNU 11.4.0
[0.577s] -- The CXX compiler identification is GNU 11.4.0
[0.853s] -- Detecting C compiler ABI info
[0.943s] -- Detecting C compiler ABI info - done
[0.946s] -- Check for working C compiler: /usr/bin/cc - skipped
[0.947s] -- Detecting C compile features
[0.947s] -- Detecting C compile features - done
[0.950s] -- Detecting CXX compiler ABI info
[1.052s] -- Detecting CXX compiler ABI info - done
[1.055s] -- Check for working CXX compiler: /usr/bin/c++ - skipped
[1.055s] -- Detecting CXX compile features
[1.056s] -- Detecting CXX compile features - done
[1.057s] -- Found ament_cmake: 1.3.7 (/opt/ros/humble/share/ament_cmake/cmake)
[1.143s] -- Found Python3: /usr/bin/python3.10 (found version "3.10.12") found components: Interpreter 
[1.202s] -- Found ament_lint_auto: 0.12.10 (/opt/ros/humble/share/ament_lint_auto/cmake)
[1.249s] -- Found rosidl_default_generators: 1.2.0 (/opt/ros/humble/share/rosidl_default_generators/cmake)
[1.252s] -- Using all available rosidl_typesupport_c: rosidl_typesupport_fastrtps_c;rosidl_typesupport_introspection_c
[1.258s] -- Found rosidl_adapter: 3.1.5 (/opt/ros/humble/share/rosidl_adapter/cmake)
[1.350s] -- Using all available rosidl_typesupport_cpp: rosidl_typesupport_fastrtps_cpp;rosidl_typesupport_introspection_cpp
[1.471s] -- Found ament_cmake_ros: 0.10.0 (/opt/ros/humble/share/ament_cmake_ros/cmake)
[1.573s] -- Using all available rosidl_typesupport_c: rosidl_typesupport_fastrtps_c;rosidl_typesupport_introspection_c
[1.701s] -- Using all available rosidl_typesupport_cpp: rosidl_typesupport_fastrtps_cpp;rosidl_typesupport_introspection_cpp
[1.777s] -- Found PythonInterp: /usr/bin/python3 (found suitable version "3.10.12", minimum required is "3.6") 
[1.779s] -- Found python_cmake_module: 0.10.0 (/opt/ros/humble/share/python_cmake_module/cmake)
[2.049s] -- Found PythonLibs: /usr/lib/x86_64-linux-gnu/libpython3.10.so (found suitable version "3.10.12", minimum required is "3.5") 
[2.049s] -- Using PYTHON_EXECUTABLE: /usr/bin/python3
[2.049s] -- Using PYTHON_INCLUDE_DIRS: /usr/include/python3.10
[2.049s] -- Using PYTHON_LIBRARIES: /usr/lib/x86_64-linux-gnu/libpython3.10.so
[2.060s] -- Found PythonExtra: .so  
[2.096s] -- Added test 'copyright' to check source files copyright and LICENSE
[2.097s] -- Added test 'lint_cmake' to check CMake code style
[2.098s] -- Added test 'xmllint' to check XML markup files
[2.104s] -- Configuring done
[2.120s] -- Generating done
[2.121s] -- Build files have been written to: /home/alw82/ros2_ws/build/velodyne_control_msgs
[2.125s] Invoked command in '/home/alw82/ros2_ws/build/velodyne_control_msgs' returned '0': CMAKE_PREFIX_PATH=/opt/ros/humble /usr/bin/cmake /home/alw82/ros2_ws/src/velodyne/velodyne_control_msgs -DCMAKE_INSTALL_PREFIX=/home/alw82/ros2_ws/install/velodyne_control_msgs
[2.127s] Invoking command in '/home/alw82/ros2_ws/build/velodyne_control_msgs': CMAKE_PREFIX_PATH=/opt/ros/humble /usr/bin/cmake --build /home/alw82/ros2_ws/build/velodyne_control_msgs -- -j24 -l24
[2.145s] [  2%] [34m[1mGenerating C code for ROS interfaces[0m
[2.151s] [  5%] [34m[1mGenerating C++ code for ROS interfaces[0m
[2.154s] [  5%] Built target ament_cmake_python_copy_velodyne_control_msgs
[2.270s] running egg_info
[2.271s] creating velodyne_control_msgs.egg-info
[2.271s] writing velodyne_control_msgs.egg-info/PKG-INFO
[2.271s] writing dependency_links to velodyne_control_msgs.egg-info/dependency_links.txt
[2.271s] writing top-level names to velodyne_control_msgs.egg-info/top_level.txt
[2.271s] writing manifest file 'velodyne_control_msgs.egg-info/SOURCES.txt'
[2.272s] reading manifest file 'velodyne_control_msgs.egg-info/SOURCES.txt'
[2.272s] writing manifest file 'velodyne_control_msgs.egg-info/SOURCES.txt'
[2.288s] [  5%] Built target ament_cmake_python_build_velodyne_control_msgs_egg
[2.329s] [  5%] Built target velodyne_control_msgs__cpp
[2.332s] [ 10%] [32mBuilding C object CMakeFiles/velodyne_control_msgs__rosidl_generator_c.dir/rosidl_generator_c/velodyne_control_msgs/srv/detail/velodyne_control__functions.c.o[0m
[2.333s] [ 10%] [32mBuilding C object CMakeFiles/velodyne_control_msgs__rosidl_generator_c.dir/rosidl_generator_c/velodyne_control_msgs/msg/detail/velodyne_state__functions.c.o[0m
[2.333s] [ 12%] [34m[1mGenerating C++ type support for eProsima Fast-RTPS[0m
[2.333s] [ 15%] [34m[1mGenerating C++ introspection for ROS interfaces[0m
[2.334s] [ 17%] [34m[1mGenerating C++ type support dispatch for ROS interfaces[0m
[2.379s] [ 20%] [32m[1mLinking C shared library libvelodyne_control_msgs__rosidl_generator_c.so[0m
[2.461s] [ 20%] Built target velodyne_control_msgs__rosidl_generator_c
[2.467s] [ 25%] [34m[1mGenerating C type support dispatch for ROS interfaces[0m
[2.467s] [ 25%] [34m[1mGenerating C type support for eProsima Fast-RTPS[0m
[2.468s] [ 28%] [34m[1mGenerating C introspection for ROS interfaces[0m
[2.489s] [ 33%] [32mBuilding CXX object CMakeFiles/velodyne_control_msgs__rosidl_typesupport_cpp.dir/rosidl_typesupport_cpp/velodyne_control_msgs/msg/velodyne_state__type_support.cpp.o[0m
[2.490s] [ 33%] [32mBuilding CXX object CMakeFiles/velodyne_control_msgs__rosidl_typesupport_cpp.dir/rosidl_typesupport_cpp/velodyne_control_msgs/srv/velodyne_control__type_support.cpp.o[0m
[2.504s] [ 38%] [32mBuilding CXX object CMakeFiles/velodyne_control_msgs__rosidl_typesupport_introspection_cpp.dir/rosidl_typesupport_introspection_cpp/velodyne_control_msgs/msg/detail/velodyne_state__type_support.cpp.o[0m
[2.504s] [ 38%] [32mBuilding CXX object CMakeFiles/velodyne_control_msgs__rosidl_typesupport_introspection_cpp.dir/rosidl_typesupport_introspection_cpp/velodyne_control_msgs/srv/detail/velodyne_control__type_support.cpp.o[0m
[2.535s] [ 43%] [32mBuilding CXX object CMakeFiles/velodyne_control_msgs__rosidl_typesupport_fastrtps_cpp.dir/rosidl_typesupport_fastrtps_cpp/velodyne_control_msgs/msg/detail/dds_fastrtps/velodyne_state__type_support.cpp.o[0m
[2.535s] [ 43%] [32mBuilding CXX object CMakeFiles/velodyne_control_msgs__rosidl_typesupport_fastrtps_cpp.dir/rosidl_typesupport_fastrtps_cpp/velodyne_control_msgs/srv/detail/dds_fastrtps/velodyne_control__type_support.cpp.o[0m
[2.676s] [ 46%] [32mBuilding CXX object CMakeFiles/velodyne_control_msgs__rosidl_typesupport_c.dir/rosidl_typesupport_c/velodyne_control_msgs/srv/velodyne_control__type_support.cpp.o[0m
[2.676s] [ 48%] [32mBuilding CXX object CMakeFiles/velodyne_control_msgs__rosidl_typesupport_c.dir/rosidl_typesupport_c/velodyne_control_msgs/msg/velodyne_state__type_support.cpp.o[0m
[2.700s] [ 53%] [32mBuilding CXX object CMakeFiles/velodyne_control_msgs__rosidl_typesupport_fastrtps_c.dir/rosidl_typesupport_fastrtps_c/velodyne_control_msgs/srv/detail/velodyne_control__type_support_c.cpp.o[0m
[2.700s] [ 53%] [32mBuilding CXX object CMakeFiles/velodyne_control_msgs__rosidl_typesupport_fastrtps_c.dir/rosidl_typesupport_fastrtps_c/velodyne_control_msgs/msg/detail/velodyne_state__type_support_c.cpp.o[0m
[2.700s] [ 56%] [32m[1mLinking CXX shared library libvelodyne_control_msgs__rosidl_typesupport_c.so[0m
[2.707s] [ 58%] [32mBuilding C object CMakeFiles/velodyne_control_msgs__rosidl_typesupport_introspection_c.dir/rosidl_typesupport_introspection_c/velodyne_control_msgs/srv/detail/velodyne_control__type_support.c.o[0m
[2.707s] [ 61%] [32mBuilding C object CMakeFiles/velodyne_control_msgs__rosidl_typesupport_introspection_c.dir/rosidl_typesupport_introspection_c/velodyne_control_msgs/msg/detail/velodyne_state__type_support.c.o[0m
[2.732s] [ 64%] [32m[1mLinking C shared library libvelodyne_control_msgs__rosidl_typesupport_introspection_c.so[0m
[2.821s] [ 66%] [32m[1mLinking CXX shared library libvelodyne_control_msgs__rosidl_typesupport_introspection_cpp.so[0m
[2.823s] [ 66%] Built target velodyne_control_msgs__rosidl_typesupport_c
[2.839s] [ 66%] Built target velodyne_control_msgs__rosidl_typesupport_introspection_c
[2.858s] [ 69%] [32m[1mLinking CXX shared library libvelodyne_control_msgs__rosidl_typesupport_fastrtps_cpp.so[0m
[2.866s] [ 71%] [32m[1mLinking CXX shared library libvelodyne_control_msgs__rosidl_typesupport_cpp.so[0m
[2.898s] [ 71%] Built target velodyne_control_msgs__rosidl_typesupport_introspection_cpp
[2.920s] [ 74%] [32m[1mLinking CXX shared library libvelodyne_control_msgs__rosidl_typesupport_fastrtps_c.so[0m
[2.948s] [ 74%] Built target velodyne_control_msgs__rosidl_typesupport_cpp
[2.958s] [ 74%] Built target velodyne_control_msgs__rosidl_typesupport_fastrtps_cpp
[3.004s] [ 74%] Built target velodyne_control_msgs__rosidl_typesupport_fastrtps_c
[3.013s] [ 74%] Built target velodyne_control_msgs
[3.021s] [ 76%] [34m[1mGenerating Python code for ROS interfaces[0m
[3.259s] [ 76%] Built target velodyne_control_msgs__py
[3.267s] [ 82%] [32mBuilding C object CMakeFiles/velodyne_control_msgs__rosidl_generator_py.dir/rosidl_generator_py/velodyne_control_msgs/msg/_velodyne_state_s.c.o[0m
[3.267s] [ 82%] [32mBuilding C object CMakeFiles/velodyne_control_msgs__rosidl_generator_py.dir/rosidl_generator_py/velodyne_control_msgs/srv/_velodyne_control_s.c.o[0m
[3.344s] [ 84%] [32m[1mLinking C shared library rosidl_generator_py/velodyne_control_msgs/libvelodyne_control_msgs__rosidl_generator_py.so[0m
[3.408s] [ 84%] Built target velodyne_control_msgs__rosidl_generator_py
[3.418s] [ 89%] [32mBuilding C object CMakeFiles/velodyne_control_msgs__rosidl_typesupport_fastrtps_c__pyext.dir/rosidl_generator_py/velodyne_control_msgs/_velodyne_control_msgs_s.ep.rosidl_typesupport_fastrtps_c.c.o[0m
[3.418s] [ 89%] [32mBuilding C object CMakeFiles/velodyne_control_msgs__rosidl_typesupport_c__pyext.dir/rosidl_generator_py/velodyne_control_msgs/_velodyne_control_msgs_s.ep.rosidl_typesupport_c.c.o[0m
[3.419s] [ 92%] [32mBuilding C object CMakeFiles/velodyne_control_msgs__rosidl_typesupport_introspection_c__pyext.dir/rosidl_generator_py/velodyne_control_msgs/_velodyne_control_msgs_s.ep.rosidl_typesupport_introspection_c.c.o[0m
[3.465s] [ 97%] [32m[1mLinking C shared library rosidl_generator_py/velodyne_control_msgs/velodyne_control_msgs_s__rosidl_typesupport_c.cpython-310-x86_64-linux-gnu.so[0m
[3.465s] [ 97%] [32m[1mLinking C shared library rosidl_generator_py/velodyne_control_msgs/velodyne_control_msgs_s__rosidl_typesupport_introspection_c.cpython-310-x86_64-linux-gnu.so[0m
[3.467s] [100%] [32m[1mLinking C shared library rosidl_generator_py/velodyne_control_msgs/velodyne_control_msgs_s__rosidl_typesupport_fastrtps_c.cpython-310-x86_64-linux-gnu.so[0m
[3.519s] [100%] Built target velodyne_control_msgs__rosidl_typesupport_fastrtps_c__pyext
[3.520s] [100%] Built target velodyne_control_msgs__rosidl_typesupport_introspection_c__pyext
[3.528s] [100%] Built target velodyne_control_msgs__rosidl_typesupport_c__pyext
[3.534s] Invoked command in '/home/alw82/ros2_ws/build/velodyne_control_msgs' returned '0': CMAKE_PREFIX_PATH=/opt/ros/humble /usr/bin/cmake --build /home/alw82/ros2_ws/build/velodyne_control_msgs -- -j24 -l24
[3.567s] Invoking command in '/home/alw82/ros2_ws/build/velodyne_control_msgs': CMAKE_PREFIX_PATH=/opt/ros/humble /usr/bin/cmake --install /home/alw82/ros2_ws/build/velodyne_control_msgs
[3.570s] -- Install configuration: ""
[3.570s] -- Installing: /home/alw82/ros2_ws/install/velodyne_control_msgs/share/velodyne_control_msgs/msg
[3.570s] -- Installing: /home/alw82/ros2_ws/install/velodyne_control_msgs/share/velodyne_control_msgs/msg/VelodyneState.msg
[3.570s] -- Installing: /home/alw82/ros2_ws/install/velodyne_control_msgs/share/velodyne_control_msgs/msg/VelodyneState.msg:Zone.Identifier
[3.570s] -- Installing: /home/alw82/ros2_ws/install/velodyne_control_msgs/share/velodyne_control_msgs/srv
[3.571s] -- Installing: /home/alw82/ros2_ws/install/velodyne_control_msgs/share/velodyne_control_msgs/srv/VelodyneControl.srv:Zone.Identifier
[3.571s] -- Installing: /home/alw82/ros2_ws/install/velodyne_control_msgs/share/velodyne_control_msgs/srv/VelodyneControl.srv
[3.571s] -- Installing: /home/alw82/ros2_ws/install/velodyne_control_msgs/share/ament_index/resource_index/rosidl_interfaces/velodyne_control_msgs
[3.571s] -- Installing: /home/alw82/ros2_ws/install/velodyne_control_msgs/include/velodyne_control_msgs/velodyne_control_msgs
[3.571s] -- Installing: /home/alw82/ros2_ws/install/velodyne_control_msgs/include/velodyne_control_msgs/velodyne_control_msgs/srv
[3.571s] -- Installing: /home/alw82/ros2_ws/install/velodyne_control_msgs/include/velodyne_control_msgs/velodyne_control_msgs/srv/velodyne_control.h
[3.571s] -- Installing: /home/alw82/ros2_ws/install/velodyne_control_msgs/include/velodyne_control_msgs/velodyne_control_msgs/srv/detail
[3.571s] -- Installing: /home/alw82/ros2_ws/install/velodyne_control_msgs/include/velodyne_control_msgs/velodyne_control_msgs/srv/detail/velodyne_control__functions.c
[3.572s] -- Installing: /home/alw82/ros2_ws/install/velodyne_control_msgs/include/velodyne_control_msgs/velodyne_control_msgs/srv/detail/velodyne_control__type_support.h
[3.572s] -- Installing: /home/alw82/ros2_ws/install/velodyne_control_msgs/include/velodyne_control_msgs/velodyne_control_msgs/srv/detail/velodyne_control__functions.h
[3.572s] -- Installing: /home/alw82/ros2_ws/install/velodyne_control_msgs/include/velodyne_control_msgs/velodyne_control_msgs/srv/detail/velodyne_control__struct.h
[3.572s] -- Installing: /home/alw82/ros2_ws/install/velodyne_control_msgs/include/velodyne_control_msgs/velodyne_control_msgs/msg
[3.572s] -- Installing: /home/alw82/ros2_ws/install/velodyne_control_msgs/include/velodyne_control_msgs/velodyne_control_msgs/msg/rosidl_generator_c__visibility_control.h
[3.572s] -- Installing: /home/alw82/ros2_ws/install/velodyne_control_msgs/include/velodyne_control_msgs/velodyne_control_msgs/msg/velodyne_state.h
[3.572s] -- Installing: /home/alw82/ros2_ws/install/velodyne_control_msgs/include/velodyne_control_msgs/velodyne_control_msgs/msg/detail
[3.572s] -- Installing: /home/alw82/ros2_ws/install/velodyne_control_msgs/include/velodyne_control_msgs/velodyne_control_msgs/msg/detail/velodyne_state__struct.h
[3.572s] -- Installing: /home/alw82/ros2_ws/install/velodyne_control_msgs/include/velodyne_control_msgs/velodyne_control_msgs/msg/detail/velodyne_state__functions.h
[3.572s] -- Installing: /home/alw82/ros2_ws/install/velodyne_control_msgs/include/velodyne_control_msgs/velodyne_control_msgs/msg/detail/velodyne_state__functions.c
[3.572s] -- Installing: /home/alw82/ros2_ws/install/velodyne_control_msgs/include/velodyne_control_msgs/velodyne_control_msgs/msg/detail/velodyne_state__type_support.h
[3.573s] -- Installing: /home/alw82/ros2_ws/install/velodyne_control_msgs/share/velodyne_control_msgs/environment/library_path.sh
[3.573s] -- Installing: /home/alw82/ros2_ws/install/velodyne_control_msgs/share/velodyne_control_msgs/environment/library_path.dsv
[3.573s] -- Installing: /home/alw82/ros2_ws/install/velodyne_control_msgs/lib/libvelodyne_control_msgs__rosidl_generator_c.so
[3.573s] -- Set runtime path of "/home/alw82/ros2_ws/install/velodyne_control_msgs/lib/libvelodyne_control_msgs__rosidl_generator_c.so" to ""
[3.573s] -- Up-to-date: /home/alw82/ros2_ws/install/velodyne_control_msgs/include/velodyne_control_msgs/velodyne_control_msgs
[3.573s] -- Up-to-date: /home/alw82/ros2_ws/install/velodyne_control_msgs/include/velodyne_control_msgs/velodyne_control_msgs/srv
[3.573s] -- Up-to-date: /home/alw82/ros2_ws/install/velodyne_control_msgs/include/velodyne_control_msgs/velodyne_control_msgs/srv/detail
[3.573s] -- Installing: /home/alw82/ros2_ws/install/velodyne_control_msgs/include/velodyne_control_msgs/velodyne_control_msgs/srv/detail/velodyne_control__rosidl_typesupport_fastrtps_c.h
[3.573s] -- Up-to-date: /home/alw82/ros2_ws/install/velodyne_control_msgs/include/velodyne_control_msgs/velodyne_control_msgs/msg
[3.573s] -- Installing: /home/alw82/ros2_ws/install/velodyne_control_msgs/include/velodyne_control_msgs/velodyne_control_msgs/msg/rosidl_typesupport_fastrtps_c__visibility_control.h
[3.573s] -- Up-to-date: /home/alw82/ros2_ws/install/velodyne_control_msgs/include/velodyne_control_msgs/velodyne_control_msgs/msg/detail
[3.574s] -- Installing: /home/alw82/ros2_ws/install/velodyne_control_msgs/include/velodyne_control_msgs/velodyne_control_msgs/msg/detail/velodyne_state__rosidl_typesupport_fastrtps_c.h
[3.574s] -- Installing: /home/alw82/ros2_ws/install/velodyne_control_msgs/lib/libvelodyne_control_msgs__rosidl_typesupport_fastrtps_c.so
[3.574s] -- Set runtime path of "/home/alw82/ros2_ws/install/velodyne_control_msgs/lib/libvelodyne_control_msgs__rosidl_typesupport_fastrtps_c.so" to ""
[3.574s] -- Up-to-date: /home/alw82/ros2_ws/install/velodyne_control_msgs/include/velodyne_control_msgs/velodyne_control_msgs
[3.574s] -- Up-to-date: /home/alw82/ros2_ws/install/velodyne_control_msgs/include/velodyne_control_msgs/velodyne_control_msgs/srv
[3.574s] -- Up-to-date: /home/alw82/ros2_ws/install/velodyne_control_msgs/include/velodyne_control_msgs/velodyne_control_msgs/srv/detail
[3.574s] -- Installing: /home/alw82/ros2_ws/install/velodyne_control_msgs/include/velodyne_control_msgs/velodyne_control_msgs/srv/detail/velodyne_control__type_support.c
[3.574s] -- Installing: /home/alw82/ros2_ws/install/velodyne_control_msgs/include/velodyne_control_msgs/velodyne_control_msgs/srv/detail/velodyne_control__rosidl_typesupport_introspection_c.h
[3.574s] -- Up-to-date: /home/alw82/ros2_ws/install/velodyne_control_msgs/include/velodyne_control_msgs/velodyne_control_msgs/msg
[3.574s] -- Installing: /home/alw82/ros2_ws/install/velodyne_control_msgs/include/velodyne_control_msgs/velodyne_control_msgs/msg/rosidl_typesupport_introspection_c__visibility_control.h
[3.574s] -- Up-to-date: /home/alw82/ros2_ws/install/velodyne_control_msgs/include/velodyne_control_msgs/velodyne_control_msgs/msg/detail
[3.574s] -- Installing: /home/alw82/ros2_ws/install/velodyne_control_msgs/include/velodyne_control_msgs/velodyne_control_msgs/msg/detail/velodyne_state__type_support.c
[3.574s] -- Installing: /home/alw82/ros2_ws/install/velodyne_control_msgs/include/velodyne_control_msgs/velodyne_control_msgs/msg/detail/velodyne_state__rosidl_typesupport_introspection_c.h
[3.575s] -- Installing: /home/alw82/ros2_ws/install/velodyne_control_msgs/lib/libvelodyne_control_msgs__rosidl_typesupport_introspection_c.so
[3.575s] -- Set runtime path of "/home/alw82/ros2_ws/install/velodyne_control_msgs/lib/libvelodyne_control_msgs__rosidl_typesupport_introspection_c.so" to ""
[3.575s] -- Installing: /home/alw82/ros2_ws/install/velodyne_control_msgs/lib/libvelodyne_control_msgs__rosidl_typesupport_c.so
[3.575s] -- Set runtime path of "/home/alw82/ros2_ws/install/velodyne_control_msgs/lib/libvelodyne_control_msgs__rosidl_typesupport_c.so" to ""
[3.575s] -- Up-to-date: /home/alw82/ros2_ws/install/velodyne_control_msgs/include/velodyne_control_msgs/velodyne_control_msgs
[3.575s] -- Up-to-date: /home/alw82/ros2_ws/install/velodyne_control_msgs/include/velodyne_control_msgs/velodyne_control_msgs/srv
[3.575s] -- Installing: /home/alw82/ros2_ws/install/velodyne_control_msgs/include/velodyne_control_msgs/velodyne_control_msgs/srv/velodyne_control.hpp
[3.575s] -- Up-to-date: /home/alw82/ros2_ws/install/velodyne_control_msgs/include/velodyne_control_msgs/velodyne_control_msgs/srv/detail
[3.575s] -- Installing: /home/alw82/ros2_ws/install/velodyne_control_msgs/include/velodyne_control_msgs/velodyne_control_msgs/srv/detail/velodyne_control__builder.hpp
[3.575s] -- Installing: /home/alw82/ros2_ws/install/velodyne_control_msgs/include/velodyne_control_msgs/velodyne_control_msgs/srv/detail/velodyne_control__traits.hpp
[3.575s] -- Installing: /home/alw82/ros2_ws/install/velodyne_control_msgs/include/velodyne_control_msgs/velodyne_control_msgs/srv/detail/velodyne_control__struct.hpp
[3.575s] -- Up-to-date: /home/alw82/ros2_ws/install/velodyne_control_msgs/include/velodyne_control_msgs/velodyne_control_msgs/msg
[3.575s] -- Up-to-date: /home/alw82/ros2_ws/install/velodyne_control_msgs/include/velodyne_control_msgs/velodyne_control_msgs/msg/detail
[3.575s] -- Installing: /home/alw82/ros2_ws/install/velodyne_control_msgs/include/velodyne_control_msgs/velodyne_control_msgs/msg/detail/velodyne_state__struct.hpp
[3.576s] -- Installing: /home/alw82/ros2_ws/install/velodyne_control_msgs/include/velodyne_control_msgs/velodyne_control_msgs/msg/detail/velodyne_state__traits.hpp
[3.576s] -- Installing: /home/alw82/ros2_ws/install/velodyne_control_msgs/include/velodyne_control_msgs/velodyne_control_msgs/msg/detail/velodyne_state__builder.hpp
[3.576s] -- Installing: /home/alw82/ros2_ws/install/velodyne_control_msgs/include/velodyne_control_msgs/velodyne_control_msgs/msg/velodyne_state.hpp
[3.576s] -- Up-to-date: /home/alw82/ros2_ws/install/velodyne_control_msgs/include/velodyne_control_msgs/velodyne_control_msgs
[3.576s] -- Up-to-date: /home/alw82/ros2_ws/install/velodyne_control_msgs/include/velodyne_control_msgs/velodyne_control_msgs/srv
[3.576s] -- Up-to-date: /home/alw82/ros2_ws/install/velodyne_control_msgs/include/velodyne_control_msgs/velodyne_control_msgs/srv/detail
[3.576s] -- Installing: /home/alw82/ros2_ws/install/velodyne_control_msgs/include/velodyne_control_msgs/velodyne_control_msgs/srv/detail/dds_fastrtps
[3.576s] -- Installing: /home/alw82/ros2_ws/install/velodyne_control_msgs/include/velodyne_control_msgs/velodyne_control_msgs/srv/detail/velodyne_control__rosidl_typesupport_fastrtps_cpp.hpp
[3.576s] -- Up-to-date: /home/alw82/ros2_ws/install/velodyne_control_msgs/include/velodyne_control_msgs/velodyne_control_msgs/msg
[3.576s] -- Installing: /home/alw82/ros2_ws/install/velodyne_control_msgs/include/velodyne_control_msgs/velodyne_control_msgs/msg/rosidl_typesupport_fastrtps_cpp__visibility_control.h
[3.576s] -- Up-to-date: /home/alw82/ros2_ws/install/velodyne_control_msgs/include/velodyne_control_msgs/velodyne_control_msgs/msg/detail
[3.576s] -- Installing: /home/alw82/ros2_ws/install/velodyne_control_msgs/include/velodyne_control_msgs/velodyne_control_msgs/msg/detail/dds_fastrtps
[3.576s] -- Installing: /home/alw82/ros2_ws/install/velodyne_control_msgs/include/velodyne_control_msgs/velodyne_control_msgs/msg/detail/velodyne_state__rosidl_typesupport_fastrtps_cpp.hpp
[3.576s] -- Installing: /home/alw82/ros2_ws/install/velodyne_control_msgs/lib/libvelodyne_control_msgs__rosidl_typesupport_fastrtps_cpp.so
[3.576s] -- Set runtime path of "/home/alw82/ros2_ws/install/velodyne_control_msgs/lib/libvelodyne_control_msgs__rosidl_typesupport_fastrtps_cpp.so" to ""
[3.576s] -- Up-to-date: /home/alw82/ros2_ws/install/velodyne_control_msgs/include/velodyne_control_msgs/velodyne_control_msgs
[3.576s] -- Up-to-date: /home/alw82/ros2_ws/install/velodyne_control_msgs/include/velodyne_control_msgs/velodyne_control_msgs/srv
[3.576s] -- Up-to-date: /home/alw82/ros2_ws/install/velodyne_control_msgs/include/velodyne_control_msgs/velodyne_control_msgs/srv/detail
[3.576s] -- Installing: /home/alw82/ros2_ws/install/velodyne_control_msgs/include/velodyne_control_msgs/velodyne_control_msgs/srv/detail/velodyne_control__type_support.cpp
[3.576s] -- Installing: /home/alw82/ros2_ws/install/velodyne_control_msgs/include/velodyne_control_msgs/velodyne_control_msgs/srv/detail/velodyne_control__rosidl_typesupport_introspection_cpp.hpp
[3.576s] -- Up-to-date: /home/alw82/ros2_ws/install/velodyne_control_msgs/include/velodyne_control_msgs/velodyne_control_msgs/msg
[3.576s] -- Up-to-date: /home/alw82/ros2_ws/install/velodyne_control_msgs/include/velodyne_control_msgs/velodyne_control_msgs/msg/detail
[3.576s] -- Installing: /home/alw82/ros2_ws/install/velodyne_control_msgs/include/velodyne_control_msgs/velodyne_control_msgs/msg/detail/velodyne_state__type_support.cpp
[3.576s] -- Installing: /home/alw82/ros2_ws/install/velodyne_control_msgs/include/velodyne_control_msgs/velodyne_control_msgs/msg/detail/velodyne_state__rosidl_typesupport_introspection_cpp.hpp
[3.576s] -- Installing: /home/alw82/ros2_ws/install/velodyne_control_msgs/lib/libvelodyne_control_msgs__rosidl_typesupport_introspection_cpp.so
[3.576s] -- Set runtime path of "/home/alw82/ros2_ws/install/velodyne_control_msgs/lib/libvelodyne_control_msgs__rosidl_typesupport_introspection_cpp.so" to ""
[3.576s] -- Installing: /home/alw82/ros2_ws/install/velodyne_control_msgs/lib/libvelodyne_control_msgs__rosidl_typesupport_cpp.so
[3.576s] -- Set runtime path of "/home/alw82/ros2_ws/install/velodyne_control_msgs/lib/libvelodyne_control_msgs__rosidl_typesupport_cpp.so" to ""
[3.576s] -- Installing: /home/alw82/ros2_ws/install/velodyne_control_msgs/share/velodyne_control_msgs/environment/pythonpath.sh
[3.576s] -- Installing: /home/alw82/ros2_ws/install/velodyne_control_msgs/share/velodyne_control_msgs/environment/pythonpath.dsv
[3.576s] -- Installing: /home/alw82/ros2_ws/install/velodyne_control_msgs/local/lib/python3.10/dist-packages/velodyne_control_msgs-0.0.0-py3.10.egg-info
[3.576s] -- Installing: /home/alw82/ros2_ws/install/velodyne_control_msgs/local/lib/python3.10/dist-packages/velodyne_control_msgs-0.0.0-py3.10.egg-info/PKG-INFO
[3.577s] -- Installing: /home/alw82/ros2_ws/install/velodyne_control_msgs/local/lib/python3.10/dist-packages/velodyne_control_msgs-0.0.0-py3.10.egg-info/dependency_links.txt
[3.577s] -- Installing: /home/alw82/ros2_ws/install/velodyne_control_msgs/local/lib/python3.10/dist-packages/velodyne_control_msgs-0.0.0-py3.10.egg-info/SOURCES.txt
[3.577s] -- Installing: /home/alw82/ros2_ws/install/velodyne_control_msgs/local/lib/python3.10/dist-packages/velodyne_control_msgs-0.0.0-py3.10.egg-info/top_level.txt
[3.577s] -- Installing: /home/alw82/ros2_ws/install/velodyne_control_msgs/local/lib/python3.10/dist-packages/velodyne_control_msgs
[3.577s] -- Installing: /home/alw82/ros2_ws/install/velodyne_control_msgs/local/lib/python3.10/dist-packages/velodyne_control_msgs/srv
[3.577s] -- Installing: /home/alw82/ros2_ws/install/velodyne_control_msgs/local/lib/python3.10/dist-packages/velodyne_control_msgs/srv/_velodyne_control_s.c
[3.577s] -- Installing: /home/alw82/ros2_ws/install/velodyne_control_msgs/local/lib/python3.10/dist-packages/velodyne_control_msgs/srv/_velodyne_control.py
[3.577s] -- Installing: /home/alw82/ros2_ws/install/velodyne_control_msgs/local/lib/python3.10/dist-packages/velodyne_control_msgs/srv/__init__.py
[3.577s] -- Installing: /home/alw82/ros2_ws/install/velodyne_control_msgs/local/lib/python3.10/dist-packages/velodyne_control_msgs/libvelodyne_control_msgs__rosidl_generator_py.so
[3.577s] -- Installing: /home/alw82/ros2_ws/install/velodyne_control_msgs/local/lib/python3.10/dist-packages/velodyne_control_msgs/velodyne_control_msgs_s__rosidl_typesupport_introspection_c.cpython-310-x86_64-linux-gnu.so
[3.577s] -- Installing: /home/alw82/ros2_ws/install/velodyne_control_msgs/local/lib/python3.10/dist-packages/velodyne_control_msgs/velodyne_control_msgs_s__rosidl_typesupport_c.cpython-310-x86_64-linux-gnu.so
[3.577s] -- Installing: /home/alw82/ros2_ws/install/velodyne_control_msgs/local/lib/python3.10/dist-packages/velodyne_control_msgs/_velodyne_control_msgs_s.ep.rosidl_typesupport_fastrtps_c.c
[3.577s] -- Installing: /home/alw82/ros2_ws/install/velodyne_control_msgs/local/lib/python3.10/dist-packages/velodyne_control_msgs/_velodyne_control_msgs_s.ep.rosidl_typesupport_c.c
[3.577s] -- Installing: /home/alw82/ros2_ws/install/velodyne_control_msgs/local/lib/python3.10/dist-packages/velodyne_control_msgs/msg
[3.577s] -- Installing: /home/alw82/ros2_ws/install/velodyne_control_msgs/local/lib/python3.10/dist-packages/velodyne_control_msgs/msg/_velodyne_state_s.c
[3.577s] -- Installing: /home/alw82/ros2_ws/install/velodyne_control_msgs/local/lib/python3.10/dist-packages/velodyne_control_msgs/msg/_velodyne_state.py
[3.577s] -- Installing: /home/alw82/ros2_ws/install/velodyne_control_msgs/local/lib/python3.10/dist-packages/velodyne_control_msgs/msg/__init__.py
[3.577s] -- Installing: /home/alw82/ros2_ws/install/velodyne_control_msgs/local/lib/python3.10/dist-packages/velodyne_control_msgs/velodyne_control_msgs_s__rosidl_typesupport_fastrtps_c.cpython-310-x86_64-linux-gnu.so
[3.577s] -- Installing: /home/alw82/ros2_ws/install/velodyne_control_msgs/local/lib/python3.10/dist-packages/velodyne_control_msgs/_velodyne_control_msgs_s.ep.rosidl_typesupport_introspection_c.c
[3.577s] -- Installing: /home/alw82/ros2_ws/install/velodyne_control_msgs/local/lib/python3.10/dist-packages/velodyne_control_msgs/__init__.py
[3.597s] Listing '/home/alw82/ros2_ws/install/velodyne_control_msgs/local/lib/python3.10/dist-packages/velodyne_control_msgs'...
[3.597s] Compiling '/home/alw82/ros2_ws/install/velodyne_control_msgs/local/lib/python3.10/dist-packages/velodyne_control_msgs/__init__.py'...
[3.597s] Listing '/home/alw82/ros2_ws/install/velodyne_control_msgs/local/lib/python3.10/dist-packages/velodyne_control_msgs/msg'...
[3.597s] Compiling '/home/alw82/ros2_ws/install/velodyne_control_msgs/local/lib/python3.10/dist-packages/velodyne_control_msgs/msg/__init__.py'...
[3.597s] Compiling '/home/alw82/ros2_ws/install/velodyne_control_msgs/local/lib/python3.10/dist-packages/velodyne_control_msgs/msg/_velodyne_state.py'...
[3.597s] Listing '/home/alw82/ros2_ws/install/velodyne_control_msgs/local/lib/python3.10/dist-packages/velodyne_control_msgs/srv'...
[3.597s] Compiling '/home/alw82/ros2_ws/install/velodyne_control_msgs/local/lib/python3.10/dist-packages/velodyne_control_msgs/srv/__init__.py'...
[3.597s] Compiling '/home/alw82/ros2_ws/install/velodyne_control_msgs/local/lib/python3.10/dist-packages/velodyne_control_msgs/srv/_velodyne_control.py'...
[3.600s] -- Installing: /home/alw82/ros2_ws/install/velodyne_control_msgs/local/lib/python3.10/dist-packages/velodyne_control_msgs/velodyne_control_msgs_s__rosidl_typesupport_fastrtps_c.cpython-310-x86_64-linux-gnu.so
[3.600s] -- Set runtime path of "/home/alw82/ros2_ws/install/velodyne_control_msgs/local/lib/python3.10/dist-packages/velodyne_control_msgs/velodyne_control_msgs_s__rosidl_typesupport_fastrtps_c.cpython-310-x86_64-linux-gnu.so" to ""
[3.600s] -- Installing: /home/alw82/ros2_ws/install/velodyne_control_msgs/local/lib/python3.10/dist-packages/velodyne_control_msgs/velodyne_control_msgs_s__rosidl_typesupport_introspection_c.cpython-310-x86_64-linux-gnu.so
[3.600s] -- Set runtime path of "/home/alw82/ros2_ws/install/velodyne_control_msgs/local/lib/python3.10/dist-packages/velodyne_control_msgs/velodyne_control_msgs_s__rosidl_typesupport_introspection_c.cpython-310-x86_64-linux-gnu.so" to ""
[3.600s] -- Installing: /home/alw82/ros2_ws/install/velodyne_control_msgs/local/lib/python3.10/dist-packages/velodyne_control_msgs/velodyne_control_msgs_s__rosidl_typesupport_c.cpython-310-x86_64-linux-gnu.so
[3.600s] -- Set runtime path of "/home/alw82/ros2_ws/install/velodyne_control_msgs/local/lib/python3.10/dist-packages/velodyne_control_msgs/velodyne_control_msgs_s__rosidl_typesupport_c.cpython-310-x86_64-linux-gnu.so" to ""
[3.601s] -- Installing: /home/alw82/ros2_ws/install/velodyne_control_msgs/lib/libvelodyne_control_msgs__rosidl_generator_py.so
[3.601s] -- Set runtime path of "/home/alw82/ros2_ws/install/velodyne_control_msgs/lib/libvelodyne_control_msgs__rosidl_generator_py.so" to ""
[3.601s] -- Installing: /home/alw82/ros2_ws/install/velodyne_control_msgs/share/velodyne_control_msgs/msg/VelodyneState.idl
[3.601s] -- Installing: /home/alw82/ros2_ws/install/velodyne_control_msgs/share/velodyne_control_msgs/srv/VelodyneControl.idl
[3.601s] -- Up-to-date: /home/alw82/ros2_ws/install/velodyne_control_msgs/share/velodyne_control_msgs/msg/VelodyneState.msg
[3.601s] -- Up-to-date: /home/alw82/ros2_ws/install/velodyne_control_msgs/share/velodyne_control_msgs/srv/VelodyneControl.srv
[3.601s] -- Installing: /home/alw82/ros2_ws/install/velodyne_control_msgs/share/velodyne_control_msgs/srv/VelodyneControl_Request.msg
[3.601s] -- Installing: /home/alw82/ros2_ws/install/velodyne_control_msgs/share/velodyne_control_msgs/srv/VelodyneControl_Response.msg
[3.601s] -- Installing: /home/alw82/ros2_ws/install/velodyne_control_msgs/share/ament_index/resource_index/package_run_dependencies/velodyne_control_msgs
[3.601s] -- Installing: /home/alw82/ros2_ws/install/velodyne_control_msgs/share/ament_index/resource_index/parent_prefix_path/velodyne_control_msgs
[3.601s] -- Installing: /home/alw82/ros2_ws/install/velodyne_control_msgs/share/velodyne_control_msgs/environment/ament_prefix_path.sh
[3.601s] -- Installing: /home/alw82/ros2_ws/install/velodyne_control_msgs/share/velodyne_control_msgs/environment/ament_prefix_path.dsv
[3.601s] -- Installing: /home/alw82/ros2_ws/install/velodyne_control_msgs/share/velodyne_control_msgs/environment/path.sh
[3.601s] -- Installing: /home/alw82/ros2_ws/install/velodyne_control_msgs/share/velodyne_control_msgs/environment/path.dsv
[3.602s] -- Installing: /home/alw82/ros2_ws/install/velodyne_control_msgs/share/velodyne_control_msgs/local_setup.bash
[3.602s] -- Installing: /home/alw82/ros2_ws/install/velodyne_control_msgs/share/velodyne_control_msgs/local_setup.sh
[3.602s] -- Installing: /home/alw82/ros2_ws/install/velodyne_control_msgs/share/velodyne_control_msgs/local_setup.zsh
[3.602s] -- Installing: /home/alw82/ros2_ws/install/velodyne_control_msgs/share/velodyne_control_msgs/local_setup.dsv
[3.602s] -- Installing: /home/alw82/ros2_ws/install/velodyne_control_msgs/share/velodyne_control_msgs/package.dsv
[3.602s] -- Installing: /home/alw82/ros2_ws/install/velodyne_control_msgs/share/ament_index/resource_index/packages/velodyne_control_msgs
[3.602s] -- Installing: /home/alw82/ros2_ws/install/velodyne_control_msgs/share/velodyne_control_msgs/cmake/export_velodyne_control_msgs__rosidl_generator_cExport.cmake
[3.602s] -- Installing: /home/alw82/ros2_ws/install/velodyne_control_msgs/share/velodyne_control_msgs/cmake/export_velodyne_control_msgs__rosidl_generator_cExport-noconfig.cmake
[3.602s] -- Installing: /home/alw82/ros2_ws/install/velodyne_control_msgs/share/velodyne_control_msgs/cmake/export_velodyne_control_msgs__rosidl_typesupport_fastrtps_cExport.cmake
[3.602s] -- Installing: /home/alw82/ros2_ws/install/velodyne_control_msgs/share/velodyne_control_msgs/cmake/export_velodyne_control_msgs__rosidl_typesupport_fastrtps_cExport-noconfig.cmake
[3.603s] -- Installing: /home/alw82/ros2_ws/install/velodyne_control_msgs/share/velodyne_control_msgs/cmake/velodyne_control_msgs__rosidl_typesupport_introspection_cExport.cmake
[3.603s] -- Installing: /home/alw82/ros2_ws/install/velodyne_control_msgs/share/velodyne_control_msgs/cmake/velodyne_control_msgs__rosidl_typesupport_introspection_cExport-noconfig.cmake
[3.603s] -- Installing: /home/alw82/ros2_ws/install/velodyne_control_msgs/share/velodyne_control_msgs/cmake/velodyne_control_msgs__rosidl_typesupport_cExport.cmake
[3.603s] -- Installing: /home/alw82/ros2_ws/install/velodyne_control_msgs/share/velodyne_control_msgs/cmake/velodyne_control_msgs__rosidl_typesupport_cExport-noconfig.cmake
[3.603s] -- Installing: /home/alw82/ros2_ws/install/velodyne_control_msgs/share/velodyne_control_msgs/cmake/export_velodyne_control_msgs__rosidl_generator_cppExport.cmake
[3.603s] -- Installing: /home/alw82/ros2_ws/install/velodyne_control_msgs/share/velodyne_control_msgs/cmake/export_velodyne_control_msgs__rosidl_typesupport_fastrtps_cppExport.cmake
[3.603s] -- Installing: /home/alw82/ros2_ws/install/velodyne_control_msgs/share/velodyne_control_msgs/cmake/export_velodyne_control_msgs__rosidl_typesupport_fastrtps_cppExport-noconfig.cmake
[3.603s] -- Installing: /home/alw82/ros2_ws/install/velodyne_control_msgs/share/velodyne_control_msgs/cmake/velodyne_control_msgs__rosidl_typesupport_introspection_cppExport.cmake
[3.603s] -- Installing: /home/alw82/ros2_ws/install/velodyne_control_msgs/share/velodyne_control_msgs/cmake/velodyne_control_msgs__rosidl_typesupport_introspection_cppExport-noconfig.cmake
[3.603s] -- Installing: /home/alw82/ros2_ws/install/velodyne_control_msgs/share/velodyne_control_msgs/cmake/velodyne_control_msgs__rosidl_typesupport_cppExport.cmake
[3.603s] -- Installing: /home/alw82/ros2_ws/install/velodyne_control_msgs/share/velodyne_control_msgs/cmake/velodyne_control_msgs__rosidl_typesupport_cppExport-noconfig.cmake
[3.603s] -- Installing: /home/alw82/ros2_ws/install/velodyne_control_msgs/share/velodyne_control_msgs/cmake/export_velodyne_control_msgs__rosidl_generator_pyExport.cmake
[3.603s] -- Installing: /home/alw82/ros2_ws/install/velodyne_control_msgs/share/velodyne_control_msgs/cmake/export_velodyne_control_msgs__rosidl_generator_pyExport-noconfig.cmake
[3.603s] -- Installing: /home/alw82/ros2_ws/install/velodyne_control_msgs/share/velodyne_control_msgs/cmake/rosidl_cmake-extras.cmake
[3.603s] -- Installing: /home/alw82/ros2_ws/install/velodyne_control_msgs/share/velodyne_control_msgs/cmake/ament_cmake_export_include_directories-extras.cmake
[3.603s] -- Installing: /home/alw82/ros2_ws/install/velodyne_control_msgs/share/velodyne_control_msgs/cmake/ament_cmake_export_libraries-extras.cmake
[3.603s] -- Installing: /home/alw82/ros2_ws/install/velodyne_control_msgs/share/velodyne_control_msgs/cmake/ament_cmake_export_targets-extras.cmake
[3.603s] -- Installing: /home/alw82/ros2_ws/install/velodyne_control_msgs/share/velodyne_control_msgs/cmake/rosidl_cmake_export_typesupport_targets-extras.cmake
[3.603s] -- Installing: /home/alw82/ros2_ws/install/velodyne_control_msgs/share/velodyne_control_msgs/cmake/ament_cmake_export_dependencies-extras.cmake
[3.603s] -- Installing: /home/alw82/ros2_ws/install/velodyne_control_msgs/share/velodyne_control_msgs/cmake/rosidl_cmake_export_typesupport_libraries-extras.cmake
[3.603s] -- Installing: /home/alw82/ros2_ws/install/velodyne_control_msgs/share/velodyne_control_msgs/cmake/velodyne_control_msgsConfig.cmake
[3.603s] -- Installing: /home/alw82/ros2_ws/install/velodyne_control_msgs/share/velodyne_control_msgs/cmake/velodyne_control_msgsConfig-version.cmake
[3.603s] -- Installing: /home/alw82/ros2_ws/install/velodyne_control_msgs/share/velodyne_control_msgs/package.xml
[3.605s] Invoked command in '/home/alw82/ros2_ws/build/velodyne_control_msgs' returned '0': CMAKE_PREFIX_PATH=/opt/ros/humble /usr/bin/cmake --install /home/alw82/ros2_ws/build/velodyne_control_msgs
