[0.605s] Invoking command in '/home/alw82/ros2_ws/src/opencv_tools': PYTHONPATH=/home/alw82/ros2_ws/build/opencv_tools/prefix_override:/home/alw82/ros2_ws/install/opencv_tools/lib/python3.10/site-packages:${PYTHONPATH} /usr/bin/python3 setup.py egg_info --egg-base ../../build/opencv_tools build --build-base /home/alw82/ros2_ws/build/opencv_tools/build install --record /home/alw82/ros2_ws/build/opencv_tools/install.log --single-version-externally-managed
[0.720s] running egg_info
[0.720s] creating ../../build/opencv_tools/opencv_tools.egg-info
[0.721s] writing ../../build/opencv_tools/opencv_tools.egg-info/PKG-INFO
[0.721s] writing dependency_links to ../../build/opencv_tools/opencv_tools.egg-info/dependency_links.txt
[0.721s] writing entry points to ../../build/opencv_tools/opencv_tools.egg-info/entry_points.txt
[0.721s] writing requirements to ../../build/opencv_tools/opencv_tools.egg-info/requires.txt
[0.721s] writing top-level names to ../../build/opencv_tools/opencv_tools.egg-info/top_level.txt
[0.721s] writing manifest file '../../build/opencv_tools/opencv_tools.egg-info/SOURCES.txt'
[0.722s] reading manifest file '../../build/opencv_tools/opencv_tools.egg-info/SOURCES.txt'
[0.722s] writing manifest file '../../build/opencv_tools/opencv_tools.egg-info/SOURCES.txt'
[0.722s] running build
[0.723s] running build_py
[0.723s] creating /home/alw82/ros2_ws/build/opencv_tools/build
[0.723s] creating /home/alw82/ros2_ws/build/opencv_tools/build/lib
[0.723s] creating /home/alw82/ros2_ws/build/opencv_tools/build/lib/opencv_tools
[0.723s] copying opencv_tools/colourDetector.py -> /home/alw82/ros2_ws/build/opencv_tools/build/lib/opencv_tools
[0.723s] copying opencv_tools/basic_image_subscriber.py -> /home/alw82/ros2_ws/build/opencv_tools/build/lib/opencv_tools
[0.723s] copying opencv_tools/basic_image_publisher.py -> /home/alw82/ros2_ws/build/opencv_tools/build/lib/opencv_tools
[0.723s] copying opencv_tools/__init__.py -> /home/alw82/ros2_ws/build/opencv_tools/build/lib/opencv_tools
[0.723s] running install
[0.724s] /usr/lib/python3/dist-packages/setuptools/command/install.py:34: SetuptoolsDeprecationWarning: setup.py install is deprecated. Use build and pip and other standards-based tools.
[0.724s]   warnings.warn(
[0.724s] running install_lib
[0.724s] creating /home/alw82/ros2_ws/install/opencv_tools/lib/python3.10/site-packages/opencv_tools
[0.724s] copying /home/alw82/ros2_ws/build/opencv_tools/build/lib/opencv_tools/colourDetector.py -> /home/alw82/ros2_ws/install/opencv_tools/lib/python3.10/site-packages/opencv_tools
[0.725s] copying /home/alw82/ros2_ws/build/opencv_tools/build/lib/opencv_tools/basic_image_subscriber.py -> /home/alw82/ros2_ws/install/opencv_tools/lib/python3.10/site-packages/opencv_tools
[0.725s] copying /home/alw82/ros2_ws/build/opencv_tools/build/lib/opencv_tools/basic_image_publisher.py -> /home/alw82/ros2_ws/install/opencv_tools/lib/python3.10/site-packages/opencv_tools
[0.725s] copying /home/alw82/ros2_ws/build/opencv_tools/build/lib/opencv_tools/__init__.py -> /home/alw82/ros2_ws/install/opencv_tools/lib/python3.10/site-packages/opencv_tools
[0.725s] byte-compiling /home/alw82/ros2_ws/install/opencv_tools/lib/python3.10/site-packages/opencv_tools/colourDetector.py to colourDetector.cpython-310.pyc
[0.726s] byte-compiling /home/alw82/ros2_ws/install/opencv_tools/lib/python3.10/site-packages/opencv_tools/basic_image_subscriber.py to basic_image_subscriber.cpython-310.pyc
[0.726s] byte-compiling /home/alw82/ros2_ws/install/opencv_tools/lib/python3.10/site-packages/opencv_tools/basic_image_publisher.py to basic_image_publisher.cpython-310.pyc
[0.726s] byte-compiling /home/alw82/ros2_ws/install/opencv_tools/lib/python3.10/site-packages/opencv_tools/__init__.py to __init__.cpython-310.pyc
[0.726s] running install_data
[0.727s] creating /home/alw82/ros2_ws/install/opencv_tools/share/ament_index
[0.727s] creating /home/alw82/ros2_ws/install/opencv_tools/share/ament_index/resource_index
[0.727s] creating /home/alw82/ros2_ws/install/opencv_tools/share/ament_index/resource_index/packages
[0.727s] copying resource/opencv_tools -> /home/alw82/ros2_ws/install/opencv_tools/share/ament_index/resource_index/packages
[0.727s] copying package.xml -> /home/alw82/ros2_ws/install/opencv_tools/share/opencv_tools
[0.727s] creating /home/alw82/ros2_ws/install/opencv_tools/share/opencv_tools/launch
[0.727s] copying launch/colour_detector.launch.xml:Zone.Identifier -> /home/alw82/ros2_ws/install/opencv_tools/share/opencv_tools/launch
[0.727s] copying launch/colour_detector.launch.xml -> /home/alw82/ros2_ws/install/opencv_tools/share/opencv_tools/launch
[0.727s] running install_egg_info
[0.728s] Copying ../../build/opencv_tools/opencv_tools.egg-info to /home/alw82/ros2_ws/install/opencv_tools/lib/python3.10/site-packages/opencv_tools-0.0.0-py3.10.egg-info
[0.728s] running install_scripts
[0.741s] Installing colour_detector script to /home/alw82/ros2_ws/install/opencv_tools/lib/opencv_tools
[0.741s] Installing img_publisher script to /home/alw82/ros2_ws/install/opencv_tools/lib/opencv_tools
[0.741s] Installing img_subscriber script to /home/alw82/ros2_ws/install/opencv_tools/lib/opencv_tools
[0.741s] writing list of installed files to '/home/alw82/ros2_ws/build/opencv_tools/install.log'
[0.759s] Invoked command in '/home/alw82/ros2_ws/src/opencv_tools' returned '0': PYTHONPATH=/home/alw82/ros2_ws/build/opencv_tools/prefix_override:/home/alw82/ros2_ws/install/opencv_tools/lib/python3.10/site-packages:${PYTHONPATH} /usr/bin/python3 setup.py egg_info --egg-base ../../build/opencv_tools build --build-base /home/alw82/ros2_ws/build/opencv_tools/build install --record /home/alw82/ros2_ws/build/opencv_tools/install.log --single-version-externally-managed
