[35m[1mConsolidate compiler generated dependencies of target tiago_moveit_interface[0m
[100%] Built target tiago_moveit_interface
-- Install configuration: ""
-- Up-to-date: /home/alw82/ros2_ws/install/ros360_moveit/lib/ros360_moveit/tiago_moveit_interface
-- Up-to-date: /home/alw82/ros2_ws/install/ros360_moveit/share/ros360_moveit//launch
-- Up-to-date: /home/alw82/ros2_ws/install/ros360_moveit/share/ros360_moveit//launch/ros360_moveit.launch.py
-- Up-to-date: /home/alw82/ros2_ws/install/ros360_moveit/share/ros360_moveit//launch/ros360_moveit.launch.py:Zone.Identifier
-- Up-to-date: /home/alw82/ros2_ws/install/ros360_moveit/share/ament_index/resource_index/package_run_dependencies/ros360_moveit
-- Up-to-date: /home/alw82/ros2_ws/install/ros360_moveit/share/ament_index/resource_index/parent_prefix_path/ros360_moveit
-- Up-to-date: /home/alw82/ros2_ws/install/ros360_moveit/share/ros360_moveit/environment/ament_prefix_path.sh
-- Up-to-date: /home/alw82/ros2_ws/install/ros360_moveit/share/ros360_moveit/environment/ament_prefix_path.dsv
-- Up-to-date: /home/alw82/ros2_ws/install/ros360_moveit/share/ros360_moveit/environment/path.sh
-- Up-to-date: /home/alw82/ros2_ws/install/ros360_moveit/share/ros360_moveit/environment/path.dsv
-- Up-to-date: /home/alw82/ros2_ws/install/ros360_moveit/share/ros360_moveit/local_setup.bash
-- Up-to-date: /home/alw82/ros2_ws/install/ros360_moveit/share/ros360_moveit/local_setup.sh
-- Up-to-date: /home/alw82/ros2_ws/install/ros360_moveit/share/ros360_moveit/local_setup.zsh
-- Up-to-date: /home/alw82/ros2_ws/install/ros360_moveit/share/ros360_moveit/local_setup.dsv
-- Installing: /home/alw82/ros2_ws/install/ros360_moveit/share/ros360_moveit/package.dsv
-- Up-to-date: /home/alw82/ros2_ws/install/ros360_moveit/share/ament_index/resource_index/packages/ros360_moveit
-- Up-to-date: /home/alw82/ros2_ws/install/ros360_moveit/share/ros360_moveit/cmake/ros360_moveitConfig.cmake
-- Up-to-date: /home/alw82/ros2_ws/install/ros360_moveit/share/ros360_moveit/cmake/ros360_moveitConfig-version.cmake
-- Up-to-date: /home/alw82/ros2_ws/install/ros360_moveit/share/ros360_moveit/package.xml
