[0.221s] Invoking command in '/home/alw82/ros2_ws/build/turtlebot3_navigation2': CMAKE_PREFIX_PATH=/opt/ros/humble /usr/bin/cmake /home/alw82/ros2_ws/src/turtlebot3/turtlebot3_navigation2 -DCMAKE_INSTALL_PREFIX=/home/alw82/ros2_ws/install/turtlebot3_navigation2
[0.292s] -- The C compiler identification is GNU 11.4.0
[0.651s] -- The CXX compiler identification is GNU 11.4.0
[0.938s] -- Detecting C compiler ABI info
[1.032s] -- Detecting C compiler ABI info - done
[1.036s] -- Check for working C compiler: /usr/bin/cc - skipped
[1.036s] -- Detecting C compile features
[1.036s] -- Detecting C compile features - done
[1.038s] -- Detecting CXX compiler ABI info
[1.127s] -- Detecting CXX compiler ABI info - done
[1.131s] -- Check for working CXX compiler: /usr/bin/c++ - skipped
[1.131s] -- Detecting CXX compile features
[1.132s] -- Detecting CXX compile features - done
[1.134s] -- Found ament_cmake: 1.3.7 (/opt/ros/humble/share/ament_cmake/cmake)
[1.222s] -- Found Python3: /usr/bin/python3.10 (found version "3.10.12") found components: Interpreter 
[1.311s] -- Configuring done
[1.312s] -- Generating done
[1.313s] -- Build files have been written to: /home/alw82/ros2_ws/build/turtlebot3_navigation2
[1.315s] Invoked command in '/home/alw82/ros2_ws/build/turtlebot3_navigation2' returned '0': CMAKE_PREFIX_PATH=/opt/ros/humble /usr/bin/cmake /home/alw82/ros2_ws/src/turtlebot3/turtlebot3_navigation2 -DCMAKE_INSTALL_PREFIX=/home/alw82/ros2_ws/install/turtlebot3_navigation2
[1.316s] Invoking command in '/home/alw82/ros2_ws/build/turtlebot3_navigation2': CMAKE_PREFIX_PATH=/opt/ros/humble /usr/bin/cmake --build /home/alw82/ros2_ws/build/turtlebot3_navigation2 -- -j24 -l24
[1.366s] Invoked command in '/home/alw82/ros2_ws/build/turtlebot3_navigation2' returned '0': CMAKE_PREFIX_PATH=/opt/ros/humble /usr/bin/cmake --build /home/alw82/ros2_ws/build/turtlebot3_navigation2 -- -j24 -l24
[1.374s] Invoking command in '/home/alw82/ros2_ws/build/turtlebot3_navigation2': CMAKE_PREFIX_PATH=/opt/ros/humble /usr/bin/cmake --install /home/alw82/ros2_ws/build/turtlebot3_navigation2
[1.378s] -- Install configuration: ""
[1.378s] -- Installing: /home/alw82/ros2_ws/install/turtlebot3_navigation2/share/turtlebot3_navigation2/launch
[1.378s] -- Installing: /home/alw82/ros2_ws/install/turtlebot3_navigation2/share/turtlebot3_navigation2/launch/navigation2_use_sim_time.launch.py
[1.378s] -- Installing: /home/alw82/ros2_ws/install/turtlebot3_navigation2/share/turtlebot3_navigation2/launch/navigation2_use_sim_time.launch.py:Zone.Identifier
[1.378s] -- Installing: /home/alw82/ros2_ws/install/turtlebot3_navigation2/share/turtlebot3_navigation2/launch/navigation2.launch.py
[1.378s] -- Installing: /home/alw82/ros2_ws/install/turtlebot3_navigation2/share/turtlebot3_navigation2/launch/navigation2.launch.py:Zone.Identifier
[1.378s] -- Installing: /home/alw82/ros2_ws/install/turtlebot3_navigation2/share/turtlebot3_navigation2/map
[1.379s] -- Installing: /home/alw82/ros2_ws/install/turtlebot3_navigation2/share/turtlebot3_navigation2/map/turtlebot3_world.pgm
[1.379s] -- Installing: /home/alw82/ros2_ws/install/turtlebot3_navigation2/share/turtlebot3_navigation2/map/turtlebot3_world.yaml:Zone.Identifier
[1.379s] -- Installing: /home/alw82/ros2_ws/install/turtlebot3_navigation2/share/turtlebot3_navigation2/map/turtlebot3_world.yaml
[1.379s] -- Installing: /home/alw82/ros2_ws/install/turtlebot3_navigation2/share/turtlebot3_navigation2/map/turtlebot3_world.pgm:Zone.Identifier
[1.379s] -- Installing: /home/alw82/ros2_ws/install/turtlebot3_navigation2/share/turtlebot3_navigation2/param
[1.379s] -- Installing: /home/alw82/ros2_ws/install/turtlebot3_navigation2/share/turtlebot3_navigation2/param/waffle_pi.yaml
[1.381s] -- Installing: /home/alw82/ros2_ws/install/turtlebot3_navigation2/share/turtlebot3_navigation2/param/waffle_pi_use_sim_time.yaml
[1.381s] -- Installing: /home/alw82/ros2_ws/install/turtlebot3_navigation2/share/turtlebot3_navigation2/param/waffle_pi_use_sim_time.yaml:Zone.Identifier
[1.381s] -- Installing: /home/alw82/ros2_ws/install/turtlebot3_navigation2/share/turtlebot3_navigation2/param/burger_use_sim_time.yaml:Zone.Identifier
[1.381s] -- Installing: /home/alw82/ros2_ws/install/turtlebot3_navigation2/share/turtlebot3_navigation2/param/burger_use_sim_time.yaml
[1.381s] -- Installing: /home/alw82/ros2_ws/install/turtlebot3_navigation2/share/turtlebot3_navigation2/param/waffle_pi.yaml:Zone.Identifier
[1.381s] -- Installing: /home/alw82/ros2_ws/install/turtlebot3_navigation2/share/turtlebot3_navigation2/param/burger.yaml
[1.381s] -- Installing: /home/alw82/ros2_ws/install/turtlebot3_navigation2/share/turtlebot3_navigation2/param/burger.yaml:Zone.Identifier
[1.382s] -- Installing: /home/alw82/ros2_ws/install/turtlebot3_navigation2/share/turtlebot3_navigation2/rviz
[1.382s] -- Installing: /home/alw82/ros2_ws/install/turtlebot3_navigation2/share/turtlebot3_navigation2/rviz/navigation2.rviz:Zone.Identifier
[1.382s] -- Installing: /home/alw82/ros2_ws/install/turtlebot3_navigation2/share/turtlebot3_navigation2/rviz/navigation2.rviz
[1.382s] -- Installing: /home/alw82/ros2_ws/install/turtlebot3_navigation2/share/ament_index/resource_index/package_run_dependencies/turtlebot3_navigation2
[1.382s] -- Installing: /home/alw82/ros2_ws/install/turtlebot3_navigation2/share/ament_index/resource_index/parent_prefix_path/turtlebot3_navigation2
[1.382s] -- Installing: /home/alw82/ros2_ws/install/turtlebot3_navigation2/share/turtlebot3_navigation2/environment/ament_prefix_path.sh
[1.382s] -- Installing: /home/alw82/ros2_ws/install/turtlebot3_navigation2/share/turtlebot3_navigation2/environment/ament_prefix_path.dsv
[1.382s] -- Installing: /home/alw82/ros2_ws/install/turtlebot3_navigation2/share/turtlebot3_navigation2/environment/path.sh
[1.382s] -- Installing: /home/alw82/ros2_ws/install/turtlebot3_navigation2/share/turtlebot3_navigation2/environment/path.dsv
[1.382s] -- Installing: /home/alw82/ros2_ws/install/turtlebot3_navigation2/share/turtlebot3_navigation2/local_setup.bash
[1.382s] -- Installing: /home/alw82/ros2_ws/install/turtlebot3_navigation2/share/turtlebot3_navigation2/local_setup.sh
[1.382s] -- Installing: /home/alw82/ros2_ws/install/turtlebot3_navigation2/share/turtlebot3_navigation2/local_setup.zsh
[1.382s] -- Installing: /home/alw82/ros2_ws/install/turtlebot3_navigation2/share/turtlebot3_navigation2/local_setup.dsv
[1.383s] -- Installing: /home/alw82/ros2_ws/install/turtlebot3_navigation2/share/turtlebot3_navigation2/package.dsv
[1.383s] -- Installing: /home/alw82/ros2_ws/install/turtlebot3_navigation2/share/ament_index/resource_index/packages/turtlebot3_navigation2
[1.383s] -- Installing: /home/alw82/ros2_ws/install/turtlebot3_navigation2/share/turtlebot3_navigation2/cmake/turtlebot3_navigation2Config.cmake
[1.383s] -- Installing: /home/alw82/ros2_ws/install/turtlebot3_navigation2/share/turtlebot3_navigation2/cmake/turtlebot3_navigation2Config-version.cmake
[1.383s] -- Installing: /home/alw82/ros2_ws/install/turtlebot3_navigation2/share/turtlebot3_navigation2/package.xml
[1.409s] Invoked command in '/home/alw82/ros2_ws/build/turtlebot3_navigation2' returned '0': CMAKE_PREFIX_PATH=/opt/ros/humble /usr/bin/cmake --install /home/alw82/ros2_ws/build/turtlebot3_navigation2
