[0.199s] Invoking command in '/home/alw82/ros2_ws/build/turtlebot3_navigation2': CMAKE_PREFIX_PATH=${CMAKE_PREFIX_PATH}:/home/alw82/ros2_ws/install/opencv_tools:/opt/ros/humble /usr/bin/cmake --build /home/alw82/ros2_ws/build/turtlebot3_navigation2 -- -j24 -l24
[0.222s] Invoked command in '/home/alw82/ros2_ws/build/turtlebot3_navigation2' returned '0': CMAKE_PREFIX_PATH=${CMAKE_PREFIX_PATH}:/home/alw82/ros2_ws/install/opencv_tools:/opt/ros/humble /usr/bin/cmake --build /home/alw82/ros2_ws/build/turtlebot3_navigation2 -- -j24 -l24
[0.305s] Invoking command in '/home/alw82/ros2_ws/build/turtlebot3_navigation2': CMAKE_PREFIX_PATH=${CMAKE_PREFIX_PATH}:/home/alw82/ros2_ws/install/opencv_tools:/opt/ros/humble /usr/bin/cmake --install /home/alw82/ros2_ws/build/turtlebot3_navigation2
[0.311s] -- Install configuration: ""
[0.311s] -- Up-to-date: /home/alw82/ros2_ws/install/turtlebot3_navigation2/share/turtlebot3_navigation2/launch
[0.311s] -- Up-to-date: /home/alw82/ros2_ws/install/turtlebot3_navigation2/share/turtlebot3_navigation2/launch/navigation2_use_sim_time.launch.py
[0.311s] -- Up-to-date: /home/alw82/ros2_ws/install/turtlebot3_navigation2/share/turtlebot3_navigation2/launch/navigation2.launch.py
[0.311s] -- Up-to-date: /home/alw82/ros2_ws/install/turtlebot3_navigation2/share/turtlebot3_navigation2/map
[0.311s] -- Up-to-date: /home/alw82/ros2_ws/install/turtlebot3_navigation2/share/turtlebot3_navigation2/map/turtlebot3_world.pgm
[0.311s] -- Up-to-date: /home/alw82/ros2_ws/install/turtlebot3_navigation2/share/turtlebot3_navigation2/map/turtlebot3_world.yaml
[0.311s] -- Up-to-date: /home/alw82/ros2_ws/install/turtlebot3_navigation2/share/turtlebot3_navigation2/param
[0.311s] -- Up-to-date: /home/alw82/ros2_ws/install/turtlebot3_navigation2/share/turtlebot3_navigation2/param/waffle_pi.yaml
[0.312s] -- Up-to-date: /home/alw82/ros2_ws/install/turtlebot3_navigation2/share/turtlebot3_navigation2/param/waffle_pi_use_sim_time.yaml
[0.312s] -- Up-to-date: /home/alw82/ros2_ws/install/turtlebot3_navigation2/share/turtlebot3_navigation2/param/burger_use_sim_time.yaml
[0.312s] -- Up-to-date: /home/alw82/ros2_ws/install/turtlebot3_navigation2/share/turtlebot3_navigation2/param/burger.yaml
[0.312s] -- Up-to-date: /home/alw82/ros2_ws/install/turtlebot3_navigation2/share/turtlebot3_navigation2/rviz
[0.312s] -- Up-to-date: /home/alw82/ros2_ws/install/turtlebot3_navigation2/share/turtlebot3_navigation2/rviz/navigation2.rviz
[0.312s] -- Up-to-date: /home/alw82/ros2_ws/install/turtlebot3_navigation2/share/ament_index/resource_index/package_run_dependencies/turtlebot3_navigation2
[0.312s] -- Up-to-date: /home/alw82/ros2_ws/install/turtlebot3_navigation2/share/ament_index/resource_index/parent_prefix_path/turtlebot3_navigation2
[0.312s] -- Up-to-date: /home/alw82/ros2_ws/install/turtlebot3_navigation2/share/turtlebot3_navigation2/environment/ament_prefix_path.sh
[0.312s] -- Up-to-date: /home/alw82/ros2_ws/install/turtlebot3_navigation2/share/turtlebot3_navigation2/environment/ament_prefix_path.dsv
[0.312s] -- Up-to-date: /home/alw82/ros2_ws/install/turtlebot3_navigation2/share/turtlebot3_navigation2/environment/path.sh
[0.312s] -- Up-to-date: /home/alw82/ros2_ws/install/turtlebot3_navigation2/share/turtlebot3_navigation2/environment/path.dsv
[0.312s] -- Up-to-date: /home/alw82/ros2_ws/install/turtlebot3_navigation2/share/turtlebot3_navigation2/local_setup.bash
[0.313s] -- Up-to-date: /home/alw82/ros2_ws/install/turtlebot3_navigation2/share/turtlebot3_navigation2/local_setup.sh
[0.313s] -- Up-to-date: /home/alw82/ros2_ws/install/turtlebot3_navigation2/share/turtlebot3_navigation2/local_setup.zsh
[0.313s] -- Up-to-date: /home/alw82/ros2_ws/install/turtlebot3_navigation2/share/turtlebot3_navigation2/local_setup.dsv
[0.313s] -- Installing: /home/alw82/ros2_ws/install/turtlebot3_navigation2/share/turtlebot3_navigation2/package.dsv
[0.313s] -- Up-to-date: /home/alw82/ros2_ws/install/turtlebot3_navigation2/share/ament_index/resource_index/packages/turtlebot3_navigation2
[0.313s] -- Up-to-date: /home/alw82/ros2_ws/install/turtlebot3_navigation2/share/turtlebot3_navigation2/cmake/turtlebot3_navigation2Config.cmake
[0.313s] -- Up-to-date: /home/alw82/ros2_ws/install/turtlebot3_navigation2/share/turtlebot3_navigation2/cmake/turtlebot3_navigation2Config-version.cmake
[0.313s] -- Up-to-date: /home/alw82/ros2_ws/install/turtlebot3_navigation2/share/turtlebot3_navigation2/package.xml
[0.411s] Invoked command in '/home/alw82/ros2_ws/build/turtlebot3_navigation2' returned '0': CMAKE_PREFIX_PATH=${CMAKE_PREFIX_PATH}:/home/alw82/ros2_ws/install/opencv_tools:/opt/ros/humble /usr/bin/cmake --install /home/alw82/ros2_ws/build/turtlebot3_navigation2
