[0.175s] Invoking command in '/home/alw82/ros2_ws/build/velodyne_simulation': CMAKE_PREFIX_PATH=/opt/ros/humble /usr/bin/cmake /home/alw82/ros2_ws/src/velodyne/velodyne_simulation -DCMAKE_INSTALL_PREFIX=/home/alw82/ros2_ws/install/velodyne_simulation
[0.271s] -- The C compiler identification is GNU 11.4.0
[0.569s] -- The CXX compiler identification is GNU 11.4.0
[0.857s] -- Detecting C compiler ABI info
[0.948s] -- Detecting C compiler ABI info - done
[0.953s] -- Check for working C compiler: /usr/bin/cc - skipped
[0.953s] -- Detecting C compile features
[0.953s] -- Detecting C compile features - done
[0.955s] -- Detecting CXX compiler ABI info
[1.032s] -- Detecting CXX compiler ABI info - done
[1.035s] -- Check for working CXX compiler: /usr/bin/c++ - skipped
[1.036s] -- Detecting CXX compile features
[1.036s] -- Detecting CXX compile features - done
[1.037s] -- Found ament_cmake: 1.3.7 (/opt/ros/humble/share/ament_cmake/cmake)
[1.125s] -- Found Python3: /usr/bin/python3.10 (found version "3.10.12") found components: Interpreter 
[1.176s] -- Found ament_lint_auto: 0.12.10 (/opt/ros/humble/share/ament_lint_auto/cmake)
[1.223s] -- Found gazebo_ros: 3.7.0 (/opt/ros/humble/share/gazebo_ros/cmake)
[1.314s] -- Found rosidl_generator_c: 3.1.5 (/opt/ros/humble/share/rosidl_generator_c/cmake)
[1.317s] -- Found rosidl_adapter: 3.1.5 (/opt/ros/humble/share/rosidl_adapter/cmake)
[1.321s] -- Found rosidl_generator_cpp: 3.1.5 (/opt/ros/humble/share/rosidl_generator_cpp/cmake)
[1.331s] -- Using all available rosidl_typesupport_c: rosidl_typesupport_fastrtps_c;rosidl_typesupport_introspection_c
[1.342s] -- Using all available rosidl_typesupport_cpp: rosidl_typesupport_fastrtps_cpp;rosidl_typesupport_introspection_cpp
[1.376s] -- Found rmw_implementation_cmake: 6.1.1 (/opt/ros/humble/share/rmw_implementation_cmake/cmake)
[1.377s] -- Found rmw_fastrtps_cpp: 6.2.6 (/opt/ros/humble/share/rmw_fastrtps_cpp/cmake)
[1.899s] -- Found OpenSSL: /usr/lib/x86_64-linux-gnu/libcrypto.so (found version "3.0.2")  
[2.280s] -- Found FastRTPS: /opt/ros/humble/include  
[3.647s] -- Using RMW implementation 'rmw_fastrtps_cpp' as default
[3.652s] -- Looking for pthread.h
[3.720s] -- Looking for pthread.h - found
[3.720s] -- Performing Test CMAKE_HAVE_LIBC_PTHREAD
[3.797s] -- Performing Test CMAKE_HAVE_LIBC_PTHREAD - Success
[3.798s] -- Found Threads: TRUE  
[3.890s] -- Found PkgConfig: /usr/bin/pkg-config (found version "0.29.2") 
[3.891s] -- Checking for module 'bullet>=2.82'
[3.897s] --   Found bullet, version 3.05
[3.957s] -- Found fcl: /usr/include (found suitable version "0.7.0", minimum required is "0.5.0") 
[3.977s] -- Found assimp: /usr/include (found version "5.2.0") 
[3.988s] -- Found DART: /usr/include (Required is at least version "6.6") found components: dart 
[4.002s] -- Found Boost: /usr/lib/x86_64-linux-gnu/cmake/Boost-1.74.0/BoostConfig.cmake (found suitable version "1.74.0", minimum required is "1.40.0") found components: thread system filesystem program_options regex iostreams date_time 
[4.185s] -- Found Protobuf: /usr/lib/x86_64-linux-gnu/libprotobuf.so (found version "3.12.4") 
[4.189s] -- Looking for ignition-math6 -- found version 6.15.1
[4.196s] -- Searching for dependencies of ignition-math6
[4.198s] -- Looking for OGRE...
[4.198s] -- OGRE_PREFIX_WATCH changed.
[4.200s] -- Checking for module 'OGRE'
[4.205s] --   Found OGRE, version 1.9.0
[4.216s] -- Found Ogre Ghadamon (1.9.0)
[4.430s] -- Found OGRE: optimized;/usr/lib/x86_64-linux-gnu/libOgreMain.so;debug;/usr/lib/x86_64-linux-gnu/libOgreMain.so
[4.436s] -- Looking for OGRE_Paging...
[4.657s] -- Found OGRE_Paging: optimized;/usr/lib/x86_64-linux-gnu/libOgrePaging.so;debug;/usr/lib/x86_64-linux-gnu/libOgrePaging.so
[4.657s] -- Looking for OGRE_Terrain...
[4.856s] -- Found OGRE_Terrain: optimized;/usr/lib/x86_64-linux-gnu/libOgreTerrain.so;debug;/usr/lib/x86_64-linux-gnu/libOgreTerrain.so
[4.856s] -- Looking for OGRE_Property...
[5.027s] -- Found OGRE_Property: optimized;/usr/lib/x86_64-linux-gnu/libOgreProperty.so;debug;/usr/lib/x86_64-linux-gnu/libOgreProperty.so
[5.027s] -- Looking for OGRE_RTShaderSystem...
[5.176s] -- Found OGRE_RTShaderSystem: optimized;/usr/lib/x86_64-linux-gnu/libOgreRTShaderSystem.so;debug;/usr/lib/x86_64-linux-gnu/libOgreRTShaderSystem.so
[5.176s] -- Looking for OGRE_Volume...
[5.286s] -- Found OGRE_Volume: optimized;/usr/lib/x86_64-linux-gnu/libOgreVolume.so;debug;/usr/lib/x86_64-linux-gnu/libOgreVolume.so
[5.286s] -- Looking for OGRE_Overlay...
[5.358s] -- Found OGRE_Overlay: optimized;/usr/lib/x86_64-linux-gnu/libOgreOverlay.so;debug;/usr/lib/x86_64-linux-gnu/libOgreOverlay.so
[18.471s] -- Looking for ignition-math6 -- found version 6.15.1
[18.473s] -- Looking for ignition-transport8 -- found version 8.2.1
[18.473s] -- Searching for dependencies of ignition-transport8
[18.962s] -- Found Protobuf: /usr/lib/x86_64-linux-gnu/libprotobuf.so (found suitable version "3.12.4", minimum required is "3") 
[19.450s] -- Config-file not installed for ZeroMQ -- checking for pkg-config
[19.453s] -- Checking for module 'libzmq >= 4'
[19.461s] --   Found libzmq , version 4.3.4
[19.473s] -- Found ZeroMQ: TRUE (Required is at least version "4") 
[19.491s] -- Checking for module 'uuid'
[19.496s] --   Found uuid, version 2.37.2
[19.507s] -- Found UUID: TRUE  
[19.509s] -- Looking for ignition-msgs5 -- found version 5.8.1
[19.509s] -- Searching for dependencies of ignition-msgs5
[20.024s] -- Looking for ignition-math6 -- found version 6.15.1
[20.028s] -- Checking for module 'tinyxml2'
[20.034s] --   Found tinyxml2, version 9.0.0
[20.047s] -- Looking for ignition-msgs5 -- found version 5.8.1
[20.049s] -- Looking for ignition-common3 -- found version 3.14.0
[20.049s] -- Searching for dependencies of ignition-common3
[20.068s] -- Looking for dlfcn.h - found
[20.086s] -- Looking for libdl - found
[20.087s] -- Found DL: TRUE  
[20.131s] -- Found tinyobjloader: /usr/lib/x86_64-linux-gnu/cmake/tinyobjloader/tinyobjloader-config.cmake (found version "2.0.0") 
[20.131s] -- Searching for <ignition-common3> component [graphics]
[20.133s] -- Looking for ignition-common3-graphics -- found version 3.14.0
[20.133s] -- Searching for dependencies of ignition-common3-graphics
[20.133s] -- Looking for ignition-math6 -- found version 6.15.1
[20.136s] -- Looking for ignition-fuel_tools4 -- found version 4.4.0
[20.136s] -- Searching for dependencies of ignition-fuel_tools4
[20.758s] -- Found CURL: /usr/lib/x86_64-linux-gnu/libcurl.so (found version "7.81.0")  
[20.766s] -- Checking for module 'jsoncpp'
[20.771s] --   Found jsoncpp, version 1.9.5
[20.782s] -- Found JSONCPP: TRUE  
[20.785s] -- Checking for module 'libzip'
[20.790s] --   Found libzip, version 1.7.3
[20.802s] -- Found ZIP: TRUE  
[20.802s] -- Looking for ignition-common3 -- found version 3.14.0
[20.802s] -- Looking for ignition-math6 -- found version 6.15.1
[20.803s] -- Looking for ignition-msgs5 -- found version 5.8.1
[20.805s] -- Gazebo version: 11.10
[20.806s] -- Checking for module 'tbb'
[20.810s] --   Found tbb, version 2021.5.0
[20.827s] -- Found gazebo_msgs: 3.7.0 (/opt/ros/humble/share/gazebo_msgs/cmake)
[21.383s] [31mCMake Error at CMakeLists.txt:33 (find_package):
[21.384s]   By not providing "Findvelodyne_control_msgs.cmake" in CMAKE_MODULE_PATH
[21.384s]   this project has asked CMake to find a package configuration file provided
[21.384s]   by "velodyne_control_msgs", but CMake did not find one.
[21.384s] 
[21.384s]   Could not find a package configuration file provided by
[21.384s]   "velodyne_control_msgs" with any of the following names:
[21.384s] 
[21.384s]     velodyne_control_msgsConfig.cmake
[21.384s]     velodyne_control_msgs-config.cmake
[21.384s] 
[21.384s]   Add the installation prefix of "velodyne_control_msgs" to CMAKE_PREFIX_PATH
[21.384s]   or set "velodyne_control_msgs_DIR" to a directory containing one of the
[21.384s]   above files.  If "velodyne_control_msgs" provides a separate development
[21.384s]   package or SDK, be sure it has been installed.
[21.384s] 
[21.384s] [0m
[21.384s] -- Configuring incomplete, errors occurred!
[21.384s] See also "/home/alw82/ros2_ws/build/velodyne_simulation/CMakeFiles/CMakeOutput.log".
[21.391s] Invoked command in '/home/alw82/ros2_ws/build/velodyne_simulation' returned '1': CMAKE_PREFIX_PATH=/opt/ros/humble /usr/bin/cmake /home/alw82/ros2_ws/src/velodyne/velodyne_simulation -DCMAKE_INSTALL_PREFIX=/home/alw82/ros2_ws/install/velodyne_simulation
