-- Found ament_cmake: 1.3.7 (/opt/ros/humble/share/ament_cmake/cmake)
-- Found rclcpp: 16.0.8 (/opt/ros/humble/share/rclcpp/cmake)
-- Found rosidl_generator_c: 3.1.5 (/opt/ros/humble/share/rosidl_generator_c/cmake)
-- Found rosidl_adapter: 3.1.5 (/opt/ros/humble/share/rosidl_adapter/cmake)
-- Found rosidl_generator_cpp: 3.1.5 (/opt/ros/humble/share/rosidl_generator_cpp/cmake)
-- Using all available rosidl_typesupport_c: rosidl_typesupport_fastrtps_c;rosidl_typesupport_introspection_c
-- Using all available rosidl_typesupport_cpp: rosidl_typesupport_fastrtps_cpp;rosidl_typesupport_introspection_cpp
-- Found rmw_implementation_cmake: 6.1.1 (/opt/ros/humble/share/rmw_implementation_cmake/cmake)
-- Found rmw_fastrtps_cpp: 6.2.6 (/opt/ros/humble/share/rmw_fastrtps_cpp/cmake)
-- Using RMW implementation 'rmw_fastrtps_cpp' as default
-- Found geometry_msgs: 4.2.3 (/opt/ros/humble/share/geometry_msgs/cmake)
-- Found sensor_msgs: 4.2.3 (/opt/ros/humble/share/sensor_msgs/cmake)
-- Found image_transport: 3.1.8 (/opt/ros/humble/share/image_transport/cmake)
-- Found cv_bridge: 3.2.1 (/opt/ros/humble/share/cv_bridge/cmake)
-- Found tf2: 0.25.5 (/opt/ros/humble/share/tf2/cmake)
-- Found tf2_ros: 0.25.5 (/opt/ros/humble/share/tf2_ros/cmake)
-- Found control_msgs: 4.4.0 (/opt/ros/humble/share/control_msgs/cmake)
-- Found moveit_ros_planning_interface: 2.5.5 (/opt/ros/humble/share/moveit_ros_planning_interface/cmake)
-- Found Boost: /usr/lib/x86_64-linux-gnu/cmake/Boost-1.74.0/BoostConfig.cmake (found version "1.74.0") found components: date_time filesystem program_options system thread 
-- Found Boost: /usr/lib/x86_64-linux-gnu/cmake/Boost-1.74.0/BoostConfig.cmake (found version "1.74.0") found components: chrono date_time filesystem iostreams program_options regex serialization system thread 
-- Found parameter_traits: 0.3.7 (/opt/ros/humble/share/parameter_traits/cmake)
-- Found rclcpp_lifecycle: 16.0.8 (/opt/ros/humble/share/rclcpp_lifecycle/cmake)
-- Found Boost: /usr/lib/x86_64-linux-gnu/cmake/Boost-1.74.0/BoostConfig.cmake (found version "1.74.0") found components: filesystem 
-- library: /usr/lib/x86_64-linux-gnu/libcurl.so
-- Ensuring Eigen3 include directory is part of orocos-kdl CMake target
-- Found Boost: /usr/lib/x86_64-linux-gnu/cmake/Boost-1.74.0/BoostConfig.cmake (found version "1.74.0") found components: system filesystem date_time program_options thread chrono 
-- Found Boost: /usr/lib/x86_64-linux-gnu/cmake/Boost-1.74.0/BoostConfig.cmake (found version "1.74.0") found components: thread system filesystem regex date_time program_options 
-- Found Boost: /usr/lib/x86_64-linux-gnu/cmake/Boost-1.74.0/BoostConfig.cmake (found version "1.74.0") found components: system filesystem date_time program_options thread 
-- Found ament_lint_auto: 0.12.10 (/opt/ros/humble/share/ament_lint_auto/cmake)
-- Added test 'cppcheck' to perform static code analysis on C / C++ code
-- Configured cppcheck include dirs: $<BUILD_INTERFACE:/home/alw82/ros2_ws/src/alw82_major_project/include>
-- Configured cppcheck exclude dirs and/or files: 
-- Added test 'lint_cmake' to check CMake code style
-- Added test 'uncrustify' to check C / C++ code style
-- Configured uncrustify additional arguments: 
-- Added test 'xmllint' to check XML markup files
-- Configuring done
-- Generating done
-- Build files have been written to: /home/alw82/ros2_ws/build/alw82_major_project
[ 50%] [32mBuilding CXX object CMakeFiles/helloWorld.dir/src/helloWorld.cpp.o[0m
[100%] [32m[1mLinking CXX executable helloWorld[0m
[100%] Built target helloWorld
-- Install configuration: ""
-- Installing: /home/alw82/ros2_ws/install/alw82_major_project/lib/alw82_major_project/helloWorld
-- Installing: /home/alw82/ros2_ws/install/alw82_major_project/share/alw82_major_project//launch
-- Installing: /home/alw82/ros2_ws/install/alw82_major_project/share/alw82_major_project//launch/tiago_assignment.launch.xml
-- Installing: /home/alw82/ros2_ws/install/alw82_major_project/share/alw82_major_project//launch/colour_detector.launch.xml
-- Installing: /home/alw82/ros2_ws/install/alw82_major_project/share/ament_index/resource_index/package_run_dependencies/alw82_major_project
-- Installing: /home/alw82/ros2_ws/install/alw82_major_project/share/ament_index/resource_index/parent_prefix_path/alw82_major_project
-- Installing: /home/alw82/ros2_ws/install/alw82_major_project/share/alw82_major_project/environment/ament_prefix_path.sh
-- Installing: /home/alw82/ros2_ws/install/alw82_major_project/share/alw82_major_project/environment/ament_prefix_path.dsv
-- Installing: /home/alw82/ros2_ws/install/alw82_major_project/share/alw82_major_project/environment/path.sh
-- Installing: /home/alw82/ros2_ws/install/alw82_major_project/share/alw82_major_project/environment/path.dsv
-- Installing: /home/alw82/ros2_ws/install/alw82_major_project/share/alw82_major_project/local_setup.bash
-- Installing: /home/alw82/ros2_ws/install/alw82_major_project/share/alw82_major_project/local_setup.sh
-- Installing: /home/alw82/ros2_ws/install/alw82_major_project/share/alw82_major_project/local_setup.zsh
-- Installing: /home/alw82/ros2_ws/install/alw82_major_project/share/alw82_major_project/local_setup.dsv
-- Installing: /home/alw82/ros2_ws/install/alw82_major_project/share/alw82_major_project/package.dsv
-- Installing: /home/alw82/ros2_ws/install/alw82_major_project/share/ament_index/resource_index/packages/alw82_major_project
-- Installing: /home/alw82/ros2_ws/install/alw82_major_project/share/alw82_major_project/cmake/alw82_major_projectConfig.cmake
-- Installing: /home/alw82/ros2_ws/install/alw82_major_project/share/alw82_major_project/cmake/alw82_major_projectConfig-version.cmake
-- Installing: /home/alw82/ros2_ws/install/alw82_major_project/share/alw82_major_project/package.xml
