[100%] Built target helloWorld
-- Install configuration: ""
-- Up-to-date: /home/alw82/ros2_ws/install/alw82_major_project/lib/alw82_major_project/helloWorld
-- Up-to-date: /home/alw82/ros2_ws/install/alw82_major_project/share/alw82_major_project//launch
-- Up-to-date: /home/alw82/ros2_ws/install/alw82_major_project/share/alw82_major_project//launch/alw82_major_project.launch.xml
-- Up-to-date: /home/alw82/ros2_ws/install/alw82_major_project/share/alw82_major_project//launch/tiago_assignment.launch.xml
-- Up-to-date: /home/alw82/ros2_ws/install/alw82_major_project/share/alw82_major_project//launch/colour_detector.launch.xml
-- Up-to-date: /home/alw82/ros2_ws/install/alw82_major_project/share/ament_index/resource_index/package_run_dependencies/alw82_major_project
-- Up-to-date: /home/alw82/ros2_ws/install/alw82_major_project/share/ament_index/resource_index/parent_prefix_path/alw82_major_project
-- Up-to-date: /home/alw82/ros2_ws/install/alw82_major_project/share/alw82_major_project/environment/ament_prefix_path.sh
-- Up-to-date: /home/alw82/ros2_ws/install/alw82_major_project/share/alw82_major_project/environment/ament_prefix_path.dsv
-- Up-to-date: /home/alw82/ros2_ws/install/alw82_major_project/share/alw82_major_project/environment/path.sh
-- Up-to-date: /home/alw82/ros2_ws/install/alw82_major_project/share/alw82_major_project/environment/path.dsv
-- Up-to-date: /home/alw82/ros2_ws/install/alw82_major_project/share/alw82_major_project/local_setup.bash
-- Up-to-date: /home/alw82/ros2_ws/install/alw82_major_project/share/alw82_major_project/local_setup.sh
-- Up-to-date: /home/alw82/ros2_ws/install/alw82_major_project/share/alw82_major_project/local_setup.zsh
-- Up-to-date: /home/alw82/ros2_ws/install/alw82_major_project/share/alw82_major_project/local_setup.dsv
-- Installing: /home/alw82/ros2_ws/install/alw82_major_project/share/alw82_major_project/package.dsv
-- Up-to-date: /home/alw82/ros2_ws/install/alw82_major_project/share/ament_index/resource_index/packages/alw82_major_project
-- Up-to-date: /home/alw82/ros2_ws/install/alw82_major_project/share/alw82_major_project/cmake/alw82_major_projectConfig.cmake
-- Up-to-date: /home/alw82/ros2_ws/install/alw82_major_project/share/alw82_major_project/cmake/alw82_major_projectConfig-version.cmake
-- Up-to-date: /home/alw82/ros2_ws/install/alw82_major_project/share/alw82_major_project/package.xml
