[0.162s] Invoking command in '/home/alw82/ros2_ws/build/gazebo_ros_ackermann_drive_4wd': CMAKE_PREFIX_PATH=${CMAKE_PREFIX_PATH}:/home/alw82/ros2_ws/install/opencv_tools:/opt/ros/humble /usr/bin/cmake /home/alw82/ros2_ws/src/gazebo_ros_ackermann_drive_4wd -DCMAKE_INSTALL_PREFIX=/home/alw82/ros2_ws/install/gazebo_ros_ackermann_drive_4wd
[0.402s] -- The C compiler identification is GNU 11.4.0
[0.898s] -- The CXX compiler identification is GNU 11.4.0
[1.081s] -- Detecting C compiler ABI info
[1.145s] -- Detecting C compiler ABI info - done
[1.148s] -- Check for working C compiler: /usr/bin/cc - skipped
[1.148s] -- Detecting C compile features
[1.148s] -- Detecting C compile features - done
[1.150s] -- Detecting CXX compiler ABI info
[1.222s] -- Detecting CXX compiler ABI info - done
[1.226s] -- Check for working CXX compiler: /usr/bin/c++ - skipped
[1.226s] -- Detecting CXX compile features
[1.226s] -- Detecting CXX compile features - done
[1.229s] -- Found ament_cmake: 1.3.7 (/opt/ros/humble/share/ament_cmake/cmake)
[1.313s] -- Found Python3: /usr/bin/python3.10 (found version "3.10.12") found components: Interpreter 
[1.376s] -- Found rclcpp: 16.0.8 (/opt/ros/humble/share/rclcpp/cmake)
[1.472s] -- Found rosidl_generator_c: 3.1.5 (/opt/ros/humble/share/rosidl_generator_c/cmake)
[1.477s] -- Found rosidl_adapter: 3.1.5 (/opt/ros/humble/share/rosidl_adapter/cmake)
[1.487s] -- Found rosidl_generator_cpp: 3.1.5 (/opt/ros/humble/share/rosidl_generator_cpp/cmake)
[1.499s] -- Using all available rosidl_typesupport_c: rosidl_typesupport_fastrtps_c;rosidl_typesupport_introspection_c
[1.513s] -- Using all available rosidl_typesupport_cpp: rosidl_typesupport_fastrtps_cpp;rosidl_typesupport_introspection_cpp
[1.571s] -- Found rmw_implementation_cmake: 6.1.1 (/opt/ros/humble/share/rmw_implementation_cmake/cmake)
[1.573s] -- Found rmw_fastrtps_cpp: 6.2.6 (/opt/ros/humble/share/rmw_fastrtps_cpp/cmake)
[2.063s] -- Found OpenSSL: /usr/lib/x86_64-linux-gnu/libcrypto.so (found version "3.0.2")  
[2.674s] -- Found FastRTPS: /opt/ros/humble/include  
[3.691s] -- Using RMW implementation 'rmw_fastrtps_cpp' as default
[3.699s] -- Looking for pthread.h
[3.775s] -- Looking for pthread.h - found
[3.776s] -- Performing Test CMAKE_HAVE_LIBC_PTHREAD
[3.847s] -- Performing Test CMAKE_HAVE_LIBC_PTHREAD - Success
[3.847s] -- Found Threads: TRUE  
[3.943s] -- Found tf2: 0.25.5 (/opt/ros/humble/share/tf2/cmake)
[3.980s] -- Found tf2_geometry_msgs: 0.25.5 (/opt/ros/humble/share/tf2_geometry_msgs/cmake)
[4.005s] -- Found eigen3_cmake_module: 0.1.1 (/opt/ros/humble/share/eigen3_cmake_module/cmake)
[4.006s] -- Found Eigen3: TRUE (found version "3.4.0") 
[4.006s] -- Ensuring Eigen3 include directory is part of orocos-kdl CMake target
[4.211s] -- Found nav_msgs: 4.2.3 (/opt/ros/humble/share/nav_msgs/cmake)
[4.257s] -- Found gazebo_dev: 3.7.0 (/opt/ros/humble/share/gazebo_dev/cmake)
[4.262s] -- Found PkgConfig: /usr/bin/pkg-config (found version "0.29.2") 
[4.263s] -- Checking for module 'bullet>=2.82'
[4.267s] --   Found bullet, version 3.05
[4.323s] -- Found fcl: /usr/include (found suitable version "0.7.0", minimum required is "0.5.0") 
[4.342s] -- Found assimp: /usr/include (found version "5.2.0") 
[4.362s] -- Found DART: /usr/include (Required is at least version "6.6") found components: dart 
[4.381s] -- Found Boost: /usr/lib/x86_64-linux-gnu/cmake/Boost-1.74.0/BoostConfig.cmake (found suitable version "1.74.0", minimum required is "1.40.0") found components: thread system filesystem program_options regex iostreams date_time 
[4.557s] -- Found Protobuf: /usr/lib/x86_64-linux-gnu/libprotobuf.so (found version "3.12.4") 
[4.562s] -- Looking for ignition-math6 -- found version 6.15.1
[4.570s] -- Searching for dependencies of ignition-math6
[4.571s] -- Looking for OGRE...
[4.571s] -- OGRE_PREFIX_WATCH changed.
[4.574s] -- Checking for module 'OGRE'
[4.578s] --   Found OGRE, version 1.9.0
[4.590s] -- Found Ogre Ghadamon (1.9.0)
[4.794s] -- Found OGRE: optimized;/usr/lib/x86_64-linux-gnu/libOgreMain.so;debug;/usr/lib/x86_64-linux-gnu/libOgreMain.so
[4.799s] -- Looking for OGRE_Paging...
[4.950s] -- Found OGRE_Paging: optimized;/usr/lib/x86_64-linux-gnu/libOgrePaging.so;debug;/usr/lib/x86_64-linux-gnu/libOgrePaging.so
[4.950s] -- Looking for OGRE_Terrain...
[5.114s] -- Found OGRE_Terrain: optimized;/usr/lib/x86_64-linux-gnu/libOgreTerrain.so;debug;/usr/lib/x86_64-linux-gnu/libOgreTerrain.so
[5.114s] -- Looking for OGRE_Property...
[5.285s] -- Found OGRE_Property: optimized;/usr/lib/x86_64-linux-gnu/libOgreProperty.so;debug;/usr/lib/x86_64-linux-gnu/libOgreProperty.so
[5.285s] -- Looking for OGRE_RTShaderSystem...
[5.449s] -- Found OGRE_RTShaderSystem: optimized;/usr/lib/x86_64-linux-gnu/libOgreRTShaderSystem.so;debug;/usr/lib/x86_64-linux-gnu/libOgreRTShaderSystem.so
[5.449s] -- Looking for OGRE_Volume...
[5.627s] -- Found OGRE_Volume: optimized;/usr/lib/x86_64-linux-gnu/libOgreVolume.so;debug;/usr/lib/x86_64-linux-gnu/libOgreVolume.so
[5.627s] -- Looking for OGRE_Overlay...
[5.787s] -- Found OGRE_Overlay: optimized;/usr/lib/x86_64-linux-gnu/libOgreOverlay.so;debug;/usr/lib/x86_64-linux-gnu/libOgreOverlay.so
[14.806s] -- Looking for ignition-math6 -- found version 6.15.1
[14.809s] -- Looking for ignition-transport8 -- found version 8.2.1
[14.809s] -- Searching for dependencies of ignition-transport8
[15.344s] -- Found Protobuf: /usr/lib/x86_64-linux-gnu/libprotobuf.so (found suitable version "3.12.4", minimum required is "3") 
[15.821s] -- Config-file not installed for ZeroMQ -- checking for pkg-config
[15.823s] -- Checking for module 'libzmq >= 4'
[15.831s] --   Found libzmq , version 4.3.4
[15.844s] -- Found ZeroMQ: TRUE (Required is at least version "4") 
[15.863s] -- Checking for module 'uuid'
[15.869s] --   Found uuid, version 2.37.2
[15.879s] -- Found UUID: TRUE  
[15.882s] -- Looking for ignition-msgs5 -- found version 5.8.1
[15.882s] -- Searching for dependencies of ignition-msgs5
[16.360s] -- Looking for ignition-math6 -- found version 6.15.1
[16.363s] -- Checking for module 'tinyxml2'
[16.368s] --   Found tinyxml2, version 9.0.0
[16.381s] -- Looking for ignition-msgs5 -- found version 5.8.1
[16.384s] -- Looking for ignition-common3 -- found version 3.14.0
[16.384s] -- Searching for dependencies of ignition-common3
[16.399s] -- Looking for dlfcn.h - found
[16.416s] -- Looking for libdl - found
[16.417s] -- Found DL: TRUE  
[16.469s] -- Found tinyobjloader: /usr/lib/x86_64-linux-gnu/cmake/tinyobjloader/tinyobjloader-config.cmake (found version "2.0.0") 
[16.469s] -- Searching for <ignition-common3> component [graphics]
[16.471s] -- Looking for ignition-common3-graphics -- found version 3.14.0
[16.471s] -- Searching for dependencies of ignition-common3-graphics
[16.471s] -- Looking for ignition-math6 -- found version 6.15.1
[16.474s] -- Looking for ignition-fuel_tools4 -- found version 4.4.0
[16.474s] -- Searching for dependencies of ignition-fuel_tools4
[17.101s] -- Found CURL: /usr/lib/x86_64-linux-gnu/libcurl.so (found version "7.81.0")  
[17.108s] -- Checking for module 'jsoncpp'
[17.113s] --   Found jsoncpp, version 1.9.5
[17.126s] -- Found JSONCPP: TRUE  
[17.129s] -- Checking for module 'libzip'
[17.135s] --   Found libzip, version 1.7.3
[17.146s] -- Found ZIP: TRUE  
[17.146s] -- Looking for ignition-common3 -- found version 3.14.0
[17.146s] -- Looking for ignition-math6 -- found version 6.15.1
[17.147s] -- Looking for ignition-msgs5 -- found version 5.8.1
[17.150s] -- Gazebo version: 11.10
[17.150s] -- Checking for module 'tbb'
[17.156s] --   Found tbb, version 2021.5.0
[17.204s] -- Configuring done
[17.235s] -- Generating done
[17.236s] -- Build files have been written to: /home/alw82/ros2_ws/build/gazebo_ros_ackermann_drive_4wd
[17.243s] Invoked command in '/home/alw82/ros2_ws/build/gazebo_ros_ackermann_drive_4wd' returned '0': CMAKE_PREFIX_PATH=${CMAKE_PREFIX_PATH}:/home/alw82/ros2_ws/install/opencv_tools:/opt/ros/humble /usr/bin/cmake /home/alw82/ros2_ws/src/gazebo_ros_ackermann_drive_4wd -DCMAKE_INSTALL_PREFIX=/home/alw82/ros2_ws/install/gazebo_ros_ackermann_drive_4wd
[17.244s] Invoking command in '/home/alw82/ros2_ws/build/gazebo_ros_ackermann_drive_4wd': CMAKE_PREFIX_PATH=${CMAKE_PREFIX_PATH}:/home/alw82/ros2_ws/install/opencv_tools:/opt/ros/humble /usr/bin/cmake --build /home/alw82/ros2_ws/build/gazebo_ros_ackermann_drive_4wd -- -j24 -l24
[17.264s] [ 50%] [32mBuilding CXX object CMakeFiles/gazebo_ros_ackermann_drive_4wd.dir/src/gazebo_ros_ackermann_drive_4wd.cpp.o[0m
[26.619s] [100%] [32m[1mLinking CXX shared library libgazebo_ros_ackermann_drive_4wd.so[0m
[27.132s] [100%] Built target gazebo_ros_ackermann_drive_4wd
[27.136s] Invoked command in '/home/alw82/ros2_ws/build/gazebo_ros_ackermann_drive_4wd' returned '0': CMAKE_PREFIX_PATH=${CMAKE_PREFIX_PATH}:/home/alw82/ros2_ws/install/opencv_tools:/opt/ros/humble /usr/bin/cmake --build /home/alw82/ros2_ws/build/gazebo_ros_ackermann_drive_4wd -- -j24 -l24
[27.148s] Invoking command in '/home/alw82/ros2_ws/build/gazebo_ros_ackermann_drive_4wd': CMAKE_PREFIX_PATH=${CMAKE_PREFIX_PATH}:/home/alw82/ros2_ws/install/opencv_tools:/opt/ros/humble /usr/bin/cmake --install /home/alw82/ros2_ws/build/gazebo_ros_ackermann_drive_4wd
[27.150s] -- Install configuration: ""
[27.151s] -- Installing: /home/alw82/ros2_ws/install/gazebo_ros_ackermann_drive_4wd/share/gazebo_ros_ackermann_drive_4wd/environment/library_path.sh
[27.151s] -- Installing: /home/alw82/ros2_ws/install/gazebo_ros_ackermann_drive_4wd/share/gazebo_ros_ackermann_drive_4wd/environment/library_path.dsv
[27.151s] -- Installing: /home/alw82/ros2_ws/install/gazebo_ros_ackermann_drive_4wd/include
[27.151s] -- Installing: /home/alw82/ros2_ws/install/gazebo_ros_ackermann_drive_4wd/lib/libgazebo_ros_ackermann_drive_4wd.so
[27.154s] -- Set runtime path of "/home/alw82/ros2_ws/install/gazebo_ros_ackermann_drive_4wd/lib/libgazebo_ros_ackermann_drive_4wd.so" to ""
[27.155s] -- Installing: /home/alw82/ros2_ws/install/gazebo_ros_ackermann_drive_4wd/share/ament_index/resource_index/package_run_dependencies/gazebo_ros_ackermann_drive_4wd
[27.155s] -- Installing: /home/alw82/ros2_ws/install/gazebo_ros_ackermann_drive_4wd/share/ament_index/resource_index/parent_prefix_path/gazebo_ros_ackermann_drive_4wd
[27.155s] -- Installing: /home/alw82/ros2_ws/install/gazebo_ros_ackermann_drive_4wd/share/gazebo_ros_ackermann_drive_4wd/environment/ament_prefix_path.sh
[27.155s] -- Installing: /home/alw82/ros2_ws/install/gazebo_ros_ackermann_drive_4wd/share/gazebo_ros_ackermann_drive_4wd/environment/ament_prefix_path.dsv
[27.155s] -- Installing: /home/alw82/ros2_ws/install/gazebo_ros_ackermann_drive_4wd/share/gazebo_ros_ackermann_drive_4wd/environment/path.sh
[27.155s] -- Installing: /home/alw82/ros2_ws/install/gazebo_ros_ackermann_drive_4wd/share/gazebo_ros_ackermann_drive_4wd/environment/path.dsv
[27.155s] -- Installing: /home/alw82/ros2_ws/install/gazebo_ros_ackermann_drive_4wd/share/gazebo_ros_ackermann_drive_4wd/local_setup.bash
[27.155s] -- Installing: /home/alw82/ros2_ws/install/gazebo_ros_ackermann_drive_4wd/share/gazebo_ros_ackermann_drive_4wd/local_setup.sh
[27.155s] -- Installing: /home/alw82/ros2_ws/install/gazebo_ros_ackermann_drive_4wd/share/gazebo_ros_ackermann_drive_4wd/local_setup.zsh
[27.155s] -- Installing: /home/alw82/ros2_ws/install/gazebo_ros_ackermann_drive_4wd/share/gazebo_ros_ackermann_drive_4wd/local_setup.dsv
[27.155s] -- Installing: /home/alw82/ros2_ws/install/gazebo_ros_ackermann_drive_4wd/share/gazebo_ros_ackermann_drive_4wd/package.dsv
[27.156s] -- Installing: /home/alw82/ros2_ws/install/gazebo_ros_ackermann_drive_4wd/share/ament_index/resource_index/packages/gazebo_ros_ackermann_drive_4wd
[27.156s] -- Installing: /home/alw82/ros2_ws/install/gazebo_ros_ackermann_drive_4wd/share/gazebo_ros_ackermann_drive_4wd/cmake/ament_cmake_export_libraries-extras.cmake
[27.156s] -- Installing: /home/alw82/ros2_ws/install/gazebo_ros_ackermann_drive_4wd/share/gazebo_ros_ackermann_drive_4wd/cmake/ament_cmake_export_dependencies-extras.cmake
[27.156s] -- Installing: /home/alw82/ros2_ws/install/gazebo_ros_ackermann_drive_4wd/share/gazebo_ros_ackermann_drive_4wd/cmake/ament_cmake_export_include_directories-extras.cmake
[27.156s] -- Installing: /home/alw82/ros2_ws/install/gazebo_ros_ackermann_drive_4wd/share/gazebo_ros_ackermann_drive_4wd/cmake/gazebo_ros_ackermann_drive_4wdConfig.cmake
[27.156s] -- Installing: /home/alw82/ros2_ws/install/gazebo_ros_ackermann_drive_4wd/share/gazebo_ros_ackermann_drive_4wd/cmake/gazebo_ros_ackermann_drive_4wdConfig-version.cmake
[27.156s] -- Installing: /home/alw82/ros2_ws/install/gazebo_ros_ackermann_drive_4wd/share/gazebo_ros_ackermann_drive_4wd/package.xml
[27.156s] Invoked command in '/home/alw82/ros2_ws/build/gazebo_ros_ackermann_drive_4wd' returned '0': CMAKE_PREFIX_PATH=${CMAKE_PREFIX_PATH}:/home/alw82/ros2_ws/install/opencv_tools:/opt/ros/humble /usr/bin/cmake --install /home/alw82/ros2_ws/build/gazebo_ros_ackermann_drive_4wd
