[0.181s] Invoking command in '/home/alw82/ros2_ws/build/turtlebot3_navigation2': CMAKE_PREFIX_PATH=/opt/ros/humble /usr/bin/cmake --build /home/alw82/ros2_ws/build/turtlebot3_navigation2 -- -j24 -l24
[0.193s] Invoked command in '/home/alw82/ros2_ws/build/turtlebot3_navigation2' returned '0': CMAKE_PREFIX_PATH=/opt/ros/humble /usr/bin/cmake --build /home/alw82/ros2_ws/build/turtlebot3_navigation2 -- -j24 -l24
[0.203s] Invoking command in '/home/alw82/ros2_ws/build/turtlebot3_navigation2': CMAKE_PREFIX_PATH=/opt/ros/humble /usr/bin/cmake --install /home/alw82/ros2_ws/build/turtlebot3_navigation2
[0.209s] -- Install configuration: ""
[0.209s] -- Up-to-date: /home/alw82/ros2_ws/install/turtlebot3_navigation2/share/turtlebot3_navigation2/launch
[0.209s] -- Up-to-date: /home/alw82/ros2_ws/install/turtlebot3_navigation2/share/turtlebot3_navigation2/launch/navigation2_use_sim_time.launch.py
[0.209s] -- Up-to-date: /home/alw82/ros2_ws/install/turtlebot3_navigation2/share/turtlebot3_navigation2/launch/navigation2_use_sim_time.launch.py:Zone.Identifier
[0.210s] -- Up-to-date: /home/alw82/ros2_ws/install/turtlebot3_navigation2/share/turtlebot3_navigation2/launch/navigation2.launch.py
[0.210s] -- Up-to-date: /home/alw82/ros2_ws/install/turtlebot3_navigation2/share/turtlebot3_navigation2/launch/navigation2.launch.py:Zone.Identifier
[0.210s] -- Up-to-date: /home/alw82/ros2_ws/install/turtlebot3_navigation2/share/turtlebot3_navigation2/map
[0.210s] -- Up-to-date: /home/alw82/ros2_ws/install/turtlebot3_navigation2/share/turtlebot3_navigation2/map/turtlebot3_world.pgm
[0.210s] -- Up-to-date: /home/alw82/ros2_ws/install/turtlebot3_navigation2/share/turtlebot3_navigation2/map/turtlebot3_world.yaml:Zone.Identifier
[0.210s] -- Up-to-date: /home/alw82/ros2_ws/install/turtlebot3_navigation2/share/turtlebot3_navigation2/map/turtlebot3_world.yaml
[0.211s] -- Up-to-date: /home/alw82/ros2_ws/install/turtlebot3_navigation2/share/turtlebot3_navigation2/map/turtlebot3_world.pgm:Zone.Identifier
[0.211s] -- Up-to-date: /home/alw82/ros2_ws/install/turtlebot3_navigation2/share/turtlebot3_navigation2/param
[0.211s] -- Up-to-date: /home/alw82/ros2_ws/install/turtlebot3_navigation2/share/turtlebot3_navigation2/param/waffle_pi.yaml
[0.211s] -- Up-to-date: /home/alw82/ros2_ws/install/turtlebot3_navigation2/share/turtlebot3_navigation2/param/waffle_pi_use_sim_time.yaml
[0.211s] -- Up-to-date: /home/alw82/ros2_ws/install/turtlebot3_navigation2/share/turtlebot3_navigation2/param/waffle_pi_use_sim_time.yaml:Zone.Identifier
[0.211s] -- Up-to-date: /home/alw82/ros2_ws/install/turtlebot3_navigation2/share/turtlebot3_navigation2/param/burger_use_sim_time.yaml:Zone.Identifier
[0.211s] -- Up-to-date: /home/alw82/ros2_ws/install/turtlebot3_navigation2/share/turtlebot3_navigation2/param/burger_use_sim_time.yaml
[0.211s] -- Up-to-date: /home/alw82/ros2_ws/install/turtlebot3_navigation2/share/turtlebot3_navigation2/param/waffle_pi.yaml:Zone.Identifier
[0.211s] -- Up-to-date: /home/alw82/ros2_ws/install/turtlebot3_navigation2/share/turtlebot3_navigation2/param/burger.yaml
[0.211s] -- Up-to-date: /home/alw82/ros2_ws/install/turtlebot3_navigation2/share/turtlebot3_navigation2/param/burger.yaml:Zone.Identifier
[0.211s] -- Up-to-date: /home/alw82/ros2_ws/install/turtlebot3_navigation2/share/turtlebot3_navigation2/rviz
[0.211s] -- Up-to-date: /home/alw82/ros2_ws/install/turtlebot3_navigation2/share/turtlebot3_navigation2/rviz/navigation2.rviz:Zone.Identifier
[0.211s] -- Up-to-date: /home/alw82/ros2_ws/install/turtlebot3_navigation2/share/turtlebot3_navigation2/rviz/navigation2.rviz
[0.212s] -- Up-to-date: /home/alw82/ros2_ws/install/turtlebot3_navigation2/share/ament_index/resource_index/package_run_dependencies/turtlebot3_navigation2
[0.212s] -- Up-to-date: /home/alw82/ros2_ws/install/turtlebot3_navigation2/share/ament_index/resource_index/parent_prefix_path/turtlebot3_navigation2
[0.212s] -- Up-to-date: /home/alw82/ros2_ws/install/turtlebot3_navigation2/share/turtlebot3_navigation2/environment/ament_prefix_path.sh
[0.212s] -- Up-to-date: /home/alw82/ros2_ws/install/turtlebot3_navigation2/share/turtlebot3_navigation2/environment/ament_prefix_path.dsv
[0.212s] -- Up-to-date: /home/alw82/ros2_ws/install/turtlebot3_navigation2/share/turtlebot3_navigation2/environment/path.sh
[0.212s] -- Up-to-date: /home/alw82/ros2_ws/install/turtlebot3_navigation2/share/turtlebot3_navigation2/environment/path.dsv
[0.212s] -- Up-to-date: /home/alw82/ros2_ws/install/turtlebot3_navigation2/share/turtlebot3_navigation2/local_setup.bash
[0.212s] -- Up-to-date: /home/alw82/ros2_ws/install/turtlebot3_navigation2/share/turtlebot3_navigation2/local_setup.sh
[0.212s] -- Up-to-date: /home/alw82/ros2_ws/install/turtlebot3_navigation2/share/turtlebot3_navigation2/local_setup.zsh
[0.212s] -- Up-to-date: /home/alw82/ros2_ws/install/turtlebot3_navigation2/share/turtlebot3_navigation2/local_setup.dsv
[0.212s] -- Up-to-date: /home/alw82/ros2_ws/install/turtlebot3_navigation2/share/turtlebot3_navigation2/package.dsv
[0.212s] -- Up-to-date: /home/alw82/ros2_ws/install/turtlebot3_navigation2/share/ament_index/resource_index/packages/turtlebot3_navigation2
[0.212s] -- Up-to-date: /home/alw82/ros2_ws/install/turtlebot3_navigation2/share/turtlebot3_navigation2/cmake/turtlebot3_navigation2Config.cmake
[0.212s] -- Up-to-date: /home/alw82/ros2_ws/install/turtlebot3_navigation2/share/turtlebot3_navigation2/cmake/turtlebot3_navigation2Config-version.cmake
[0.213s] -- Up-to-date: /home/alw82/ros2_ws/install/turtlebot3_navigation2/share/turtlebot3_navigation2/package.xml
[0.240s] Invoked command in '/home/alw82/ros2_ws/build/turtlebot3_navigation2' returned '0': CMAKE_PREFIX_PATH=/opt/ros/humble /usr/bin/cmake --install /home/alw82/ros2_ws/build/turtlebot3_navigation2
