-- Install configuration: ""
-- Up-to-date: /home/alw82/ros2_ws/install/track_envs/share/track_envs//launch
-- Up-to-date: /home/alw82/ros2_ws/install/track_envs/share/track_envs//launch/track2.launch
-- Up-to-date: /home/alw82/ros2_ws/install/track_envs/share/track_envs//launch/track1.launch
-- Up-to-date: /home/alw82/ros2_ws/install/track_envs/share/track_envs//models
-- Up-to-date: /home/alw82/ros2_ws/install/track_envs/share/track_envs//models/RedCube
-- Up-to-date: /home/alw82/ros2_ws/install/track_envs/share/track_envs//models/RedCube/model.config
-- Up-to-date: /home/alw82/ros2_ws/install/track_envs/share/track_envs//models/RedCube/model.sdf
-- Up-to-date: /home/alw82/ros2_ws/install/track_envs/share/track_envs//models/GreenCube
-- Up-to-date: /home/alw82/ros2_ws/install/track_envs/share/track_envs//models/GreenCube/model.config
-- Up-to-date: /home/alw82/ros2_ws/install/track_envs/share/track_envs//models/GreenCube/model.sdf
-- Up-to-date: /home/alw82/ros2_ws/install/track_envs/share/track_envs//models/BlueCube
-- Up-to-date: /home/alw82/ros2_ws/install/track_envs/share/track_envs//models/BlueCube/model.config
-- Up-to-date: /home/alw82/ros2_ws/install/track_envs/share/track_envs//models/BlueCube/model.sdf
-- Up-to-date: /home/alw82/ros2_ws/install/track_envs/share/track_envs//models/GreenBin
-- Up-to-date: /home/alw82/ros2_ws/install/track_envs/share/track_envs//models/GreenBin/model.config
-- Up-to-date: /home/alw82/ros2_ws/install/track_envs/share/track_envs//models/GreenBin/model.sdf
-- Up-to-date: /home/alw82/ros2_ws/install/track_envs/share/track_envs//models/RaceTrackv2
-- Up-to-date: /home/alw82/ros2_ws/install/track_envs/share/track_envs//models/RaceTrackv2/model.config
-- Up-to-date: /home/alw82/ros2_ws/install/track_envs/share/track_envs//models/RaceTrackv2/model.sdf
-- Up-to-date: /home/alw82/ros2_ws/install/track_envs/share/track_envs//worlds
-- Up-to-date: /home/alw82/ros2_ws/install/track_envs/share/track_envs//worlds/track2.world
-- Up-to-date: /home/alw82/ros2_ws/install/track_envs/share/track_envs//worlds/scenario23.world
-- Up-to-date: /home/alw82/ros2_ws/install/track_envs/share/track_envs//worlds/coloured_blocks.world
-- Up-to-date: /home/alw82/ros2_ws/install/track_envs/share/track_envs//worlds/track1.world
-- Up-to-date: /home/alw82/ros2_ws/install/track_envs/share/ament_index/resource_index/package_run_dependencies/track_envs
-- Up-to-date: /home/alw82/ros2_ws/install/track_envs/share/ament_index/resource_index/parent_prefix_path/track_envs
-- Up-to-date: /home/alw82/ros2_ws/install/track_envs/share/track_envs/environment/ament_prefix_path.sh
-- Up-to-date: /home/alw82/ros2_ws/install/track_envs/share/track_envs/environment/ament_prefix_path.dsv
-- Up-to-date: /home/alw82/ros2_ws/install/track_envs/share/track_envs/environment/path.sh
-- Up-to-date: /home/alw82/ros2_ws/install/track_envs/share/track_envs/environment/path.dsv
-- Up-to-date: /home/alw82/ros2_ws/install/track_envs/share/track_envs/local_setup.bash
-- Up-to-date: /home/alw82/ros2_ws/install/track_envs/share/track_envs/local_setup.sh
-- Up-to-date: /home/alw82/ros2_ws/install/track_envs/share/track_envs/local_setup.zsh
-- Up-to-date: /home/alw82/ros2_ws/install/track_envs/share/track_envs/local_setup.dsv
-- Installing: /home/alw82/ros2_ws/install/track_envs/share/track_envs/package.dsv
-- Up-to-date: /home/alw82/ros2_ws/install/track_envs/share/ament_index/resource_index/packages/track_envs
-- Up-to-date: /home/alw82/ros2_ws/install/track_envs/share/track_envs/cmake/track_envsConfig.cmake
-- Up-to-date: /home/alw82/ros2_ws/install/track_envs/share/track_envs/cmake/track_envsConfig-version.cmake
-- Up-to-date: /home/alw82/ros2_ws/install/track_envs/share/track_envs/package.xml
