[0.228s] Invoking command in '/home/alw82/ros2_ws/build/track_envs': CMAKE_PREFIX_PATH=${CMAKE_PREFIX_PATH}:/home/alw82/ros2_ws/install/opencv_tools:/opt/ros/humble /usr/bin/cmake --build /home/alw82/ros2_ws/build/track_envs -- -j24 -l24
[0.242s] Invoked command in '/home/alw82/ros2_ws/build/track_envs' returned '0': CMAKE_PREFIX_PATH=${CMAKE_PREFIX_PATH}:/home/alw82/ros2_ws/install/opencv_tools:/opt/ros/humble /usr/bin/cmake --build /home/alw82/ros2_ws/build/track_envs -- -j24 -l24
[0.253s] Invoking command in '/home/alw82/ros2_ws/build/track_envs': CMAKE_PREFIX_PATH=${CMAKE_PREFIX_PATH}:/home/alw82/ros2_ws/install/opencv_tools:/opt/ros/humble /usr/bin/cmake --install /home/alw82/ros2_ws/build/track_envs
[0.259s] -- Install configuration: ""
[0.259s] -- Up-to-date: /home/alw82/ros2_ws/install/track_envs/share/track_envs//launch
[0.259s] -- Up-to-date: /home/alw82/ros2_ws/install/track_envs/share/track_envs//launch/track2.launch
[0.260s] -- Up-to-date: /home/alw82/ros2_ws/install/track_envs/share/track_envs//launch/track1.launch
[0.260s] -- Up-to-date: /home/alw82/ros2_ws/install/track_envs/share/track_envs//models
[0.260s] -- Up-to-date: /home/alw82/ros2_ws/install/track_envs/share/track_envs//models/RedCube
[0.261s] -- Up-to-date: /home/alw82/ros2_ws/install/track_envs/share/track_envs//models/RedCube/model.config
[0.261s] -- Up-to-date: /home/alw82/ros2_ws/install/track_envs/share/track_envs//models/RedCube/model.sdf
[0.261s] -- Up-to-date: /home/alw82/ros2_ws/install/track_envs/share/track_envs//models/GreenCube
[0.261s] -- Up-to-date: /home/alw82/ros2_ws/install/track_envs/share/track_envs//models/GreenCube/model.config
[0.261s] -- Up-to-date: /home/alw82/ros2_ws/install/track_envs/share/track_envs//models/GreenCube/model.sdf
[0.261s] -- Up-to-date: /home/alw82/ros2_ws/install/track_envs/share/track_envs//models/BlueCube
[0.261s] -- Up-to-date: /home/alw82/ros2_ws/install/track_envs/share/track_envs//models/BlueCube/model.config
[0.261s] -- Up-to-date: /home/alw82/ros2_ws/install/track_envs/share/track_envs//models/BlueCube/model.sdf
[0.261s] -- Up-to-date: /home/alw82/ros2_ws/install/track_envs/share/track_envs//models/GreenBin
[0.262s] -- Up-to-date: /home/alw82/ros2_ws/install/track_envs/share/track_envs//models/GreenBin/model.config
[0.262s] -- Up-to-date: /home/alw82/ros2_ws/install/track_envs/share/track_envs//models/GreenBin/model.sdf
[0.262s] -- Up-to-date: /home/alw82/ros2_ws/install/track_envs/share/track_envs//models/RaceTrackv2
[0.262s] -- Up-to-date: /home/alw82/ros2_ws/install/track_envs/share/track_envs//models/RaceTrackv2/model.config
[0.262s] -- Up-to-date: /home/alw82/ros2_ws/install/track_envs/share/track_envs//models/RaceTrackv2/model.sdf
[0.262s] -- Up-to-date: /home/alw82/ros2_ws/install/track_envs/share/track_envs//worlds
[0.262s] -- Up-to-date: /home/alw82/ros2_ws/install/track_envs/share/track_envs//worlds/track2.world
[0.262s] -- Up-to-date: /home/alw82/ros2_ws/install/track_envs/share/track_envs//worlds/scenario23.world
[0.262s] -- Up-to-date: /home/alw82/ros2_ws/install/track_envs/share/track_envs//worlds/coloured_blocks.world
[0.262s] -- Up-to-date: /home/alw82/ros2_ws/install/track_envs/share/track_envs//worlds/track1.world
[0.262s] -- Up-to-date: /home/alw82/ros2_ws/install/track_envs/share/ament_index/resource_index/package_run_dependencies/track_envs
[0.262s] -- Up-to-date: /home/alw82/ros2_ws/install/track_envs/share/ament_index/resource_index/parent_prefix_path/track_envs
[0.262s] -- Up-to-date: /home/alw82/ros2_ws/install/track_envs/share/track_envs/environment/ament_prefix_path.sh
[0.262s] -- Up-to-date: /home/alw82/ros2_ws/install/track_envs/share/track_envs/environment/ament_prefix_path.dsv
[0.262s] -- Up-to-date: /home/alw82/ros2_ws/install/track_envs/share/track_envs/environment/path.sh
[0.263s] -- Up-to-date: /home/alw82/ros2_ws/install/track_envs/share/track_envs/environment/path.dsv
[0.263s] -- Up-to-date: /home/alw82/ros2_ws/install/track_envs/share/track_envs/local_setup.bash
[0.263s] -- Up-to-date: /home/alw82/ros2_ws/install/track_envs/share/track_envs/local_setup.sh
[0.263s] -- Up-to-date: /home/alw82/ros2_ws/install/track_envs/share/track_envs/local_setup.zsh
[0.263s] -- Up-to-date: /home/alw82/ros2_ws/install/track_envs/share/track_envs/local_setup.dsv
[0.263s] -- Installing: /home/alw82/ros2_ws/install/track_envs/share/track_envs/package.dsv
[0.263s] -- Up-to-date: /home/alw82/ros2_ws/install/track_envs/share/ament_index/resource_index/packages/track_envs
[0.263s] -- Up-to-date: /home/alw82/ros2_ws/install/track_envs/share/track_envs/cmake/track_envsConfig.cmake
[0.263s] -- Up-to-date: /home/alw82/ros2_ws/install/track_envs/share/track_envs/cmake/track_envsConfig-version.cmake
[0.263s] -- Up-to-date: /home/alw82/ros2_ws/install/track_envs/share/track_envs/package.xml
[0.297s] Invoked command in '/home/alw82/ros2_ws/build/track_envs' returned '0': CMAKE_PREFIX_PATH=${CMAKE_PREFIX_PATH}:/home/alw82/ros2_ws/install/opencv_tools:/opt/ros/humble /usr/bin/cmake --install /home/alw82/ros2_ws/build/track_envs
