[35m[1mConsolidate compiler generated dependencies of target helloWorld[0m
[35m[1mConsolidate compiler generated dependencies of target colourClient[0m
[35m[1mConsolidate compiler generated dependencies of target tiagoColourFinder[0m
[35m[1mConsolidate compiler generated dependencies of target depthSubscriber[0m
[35m[1mConsolidate compiler generated dependencies of target pmb2_track[0m
[35m[1mConsolidate compiler generated dependencies of target randomTurtle[0m
[35m[1mConsolidate compiler generated dependencies of target examplePublisher[0m
[35m[1mConsolidate compiler generated dependencies of target exampleSubscriber[0m
[35m[1mConsolidate compiler generated dependencies of target alw82Assignment[0m
[35m[1mConsolidate compiler generated dependencies of target velodyneSubscriber[0m
[35m[1mConsolidate compiler generated dependencies of target tiagoColourFinderWithHead[0m
[35m[1mConsolidate compiler generated dependencies of target headCtrl[0m
[35m[1mConsolidate compiler generated dependencies of target torsoCtrl[0m
[  7%] Built target helloWorld
[ 15%] Built target colourClient
[ 23%] Built target exampleSubscriber
[ 34%] Built target tiagoColourFinder
[ 42%] Built target alw82Assignment
[ 50%] Built target depthSubscriber
[ 69%] Built target pmb2_track
[ 69%] Built target examplePublisher
[ 69%] Built target randomTurtle
[ 76%] Built target headCtrl
[ 92%] Built target tiagoColourFinderWithHead
[ 92%] Built target velodyneSubscriber
[100%] Built target torsoCtrl
-- Install configuration: ""
-- Up-to-date: /home/alw82/ros2_ws/install/alw82_ros360_cpp/lib/alw82_ros360_cpp/helloWorld
-- Up-to-date: /home/alw82/ros2_ws/install/alw82_ros360_cpp/lib/alw82_ros360_cpp/examplePublisher
-- Up-to-date: /home/alw82/ros2_ws/install/alw82_ros360_cpp/lib/alw82_ros360_cpp/exampleSubscriber
-- Up-to-date: /home/alw82/ros2_ws/install/alw82_ros360_cpp/lib/alw82_ros360_cpp/randomTurtle
-- Up-to-date: /home/alw82/ros2_ws/install/alw82_ros360_cpp/lib/alw82_ros360_cpp/velodyneSubscriber
-- Up-to-date: /home/alw82/ros2_ws/install/alw82_ros360_cpp/lib/alw82_ros360_cpp/pmb2_track
-- Up-to-date: /home/alw82/ros2_ws/install/alw82_ros360_cpp/lib/alw82_ros360_cpp/tiagoColourFinder
-- Up-to-date: /home/alw82/ros2_ws/install/alw82_ros360_cpp/lib/alw82_ros360_cpp/colourClient
-- Up-to-date: /home/alw82/ros2_ws/install/alw82_ros360_cpp/lib/alw82_ros360_cpp/depthSubscriber
-- Up-to-date: /home/alw82/ros2_ws/install/alw82_ros360_cpp/lib/alw82_ros360_cpp/headCtrl
-- Up-to-date: /home/alw82/ros2_ws/install/alw82_ros360_cpp/lib/alw82_ros360_cpp/torsoCtrl
-- Up-to-date: /home/alw82/ros2_ws/install/alw82_ros360_cpp/lib/alw82_ros360_cpp/tiagoColourFinderWithHead
-- Up-to-date: /home/alw82/ros2_ws/install/alw82_ros360_cpp/lib/alw82_ros360_cpp/alw82Assignment
-- Up-to-date: /home/alw82/ros2_ws/install/alw82_ros360_cpp/share/alw82_ros360_cpp//launch
-- Up-to-date: /home/alw82/ros2_ws/install/alw82_ros360_cpp/share/alw82_ros360_cpp//launch/pmb2_track.launch.xml
-- Up-to-date: /home/alw82/ros2_ws/install/alw82_ros360_cpp/share/alw82_ros360_cpp//launch/colour_detector.launch.xml:Zone.Identifier
-- Up-to-date: /home/alw82/ros2_ws/install/alw82_ros360_cpp/share/alw82_ros360_cpp//launch/tiago_assignment.launch.xml:Zone.Identifier
-- Up-to-date: /home/alw82/ros2_ws/install/alw82_ros360_cpp/share/alw82_ros360_cpp//launch/tiago_blocks.launch.xml:Zone.Identifier
-- Up-to-date: /home/alw82/ros2_ws/install/alw82_ros360_cpp/share/alw82_ros360_cpp//launch/tiago_assignment.launch.xml
-- Up-to-date: /home/alw82/ros2_ws/install/alw82_ros360_cpp/share/alw82_ros360_cpp//launch/colour_detector.launch.xml
-- Up-to-date: /home/alw82/ros2_ws/install/alw82_ros360_cpp/share/alw82_ros360_cpp//launch/pmb2_track.launch.xml:Zone.Identifier
-- Up-to-date: /home/alw82/ros2_ws/install/alw82_ros360_cpp/share/alw82_ros360_cpp//launch/tiago_blocks.launch.xml
-- Up-to-date: /home/alw82/ros2_ws/install/alw82_ros360_cpp/share/ament_index/resource_index/package_run_dependencies/alw82_ros360_cpp
-- Up-to-date: /home/alw82/ros2_ws/install/alw82_ros360_cpp/share/ament_index/resource_index/parent_prefix_path/alw82_ros360_cpp
-- Up-to-date: /home/alw82/ros2_ws/install/alw82_ros360_cpp/share/alw82_ros360_cpp/environment/ament_prefix_path.sh
-- Up-to-date: /home/alw82/ros2_ws/install/alw82_ros360_cpp/share/alw82_ros360_cpp/environment/ament_prefix_path.dsv
-- Up-to-date: /home/alw82/ros2_ws/install/alw82_ros360_cpp/share/alw82_ros360_cpp/environment/path.sh
-- Up-to-date: /home/alw82/ros2_ws/install/alw82_ros360_cpp/share/alw82_ros360_cpp/environment/path.dsv
-- Up-to-date: /home/alw82/ros2_ws/install/alw82_ros360_cpp/share/alw82_ros360_cpp/local_setup.bash
-- Up-to-date: /home/alw82/ros2_ws/install/alw82_ros360_cpp/share/alw82_ros360_cpp/local_setup.sh
-- Up-to-date: /home/alw82/ros2_ws/install/alw82_ros360_cpp/share/alw82_ros360_cpp/local_setup.zsh
-- Up-to-date: /home/alw82/ros2_ws/install/alw82_ros360_cpp/share/alw82_ros360_cpp/local_setup.dsv
-- Installing: /home/alw82/ros2_ws/install/alw82_ros360_cpp/share/alw82_ros360_cpp/package.dsv
-- Up-to-date: /home/alw82/ros2_ws/install/alw82_ros360_cpp/share/ament_index/resource_index/packages/alw82_ros360_cpp
-- Up-to-date: /home/alw82/ros2_ws/install/alw82_ros360_cpp/share/alw82_ros360_cpp/cmake/alw82_ros360_cppConfig.cmake
-- Up-to-date: /home/alw82/ros2_ws/install/alw82_ros360_cpp/share/alw82_ros360_cpp/cmake/alw82_ros360_cppConfig-version.cmake
-- Up-to-date: /home/alw82/ros2_ws/install/alw82_ros360_cpp/share/alw82_ros360_cpp/package.xml
