[0.130s] Invoking command in '/home/alw82/ros2_ws/build/alw82_ros360_cpp': CMAKE_PREFIX_PATH=/opt/ros/humble /usr/bin/cmake --build /home/alw82/ros2_ws/build/alw82_ros360_cpp -- -j24 -l24
[0.279s] [35m[1mConsolidate compiler generated dependencies of target helloWorld[0m
[0.280s] [35m[1mConsolidate compiler generated dependencies of target colourClient[0m
[0.280s] [35m[1mConsolidate compiler generated dependencies of target tiagoColourFinder[0m
[0.280s] [35m[1mConsolidate compiler generated dependencies of target depthSubscriber[0m
[0.280s] [35m[1mConsolidate compiler generated dependencies of target pmb2_track[0m
[0.280s] [35m[1mConsolidate compiler generated dependencies of target randomTurtle[0m
[0.280s] [35m[1mConsolidate compiler generated dependencies of target examplePublisher[0m
[0.280s] [35m[1mConsolidate compiler generated dependencies of target exampleSubscriber[0m
[0.280s] [35m[1mConsolidate compiler generated dependencies of target alw82Assignment[0m
[0.280s] [35m[1mConsolidate compiler generated dependencies of target velodyneSubscriber[0m
[0.280s] [35m[1mConsolidate compiler generated dependencies of target tiagoColourFinderWithHead[0m
[0.280s] [35m[1mConsolidate compiler generated dependencies of target headCtrl[0m
[0.280s] [35m[1mConsolidate compiler generated dependencies of target torsoCtrl[0m
[0.280s] [  7%] Built target helloWorld
[0.281s] [ 15%] Built target colourClient
[0.281s] [ 23%] Built target exampleSubscriber
[0.281s] [ 34%] Built target tiagoColourFinder
[0.281s] [ 42%] Built target alw82Assignment
[0.281s] [ 50%] Built target depthSubscriber
[0.281s] [ 69%] Built target pmb2_track
[0.281s] [ 69%] Built target examplePublisher
[0.281s] [ 69%] Built target randomTurtle
[0.281s] [ 76%] Built target headCtrl
[0.281s] [ 92%] Built target tiagoColourFinderWithHead
[0.281s] [ 92%] Built target velodyneSubscriber
[0.281s] [100%] Built target torsoCtrl
[0.285s] Invoked command in '/home/alw82/ros2_ws/build/alw82_ros360_cpp' returned '0': CMAKE_PREFIX_PATH=/opt/ros/humble /usr/bin/cmake --build /home/alw82/ros2_ws/build/alw82_ros360_cpp -- -j24 -l24
[0.342s] Invoking command in '/home/alw82/ros2_ws/build/alw82_ros360_cpp': CMAKE_PREFIX_PATH=/opt/ros/humble /usr/bin/cmake --install /home/alw82/ros2_ws/build/alw82_ros360_cpp
[0.345s] -- Install configuration: ""
[0.345s] -- Up-to-date: /home/alw82/ros2_ws/install/alw82_ros360_cpp/lib/alw82_ros360_cpp/helloWorld
[0.345s] -- Up-to-date: /home/alw82/ros2_ws/install/alw82_ros360_cpp/lib/alw82_ros360_cpp/examplePublisher
[0.345s] -- Up-to-date: /home/alw82/ros2_ws/install/alw82_ros360_cpp/lib/alw82_ros360_cpp/exampleSubscriber
[0.345s] -- Up-to-date: /home/alw82/ros2_ws/install/alw82_ros360_cpp/lib/alw82_ros360_cpp/randomTurtle
[0.345s] -- Up-to-date: /home/alw82/ros2_ws/install/alw82_ros360_cpp/lib/alw82_ros360_cpp/velodyneSubscriber
[0.345s] -- Up-to-date: /home/alw82/ros2_ws/install/alw82_ros360_cpp/lib/alw82_ros360_cpp/pmb2_track
[0.346s] -- Up-to-date: /home/alw82/ros2_ws/install/alw82_ros360_cpp/lib/alw82_ros360_cpp/tiagoColourFinder
[0.346s] -- Up-to-date: /home/alw82/ros2_ws/install/alw82_ros360_cpp/lib/alw82_ros360_cpp/colourClient
[0.346s] -- Up-to-date: /home/alw82/ros2_ws/install/alw82_ros360_cpp/lib/alw82_ros360_cpp/depthSubscriber
[0.346s] -- Up-to-date: /home/alw82/ros2_ws/install/alw82_ros360_cpp/lib/alw82_ros360_cpp/headCtrl
[0.346s] -- Up-to-date: /home/alw82/ros2_ws/install/alw82_ros360_cpp/lib/alw82_ros360_cpp/torsoCtrl
[0.347s] -- Up-to-date: /home/alw82/ros2_ws/install/alw82_ros360_cpp/lib/alw82_ros360_cpp/tiagoColourFinderWithHead
[0.347s] -- Up-to-date: /home/alw82/ros2_ws/install/alw82_ros360_cpp/lib/alw82_ros360_cpp/alw82Assignment
[0.347s] -- Up-to-date: /home/alw82/ros2_ws/install/alw82_ros360_cpp/share/alw82_ros360_cpp//launch
[0.347s] -- Up-to-date: /home/alw82/ros2_ws/install/alw82_ros360_cpp/share/alw82_ros360_cpp//launch/pmb2_track.launch.xml
[0.347s] -- Up-to-date: /home/alw82/ros2_ws/install/alw82_ros360_cpp/share/alw82_ros360_cpp//launch/colour_detector.launch.xml:Zone.Identifier
[0.347s] -- Up-to-date: /home/alw82/ros2_ws/install/alw82_ros360_cpp/share/alw82_ros360_cpp//launch/tiago_assignment.launch.xml:Zone.Identifier
[0.347s] -- Up-to-date: /home/alw82/ros2_ws/install/alw82_ros360_cpp/share/alw82_ros360_cpp//launch/tiago_blocks.launch.xml:Zone.Identifier
[0.347s] -- Up-to-date: /home/alw82/ros2_ws/install/alw82_ros360_cpp/share/alw82_ros360_cpp//launch/tiago_assignment.launch.xml
[0.347s] -- Up-to-date: /home/alw82/ros2_ws/install/alw82_ros360_cpp/share/alw82_ros360_cpp//launch/colour_detector.launch.xml
[0.348s] -- Up-to-date: /home/alw82/ros2_ws/install/alw82_ros360_cpp/share/alw82_ros360_cpp//launch/pmb2_track.launch.xml:Zone.Identifier
[0.348s] -- Up-to-date: /home/alw82/ros2_ws/install/alw82_ros360_cpp/share/alw82_ros360_cpp//launch/tiago_blocks.launch.xml
[0.348s] -- Up-to-date: /home/alw82/ros2_ws/install/alw82_ros360_cpp/share/ament_index/resource_index/package_run_dependencies/alw82_ros360_cpp
[0.348s] -- Up-to-date: /home/alw82/ros2_ws/install/alw82_ros360_cpp/share/ament_index/resource_index/parent_prefix_path/alw82_ros360_cpp
[0.348s] -- Up-to-date: /home/alw82/ros2_ws/install/alw82_ros360_cpp/share/alw82_ros360_cpp/environment/ament_prefix_path.sh
[0.348s] -- Up-to-date: /home/alw82/ros2_ws/install/alw82_ros360_cpp/share/alw82_ros360_cpp/environment/ament_prefix_path.dsv
[0.348s] -- Up-to-date: /home/alw82/ros2_ws/install/alw82_ros360_cpp/share/alw82_ros360_cpp/environment/path.sh
[0.348s] -- Up-to-date: /home/alw82/ros2_ws/install/alw82_ros360_cpp/share/alw82_ros360_cpp/environment/path.dsv
[0.348s] -- Up-to-date: /home/alw82/ros2_ws/install/alw82_ros360_cpp/share/alw82_ros360_cpp/local_setup.bash
[0.348s] -- Up-to-date: /home/alw82/ros2_ws/install/alw82_ros360_cpp/share/alw82_ros360_cpp/local_setup.sh
[0.348s] -- Up-to-date: /home/alw82/ros2_ws/install/alw82_ros360_cpp/share/alw82_ros360_cpp/local_setup.zsh
[0.348s] -- Up-to-date: /home/alw82/ros2_ws/install/alw82_ros360_cpp/share/alw82_ros360_cpp/local_setup.dsv
[0.348s] -- Installing: /home/alw82/ros2_ws/install/alw82_ros360_cpp/share/alw82_ros360_cpp/package.dsv
[0.348s] -- Up-to-date: /home/alw82/ros2_ws/install/alw82_ros360_cpp/share/ament_index/resource_index/packages/alw82_ros360_cpp
[0.349s] -- Up-to-date: /home/alw82/ros2_ws/install/alw82_ros360_cpp/share/alw82_ros360_cpp/cmake/alw82_ros360_cppConfig.cmake
[0.349s] -- Up-to-date: /home/alw82/ros2_ws/install/alw82_ros360_cpp/share/alw82_ros360_cpp/cmake/alw82_ros360_cppConfig-version.cmake
[0.349s] -- Up-to-date: /home/alw82/ros2_ws/install/alw82_ros360_cpp/share/alw82_ros360_cpp/package.xml
[0.395s] Invoked command in '/home/alw82/ros2_ws/build/alw82_ros360_cpp' returned '0': CMAKE_PREFIX_PATH=/opt/ros/humble /usr/bin/cmake --install /home/alw82/ros2_ws/build/alw82_ros360_cpp
