-- The C compiler identification is GNU 11.4.0
-- The CXX compiler identification is GNU 11.4.0
-- Detecting C compiler ABI info
-- Detecting C compiler ABI info - done
-- Check for working C compiler: /usr/bin/cc - skipped
-- Detecting C compile features
-- Detecting C compile features - done
-- Detecting CXX compiler ABI info
-- Detecting CXX compiler ABI info - done
-- Check for working CXX compiler: /usr/bin/c++ - skipped
-- Detecting CXX compile features
-- Detecting CXX compile features - done
-- Found ament_cmake: 1.3.7 (/opt/ros/humble/share/ament_cmake/cmake)
-- Found Python3: /usr/bin/python3.10 (found version "3.10.12") found components: Interpreter 
-- Found rclcpp: 16.0.8 (/opt/ros/humble/share/rclcpp/cmake)
-- Found rosidl_generator_c: 3.1.5 (/opt/ros/humble/share/rosidl_generator_c/cmake)
-- Found rosidl_adapter: 3.1.5 (/opt/ros/humble/share/rosidl_adapter/cmake)
-- Found rosidl_generator_cpp: 3.1.5 (/opt/ros/humble/share/rosidl_generator_cpp/cmake)
-- Using all available rosidl_typesupport_c: rosidl_typesupport_fastrtps_c;rosidl_typesupport_introspection_c
-- Using all available rosidl_typesupport_cpp: rosidl_typesupport_fastrtps_cpp;rosidl_typesupport_introspection_cpp
-- Found rmw_implementation_cmake: 6.1.1 (/opt/ros/humble/share/rmw_implementation_cmake/cmake)
-- Found rmw_fastrtps_cpp: 6.2.6 (/opt/ros/humble/share/rmw_fastrtps_cpp/cmake)
-- Found OpenSSL: /usr/lib/x86_64-linux-gnu/libcrypto.so (found version "3.0.2")  
-- Found FastRTPS: /opt/ros/humble/include  
-- Using RMW implementation 'rmw_fastrtps_cpp' as default
-- Looking for pthread.h
-- Looking for pthread.h - found
-- Performing Test CMAKE_HAVE_LIBC_PTHREAD
-- Performing Test CMAKE_HAVE_LIBC_PTHREAD - Success
-- Found Threads: TRUE  
-- Found moveit_ros_planning_interface: 2.5.5 (/opt/ros/humble/share/moveit_ros_planning_interface/cmake)
-- Found Boost: /usr/lib/x86_64-linux-gnu/cmake/Boost-1.74.0/BoostConfig.cmake (found version "1.74.0") found components: date_time filesystem program_options system thread 
-- Found Boost: /usr/lib/x86_64-linux-gnu/cmake/Boost-1.74.0/BoostConfig.cmake (found version "1.74.0") found components: chrono date_time filesystem iostreams program_options regex serialization system thread 
-- Found parameter_traits: 0.3.7 (/opt/ros/humble/share/parameter_traits/cmake)
-- Found rclcpp_lifecycle: 16.0.8 (/opt/ros/humble/share/rclcpp_lifecycle/cmake)
-- Found Boost: /usr/lib/x86_64-linux-gnu/cmake/Boost-1.74.0/BoostConfig.cmake (found version "1.74.0") found components: filesystem 
-- library: /usr/lib/x86_64-linux-gnu/libcurl.so
-- Found Eigen3: TRUE (found version "3.4.0") 
-- Ensuring Eigen3 include directory is part of orocos-kdl CMake target
-- Found Boost: /usr/lib/x86_64-linux-gnu/cmake/Boost-1.74.0/BoostConfig.cmake (found version "1.74.0") found components: system filesystem date_time program_options thread chrono 
-- Found Boost: /usr/lib/x86_64-linux-gnu/cmake/Boost-1.74.0/BoostConfig.cmake (found version "1.74.0") found components: thread system filesystem regex date_time program_options 
-- Found Boost: /usr/lib/x86_64-linux-gnu/cmake/Boost-1.74.0/BoostConfig.cmake (found version "1.74.0") found components: system filesystem date_time program_options thread 
-- Found ament_lint_auto: 0.12.10 (/opt/ros/humble/share/ament_lint_auto/cmake)
-- Added test 'cppcheck' to perform static code analysis on C / C++ code
-- Configured cppcheck include dirs: 
-- Configured cppcheck exclude dirs and/or files: 
-- Added test 'flake8' to check Python code syntax and style conventions
-- Added test 'lint_cmake' to check CMake code style
-- Added test 'pep257' to check Python code against some of the docstring style conventions in PEP 257
-- Added test 'uncrustify' to check C / C++ code style
-- Configured uncrustify additional arguments: 
-- Added test 'xmllint' to check XML markup files
-- Configuring done
-- Generating done
-- Build files have been written to: /home/alw82/ros2_ws/build/ros360_moveit
[ 50%] [32mBuilding CXX object CMakeFiles/tiago_moveit_interface.dir/src/tiago_moveit_interface.cpp.o[0m
[100%] [32m[1mLinking CXX executable tiago_moveit_interface[0m
[100%] Built target tiago_moveit_interface
-- Install configuration: ""
-- Installing: /home/alw82/ros2_ws/install/ros360_moveit/lib/ros360_moveit/tiago_moveit_interface
-- Set runtime path of "/home/alw82/ros2_ws/install/ros360_moveit/lib/ros360_moveit/tiago_moveit_interface" to ""
-- Installing: /home/alw82/ros2_ws/install/ros360_moveit/share/ros360_moveit//launch
-- Installing: /home/alw82/ros2_ws/install/ros360_moveit/share/ros360_moveit//launch/ros360_moveit.launch.py
-- Installing: /home/alw82/ros2_ws/install/ros360_moveit/share/ros360_moveit//launch/ros360_moveit.launch.py:Zone.Identifier
-- Installing: /home/alw82/ros2_ws/install/ros360_moveit/share/ament_index/resource_index/package_run_dependencies/ros360_moveit
-- Installing: /home/alw82/ros2_ws/install/ros360_moveit/share/ament_index/resource_index/parent_prefix_path/ros360_moveit
-- Installing: /home/alw82/ros2_ws/install/ros360_moveit/share/ros360_moveit/environment/ament_prefix_path.sh
-- Installing: /home/alw82/ros2_ws/install/ros360_moveit/share/ros360_moveit/environment/ament_prefix_path.dsv
-- Installing: /home/alw82/ros2_ws/install/ros360_moveit/share/ros360_moveit/environment/path.sh
-- Installing: /home/alw82/ros2_ws/install/ros360_moveit/share/ros360_moveit/environment/path.dsv
-- Installing: /home/alw82/ros2_ws/install/ros360_moveit/share/ros360_moveit/local_setup.bash
-- Installing: /home/alw82/ros2_ws/install/ros360_moveit/share/ros360_moveit/local_setup.sh
-- Installing: /home/alw82/ros2_ws/install/ros360_moveit/share/ros360_moveit/local_setup.zsh
-- Installing: /home/alw82/ros2_ws/install/ros360_moveit/share/ros360_moveit/local_setup.dsv
-- Installing: /home/alw82/ros2_ws/install/ros360_moveit/share/ros360_moveit/package.dsv
-- Installing: /home/alw82/ros2_ws/install/ros360_moveit/share/ament_index/resource_index/packages/ros360_moveit
-- Installing: /home/alw82/ros2_ws/install/ros360_moveit/share/ros360_moveit/cmake/ros360_moveitConfig.cmake
-- Installing: /home/alw82/ros2_ws/install/ros360_moveit/share/ros360_moveit/cmake/ros360_moveitConfig-version.cmake
-- Installing: /home/alw82/ros2_ws/install/ros360_moveit/share/ros360_moveit/package.xml
