[0.266s] Invoking command in '/home/alw82/ros2_ws/build/ros360_moveit': CMAKE_PREFIX_PATH=/opt/ros/humble /usr/bin/cmake /home/alw82/ros2_ws/src/ros360_moveit -DCMAKE_INSTALL_PREFIX=/home/alw82/ros2_ws/install/ros360_moveit
[0.347s] -- The C compiler identification is GNU 11.4.0
[0.717s] -- The CXX compiler identification is GNU 11.4.0
[0.972s] -- Detecting C compiler ABI info
[1.051s] -- Detecting C compiler ABI info - done
[1.055s] -- Check for working C compiler: /usr/bin/cc - skipped
[1.055s] -- Detecting C compile features
[1.055s] -- Detecting C compile features - done
[1.057s] -- Detecting CXX compiler ABI info
[1.137s] -- Detecting CXX compiler ABI info - done
[1.141s] -- Check for working CXX compiler: /usr/bin/c++ - skipped
[1.141s] -- Detecting CXX compile features
[1.141s] -- Detecting CXX compile features - done
[1.142s] -- Found ament_cmake: 1.3.7 (/opt/ros/humble/share/ament_cmake/cmake)
[1.232s] -- Found Python3: /usr/bin/python3.10 (found version "3.10.12") found components: Interpreter 
[1.277s] -- Found rclcpp: 16.0.8 (/opt/ros/humble/share/rclcpp/cmake)
[1.361s] -- Found rosidl_generator_c: 3.1.5 (/opt/ros/humble/share/rosidl_generator_c/cmake)
[1.362s] -- Found rosidl_adapter: 3.1.5 (/opt/ros/humble/share/rosidl_adapter/cmake)
[1.369s] -- Found rosidl_generator_cpp: 3.1.5 (/opt/ros/humble/share/rosidl_generator_cpp/cmake)
[1.381s] -- Using all available rosidl_typesupport_c: rosidl_typesupport_fastrtps_c;rosidl_typesupport_introspection_c
[1.397s] -- Using all available rosidl_typesupport_cpp: rosidl_typesupport_fastrtps_cpp;rosidl_typesupport_introspection_cpp
[1.452s] -- Found rmw_implementation_cmake: 6.1.1 (/opt/ros/humble/share/rmw_implementation_cmake/cmake)
[1.454s] -- Found rmw_fastrtps_cpp: 6.2.6 (/opt/ros/humble/share/rmw_fastrtps_cpp/cmake)
[1.719s] -- Found OpenSSL: /usr/lib/x86_64-linux-gnu/libcrypto.so (found version "3.0.2")  
[2.048s] -- Found FastRTPS: /opt/ros/humble/include  
[2.615s] -- Using RMW implementation 'rmw_fastrtps_cpp' as default
[2.626s] -- Looking for pthread.h
[2.726s] -- Looking for pthread.h - found
[2.726s] -- Performing Test CMAKE_HAVE_LIBC_PTHREAD
[2.866s] -- Performing Test CMAKE_HAVE_LIBC_PTHREAD - Success
[2.868s] -- Found Threads: TRUE  
[2.985s] -- Found moveit_ros_planning_interface: 2.5.5 (/opt/ros/humble/share/moveit_ros_planning_interface/cmake)
[3.006s] -- Found Boost: /usr/lib/x86_64-linux-gnu/cmake/Boost-1.74.0/BoostConfig.cmake (found version "1.74.0") found components: date_time filesystem program_options system thread 
[3.512s] -- Found Boost: /usr/lib/x86_64-linux-gnu/cmake/Boost-1.74.0/BoostConfig.cmake (found version "1.74.0") found components: chrono date_time filesystem iostreams program_options regex serialization system thread 
[3.523s] -- Found parameter_traits: 0.3.7 (/opt/ros/humble/share/parameter_traits/cmake)
[3.540s] -- Found rclcpp_lifecycle: 16.0.8 (/opt/ros/humble/share/rclcpp_lifecycle/cmake)
[3.576s] -- Found Boost: /usr/lib/x86_64-linux-gnu/cmake/Boost-1.74.0/BoostConfig.cmake (found version "1.74.0") found components: filesystem 
[4.203s] -- library: /usr/lib/x86_64-linux-gnu/libcurl.so
[4.340s] -- Found Eigen3: TRUE (found version "3.4.0") 
[4.340s] -- Ensuring Eigen3 include directory is part of orocos-kdl CMake target
[5.514s] -- Found Boost: /usr/lib/x86_64-linux-gnu/cmake/Boost-1.74.0/BoostConfig.cmake (found version "1.74.0") found components: system filesystem date_time program_options thread chrono 
[5.826s] -- Found Boost: /usr/lib/x86_64-linux-gnu/cmake/Boost-1.74.0/BoostConfig.cmake (found version "1.74.0") found components: thread system filesystem regex date_time program_options 
[5.963s] -- Found Boost: /usr/lib/x86_64-linux-gnu/cmake/Boost-1.74.0/BoostConfig.cmake (found version "1.74.0") found components: system filesystem date_time program_options thread 
[6.197s] -- Found ament_lint_auto: 0.12.10 (/opt/ros/humble/share/ament_lint_auto/cmake)
[6.238s] -- Added test 'cppcheck' to perform static code analysis on C / C++ code
[6.238s] -- Configured cppcheck include dirs: 
[6.238s] -- Configured cppcheck exclude dirs and/or files: 
[6.238s] -- Added test 'flake8' to check Python code syntax and style conventions
[6.238s] -- Added test 'lint_cmake' to check CMake code style
[6.238s] -- Added test 'pep257' to check Python code against some of the docstring style conventions in PEP 257
[6.239s] -- Added test 'uncrustify' to check C / C++ code style
[6.239s] -- Configured uncrustify additional arguments: 
[6.239s] -- Added test 'xmllint' to check XML markup files
[6.240s] -- Configuring done
[6.256s] -- Generating done
[6.258s] -- Build files have been written to: /home/alw82/ros2_ws/build/ros360_moveit
[6.267s] Invoked command in '/home/alw82/ros2_ws/build/ros360_moveit' returned '0': CMAKE_PREFIX_PATH=/opt/ros/humble /usr/bin/cmake /home/alw82/ros2_ws/src/ros360_moveit -DCMAKE_INSTALL_PREFIX=/home/alw82/ros2_ws/install/ros360_moveit
[6.268s] Invoking command in '/home/alw82/ros2_ws/build/ros360_moveit': CMAKE_PREFIX_PATH=/opt/ros/humble /usr/bin/cmake --build /home/alw82/ros2_ws/build/ros360_moveit -- -j24 -l24
[6.297s] [ 50%] [32mBuilding CXX object CMakeFiles/tiago_moveit_interface.dir/src/tiago_moveit_interface.cpp.o[0m
[18.102s] [100%] [32m[1mLinking CXX executable tiago_moveit_interface[0m
[18.614s] [100%] Built target tiago_moveit_interface
[18.620s] Invoked command in '/home/alw82/ros2_ws/build/ros360_moveit' returned '0': CMAKE_PREFIX_PATH=/opt/ros/humble /usr/bin/cmake --build /home/alw82/ros2_ws/build/ros360_moveit -- -j24 -l24
[18.631s] Invoking command in '/home/alw82/ros2_ws/build/ros360_moveit': CMAKE_PREFIX_PATH=/opt/ros/humble /usr/bin/cmake --install /home/alw82/ros2_ws/build/ros360_moveit
[18.635s] -- Install configuration: ""
[18.635s] -- Installing: /home/alw82/ros2_ws/install/ros360_moveit/lib/ros360_moveit/tiago_moveit_interface
[18.637s] -- Set runtime path of "/home/alw82/ros2_ws/install/ros360_moveit/lib/ros360_moveit/tiago_moveit_interface" to ""
[18.637s] -- Installing: /home/alw82/ros2_ws/install/ros360_moveit/share/ros360_moveit//launch
[18.637s] -- Installing: /home/alw82/ros2_ws/install/ros360_moveit/share/ros360_moveit//launch/ros360_moveit.launch.py
[18.637s] -- Installing: /home/alw82/ros2_ws/install/ros360_moveit/share/ros360_moveit//launch/ros360_moveit.launch.py:Zone.Identifier
[18.637s] -- Installing: /home/alw82/ros2_ws/install/ros360_moveit/share/ament_index/resource_index/package_run_dependencies/ros360_moveit
[18.638s] -- Installing: /home/alw82/ros2_ws/install/ros360_moveit/share/ament_index/resource_index/parent_prefix_path/ros360_moveit
[18.638s] -- Installing: /home/alw82/ros2_ws/install/ros360_moveit/share/ros360_moveit/environment/ament_prefix_path.sh
[18.638s] -- Installing: /home/alw82/ros2_ws/install/ros360_moveit/share/ros360_moveit/environment/ament_prefix_path.dsv
[18.638s] -- Installing: /home/alw82/ros2_ws/install/ros360_moveit/share/ros360_moveit/environment/path.sh
[18.638s] -- Installing: /home/alw82/ros2_ws/install/ros360_moveit/share/ros360_moveit/environment/path.dsv
[18.638s] -- Installing: /home/alw82/ros2_ws/install/ros360_moveit/share/ros360_moveit/local_setup.bash
[18.638s] -- Installing: /home/alw82/ros2_ws/install/ros360_moveit/share/ros360_moveit/local_setup.sh
[18.638s] -- Installing: /home/alw82/ros2_ws/install/ros360_moveit/share/ros360_moveit/local_setup.zsh
[18.638s] -- Installing: /home/alw82/ros2_ws/install/ros360_moveit/share/ros360_moveit/local_setup.dsv
[18.638s] -- Installing: /home/alw82/ros2_ws/install/ros360_moveit/share/ros360_moveit/package.dsv
[18.639s] -- Installing: /home/alw82/ros2_ws/install/ros360_moveit/share/ament_index/resource_index/packages/ros360_moveit
[18.639s] -- Installing: /home/alw82/ros2_ws/install/ros360_moveit/share/ros360_moveit/cmake/ros360_moveitConfig.cmake
[18.639s] -- Installing: /home/alw82/ros2_ws/install/ros360_moveit/share/ros360_moveit/cmake/ros360_moveitConfig-version.cmake
[18.639s] -- Installing: /home/alw82/ros2_ws/install/ros360_moveit/share/ros360_moveit/package.xml
[18.640s] Invoked command in '/home/alw82/ros2_ws/build/ros360_moveit' returned '0': CMAKE_PREFIX_PATH=/opt/ros/humble /usr/bin/cmake --install /home/alw82/ros2_ws/build/ros360_moveit
