[0.199s] Invoking command in '/home/alw82/ros2_ws/build/track_envs': CMAKE_PREFIX_PATH=/opt/ros/humble /usr/bin/cmake --build /home/alw82/ros2_ws/build/track_envs -- -j24 -l24
[0.211s] Invoked command in '/home/alw82/ros2_ws/build/track_envs' returned '0': CMAKE_PREFIX_PATH=/opt/ros/humble /usr/bin/cmake --build /home/alw82/ros2_ws/build/track_envs -- -j24 -l24
[0.225s] Invoking command in '/home/alw82/ros2_ws/build/track_envs': CMAKE_PREFIX_PATH=/opt/ros/humble /usr/bin/cmake --install /home/alw82/ros2_ws/build/track_envs
[0.227s] -- Install configuration: ""
[0.227s] -- Up-to-date: /home/alw82/ros2_ws/install/track_envs/share/track_envs//launch
[0.227s] -- Up-to-date: /home/alw82/ros2_ws/install/track_envs/share/track_envs//launch/track2.launch:Zone.Identifier
[0.228s] -- Up-to-date: /home/alw82/ros2_ws/install/track_envs/share/track_envs//launch/track1.launch:Zone.Identifier
[0.228s] -- Up-to-date: /home/alw82/ros2_ws/install/track_envs/share/track_envs//launch/track2.launch
[0.228s] -- Up-to-date: /home/alw82/ros2_ws/install/track_envs/share/track_envs//launch/track1.launch
[0.228s] -- Up-to-date: /home/alw82/ros2_ws/install/track_envs/share/track_envs//models
[0.228s] -- Up-to-date: /home/alw82/ros2_ws/install/track_envs/share/track_envs//models/RedCube
[0.228s] -- Up-to-date: /home/alw82/ros2_ws/install/track_envs/share/track_envs//models/RedCube/model.config
[0.228s] -- Up-to-date: /home/alw82/ros2_ws/install/track_envs/share/track_envs//models/RedCube/model.sdf
[0.228s] -- Up-to-date: /home/alw82/ros2_ws/install/track_envs/share/track_envs//models/RedCube/model.config:Zone.Identifier
[0.228s] -- Up-to-date: /home/alw82/ros2_ws/install/track_envs/share/track_envs//models/RedCube/model.sdf:Zone.Identifier
[0.229s] -- Up-to-date: /home/alw82/ros2_ws/install/track_envs/share/track_envs//models/GreenCube
[0.229s] -- Up-to-date: /home/alw82/ros2_ws/install/track_envs/share/track_envs//models/GreenCube/model.config
[0.229s] -- Up-to-date: /home/alw82/ros2_ws/install/track_envs/share/track_envs//models/GreenCube/model.sdf
[0.229s] -- Up-to-date: /home/alw82/ros2_ws/install/track_envs/share/track_envs//models/GreenCube/model.config:Zone.Identifier
[0.229s] -- Up-to-date: /home/alw82/ros2_ws/install/track_envs/share/track_envs//models/GreenCube/model.sdf:Zone.Identifier
[0.229s] -- Up-to-date: /home/alw82/ros2_ws/install/track_envs/share/track_envs//models/BlueCube
[0.229s] -- Up-to-date: /home/alw82/ros2_ws/install/track_envs/share/track_envs//models/BlueCube/model.config
[0.229s] -- Up-to-date: /home/alw82/ros2_ws/install/track_envs/share/track_envs//models/BlueCube/model.sdf
[0.229s] -- Up-to-date: /home/alw82/ros2_ws/install/track_envs/share/track_envs//models/BlueCube/model.config:Zone.Identifier
[0.230s] -- Up-to-date: /home/alw82/ros2_ws/install/track_envs/share/track_envs//models/BlueCube/model.sdf:Zone.Identifier
[0.230s] -- Up-to-date: /home/alw82/ros2_ws/install/track_envs/share/track_envs//models/GreenBin
[0.230s] -- Up-to-date: /home/alw82/ros2_ws/install/track_envs/share/track_envs//models/GreenBin/model.config
[0.230s] -- Up-to-date: /home/alw82/ros2_ws/install/track_envs/share/track_envs//models/GreenBin/model.sdf
[0.230s] -- Up-to-date: /home/alw82/ros2_ws/install/track_envs/share/track_envs//models/GreenBin/model.config:Zone.Identifier
[0.230s] -- Up-to-date: /home/alw82/ros2_ws/install/track_envs/share/track_envs//models/GreenBin/model.sdf:Zone.Identifier
[0.230s] -- Up-to-date: /home/alw82/ros2_ws/install/track_envs/share/track_envs//models/RaceTrackv2
[0.230s] -- Up-to-date: /home/alw82/ros2_ws/install/track_envs/share/track_envs//models/RaceTrackv2/model.config
[0.230s] -- Up-to-date: /home/alw82/ros2_ws/install/track_envs/share/track_envs//models/RaceTrackv2/model.sdf
[0.230s] -- Up-to-date: /home/alw82/ros2_ws/install/track_envs/share/track_envs//models/RaceTrackv2/model.config:Zone.Identifier
[0.230s] -- Up-to-date: /home/alw82/ros2_ws/install/track_envs/share/track_envs//models/RaceTrackv2/model.sdf:Zone.Identifier
[0.231s] -- Up-to-date: /home/alw82/ros2_ws/install/track_envs/share/track_envs//worlds
[0.231s] -- Up-to-date: /home/alw82/ros2_ws/install/track_envs/share/track_envs//worlds/track2.world
[0.231s] -- Up-to-date: /home/alw82/ros2_ws/install/track_envs/share/track_envs//worlds/scenario23.world
[0.231s] -- Up-to-date: /home/alw82/ros2_ws/install/track_envs/share/track_envs//worlds/coloured_blocks.world
[0.231s] -- Up-to-date: /home/alw82/ros2_ws/install/track_envs/share/track_envs//worlds/track1.world
[0.231s] -- Up-to-date: /home/alw82/ros2_ws/install/track_envs/share/track_envs//worlds/track2.world:Zone.Identifier
[0.232s] -- Up-to-date: /home/alw82/ros2_ws/install/track_envs/share/track_envs//worlds/track1.world:Zone.Identifier
[0.232s] -- Up-to-date: /home/alw82/ros2_ws/install/track_envs/share/track_envs//worlds/coloured_blocks.world:Zone.Identifier
[0.232s] -- Up-to-date: /home/alw82/ros2_ws/install/track_envs/share/track_envs//worlds/scenario23.world:Zone.Identifier
[0.232s] -- Up-to-date: /home/alw82/ros2_ws/install/track_envs/share/ament_index/resource_index/package_run_dependencies/track_envs
[0.232s] -- Up-to-date: /home/alw82/ros2_ws/install/track_envs/share/ament_index/resource_index/parent_prefix_path/track_envs
[0.232s] -- Up-to-date: /home/alw82/ros2_ws/install/track_envs/share/track_envs/environment/ament_prefix_path.sh
[0.232s] -- Up-to-date: /home/alw82/ros2_ws/install/track_envs/share/track_envs/environment/ament_prefix_path.dsv
[0.232s] -- Up-to-date: /home/alw82/ros2_ws/install/track_envs/share/track_envs/environment/path.sh
[0.232s] -- Up-to-date: /home/alw82/ros2_ws/install/track_envs/share/track_envs/environment/path.dsv
[0.232s] -- Up-to-date: /home/alw82/ros2_ws/install/track_envs/share/track_envs/local_setup.bash
[0.232s] -- Up-to-date: /home/alw82/ros2_ws/install/track_envs/share/track_envs/local_setup.sh
[0.233s] -- Up-to-date: /home/alw82/ros2_ws/install/track_envs/share/track_envs/local_setup.zsh
[0.233s] -- Up-to-date: /home/alw82/ros2_ws/install/track_envs/share/track_envs/local_setup.dsv
[0.233s] -- Up-to-date: /home/alw82/ros2_ws/install/track_envs/share/track_envs/package.dsv
[0.233s] -- Up-to-date: /home/alw82/ros2_ws/install/track_envs/share/ament_index/resource_index/packages/track_envs
[0.233s] -- Up-to-date: /home/alw82/ros2_ws/install/track_envs/share/track_envs/cmake/track_envsConfig.cmake
[0.233s] -- Up-to-date: /home/alw82/ros2_ws/install/track_envs/share/track_envs/cmake/track_envsConfig-version.cmake
[0.233s] -- Up-to-date: /home/alw82/ros2_ws/install/track_envs/share/track_envs/package.xml
[0.236s] Invoked command in '/home/alw82/ros2_ws/build/track_envs' returned '0': CMAKE_PREFIX_PATH=/opt/ros/humble /usr/bin/cmake --install /home/alw82/ros2_ws/build/track_envs
