/home/alw82/ros2_ws/install/opencv_tools/lib/python3.10/site-packages/opencv_tools/colourDetector.py
/home/alw82/ros2_ws/install/opencv_tools/lib/python3.10/site-packages/opencv_tools/basic_image_subscriber.py
/home/alw82/ros2_ws/install/opencv_tools/lib/python3.10/site-packages/opencv_tools/basic_image_publisher.py
/home/alw82/ros2_ws/install/opencv_tools/lib/python3.10/site-packages/opencv_tools/__init__.py
/home/alw82/ros2_ws/install/opencv_tools/lib/python3.10/site-packages/opencv_tools/__pycache__/colourDetector.cpython-310.pyc
/home/alw82/ros2_ws/install/opencv_tools/lib/python3.10/site-packages/opencv_tools/__pycache__/basic_image_subscriber.cpython-310.pyc
/home/alw82/ros2_ws/install/opencv_tools/lib/python3.10/site-packages/opencv_tools/__pycache__/basic_image_publisher.cpython-310.pyc
/home/alw82/ros2_ws/install/opencv_tools/lib/python3.10/site-packages/opencv_tools/__pycache__/__init__.cpython-310.pyc
/home/alw82/ros2_ws/install/opencv_tools/share/ament_index/resource_index/packages/opencv_tools
/home/alw82/ros2_ws/install/opencv_tools/share/opencv_tools/package.xml
/home/alw82/ros2_ws/install/opencv_tools/share/opencv_tools/launch/colour_detector.launch.xml
/home/alw82/ros2_ws/install/opencv_tools/lib/python3.10/site-packages/opencv_tools-0.0.0-py3.10.egg-info/requires.txt
/home/alw82/ros2_ws/install/opencv_tools/lib/python3.10/site-packages/opencv_tools-0.0.0-py3.10.egg-info/PKG-INFO
/home/alw82/ros2_ws/install/opencv_tools/lib/python3.10/site-packages/opencv_tools-0.0.0-py3.10.egg-info/dependency_links.txt
/home/alw82/ros2_ws/install/opencv_tools/lib/python3.10/site-packages/opencv_tools-0.0.0-py3.10.egg-info/zip-safe
/home/alw82/ros2_ws/install/opencv_tools/lib/python3.10/site-packages/opencv_tools-0.0.0-py3.10.egg-info/SOURCES.txt
/home/alw82/ros2_ws/install/opencv_tools/lib/python3.10/site-packages/opencv_tools-0.0.0-py3.10.egg-info/entry_points.txt
/home/alw82/ros2_ws/install/opencv_tools/lib/python3.10/site-packages/opencv_tools-0.0.0-py3.10.egg-info/top_level.txt
/home/alw82/ros2_ws/install/opencv_tools/lib/opencv_tools/colour_detector
/home/alw82/ros2_ws/install/opencv_tools/lib/opencv_tools/img_publisher
/home/alw82/ros2_ws/install/opencv_tools/lib/opencv_tools/img_subscriber
