[0.623s] Invoking command in '/home/alw82/ros2_ws/src/opencv_tools': PYTHONPATH=/home/alw82/ros2_ws/build/opencv_tools/prefix_override:/home/alw82/ros2_ws/install/opencv_tools/lib/python3.10/site-packages:${PYTHONPATH} /usr/bin/python3 setup.py egg_info --egg-base ../../build/opencv_tools build --build-base /home/alw82/ros2_ws/build/opencv_tools/build install --record /home/alw82/ros2_ws/build/opencv_tools/install.log --single-version-externally-managed
[0.733s] running egg_info
[0.734s] writing ../../build/opencv_tools/opencv_tools.egg-info/PKG-INFO
[0.734s] writing dependency_links to ../../build/opencv_tools/opencv_tools.egg-info/dependency_links.txt
[0.735s] writing entry points to ../../build/opencv_tools/opencv_tools.egg-info/entry_points.txt
[0.735s] writing requirements to ../../build/opencv_tools/opencv_tools.egg-info/requires.txt
[0.735s] writing top-level names to ../../build/opencv_tools/opencv_tools.egg-info/top_level.txt
[0.735s] reading manifest file '../../build/opencv_tools/opencv_tools.egg-info/SOURCES.txt'
[0.736s] writing manifest file '../../build/opencv_tools/opencv_tools.egg-info/SOURCES.txt'
[0.736s] running build
[0.736s] running build_py
[0.738s] running install
[0.738s] /usr/lib/python3/dist-packages/setuptools/command/install.py:34: SetuptoolsDeprecationWarning: setup.py install is deprecated. Use build and pip and other standards-based tools.
[0.738s]   warnings.warn(
[0.738s] running install_lib
[0.739s] running install_data
[0.740s] running install_egg_info
[0.741s] removing '/home/alw82/ros2_ws/install/opencv_tools/lib/python3.10/site-packages/opencv_tools-0.0.0-py3.10.egg-info' (and everything under it)
[0.741s] Copying ../../build/opencv_tools/opencv_tools.egg-info to /home/alw82/ros2_ws/install/opencv_tools/lib/python3.10/site-packages/opencv_tools-0.0.0-py3.10.egg-info
[0.742s] running install_scripts
[0.754s] Installing colour_detector script to /home/alw82/ros2_ws/install/opencv_tools/lib/opencv_tools
[0.754s] Installing img_publisher script to /home/alw82/ros2_ws/install/opencv_tools/lib/opencv_tools
[0.754s] Installing img_subscriber script to /home/alw82/ros2_ws/install/opencv_tools/lib/opencv_tools
[0.755s] writing list of installed files to '/home/alw82/ros2_ws/build/opencv_tools/install.log'
[0.770s] Invoked command in '/home/alw82/ros2_ws/src/opencv_tools' returned '0': PYTHONPATH=/home/alw82/ros2_ws/build/opencv_tools/prefix_override:/home/alw82/ros2_ws/install/opencv_tools/lib/python3.10/site-packages:${PYTHONPATH} /usr/bin/python3 setup.py egg_info --egg-base ../../build/opencv_tools build --build-base /home/alw82/ros2_ws/build/opencv_tools/build install --record /home/alw82/ros2_ws/build/opencv_tools/install.log --single-version-externally-managed
